Setting fixed seed: 1
Collecting env info ...
** System info **
PyTorch version: 1.10.1
Is debug build: False
CUDA used to build PyTorch: 11.3
ROCM used to build PyTorch: N/A

OS: CentOS Linux release 7.9.2009 (Core) (x86_64)
GCC version: (GCC) 8.3.0
Clang version: Could not collect
CMake version: Could not collect
Libc version: glibc-2.17

Python version: 3.7.13 (default, Mar 29 2022, 02:18:16)  [GCC 7.5.0] (64-bit runtime)
Python platform: Linux-3.10.0-1160.88.1.el7.x86_64-x86_64-with-centos-7.9.2009-Core
Is CUDA available: True
CUDA runtime version: 10.1.243
GPU models and configuration: GPU 0: Tesla V100-SXM2-32GB
Nvidia driver version: 525.105.17
cuDNN version: Could not collect
HIP runtime version: N/A
MIOpen runtime version: N/A

Versions of relevant libraries:
[pip3] numpy==1.21.5
[pip3] torch==1.10.1
[pip3] torchaudio==0.10.1
[pip3] torchvision==0.11.2
[conda] blas                      1.0                         mkl    conda-forge
[conda] cudatoolkit               11.3.1               h2bc3f7f_2  
[conda] mkl                       2021.4.0           h8d4b97c_729    conda-forge
[conda] mkl-service               2.4.0            py37h402132d_0    conda-forge
[conda] mkl_fft                   1.3.1            py37h3e078e5_1    conda-forge
[conda] mkl_random                1.2.2            py37h219a48f_0    conda-forge
[conda] numpy                     1.21.5           py37he7a7128_2  
[conda] numpy-base                1.21.5           py37hf524024_2  
[conda] pytorch                   1.10.1          py3.7_cuda11.3_cudnn8.2.0_0    pytorch
[conda] pytorch-mutex             1.0                        cuda    pytorch
[conda] torchaudio                0.10.1               py37_cu113    pytorch
[conda] torchvision               0.11.2               py37_cu113    pytorch
        Pillow (8.2.0)

['XDED', 'Vanilla']
Loading trainer: XDED
Loading dataset: PACS
Building transform_train
+ resize to 224x224
+ random flip
+ random translation
+ to torch tensor of range [0, 1]
+ normalization (mean=[0.485, 0.456, 0.406], std=[0.229, 0.224, 0.225])
Building transform_test
+ resize to 224x224
+ to torch tensor of range [0, 1]
+ normalization (mean=[0.485, 0.456, 0.406], std=[0.229, 0.224, 0.225])
***** Dataset statistics *****
  Dataset: PACS
  Source domains: ['art_painting']
  Target domains: ['photo']
  # classes: 7
  # train_x: 1,840
  # val: 208
  # test: 1,670
Building model
Backbone: resnet18_UniStyle_12
ResNet BACKBONE INITIALIZED
# params: 11,180,103
Loading evaluator: Classification
Initializing summary writer for tensorboard with log_dir=logs/photo/XDED_XDED_UniStyle12
/home/acr22hl/.conda/envs/xded/lib/python3.7/site-packages/torch/utils/data/dataloader.py:481: UserWarning: This DataLoader will create 4 worker processes in total. Our suggested max number of worker in current system is 1, which is smaller than what this DataLoader is going to create. Please be aware that excessive worker creation might get DataLoader running slow or even freeze, lower the worker number to avoid potential slowness/freeze if necessary.
  cpuset_checked))
epoch [1/100][10/57]	time 0.357 (0.717)	data 0.311 (0.362)	eta 1:07:56	loss 2.8778 (2.4471)	xded_loss 0.0726 (0.0627)	acc 0.0000 (17.8125)	lr 0.001
epoch [1/100][20/57]	time 0.162 (0.472)	data 0.089 (0.268)	eta 0:44:39	loss 2.2835 (2.4764)	xded_loss 0.0431 (0.0573)	acc 0.0000 (19.5312)	lr 0.001
epoch [1/100][30/57]	time 0.501 (0.400)	data 0.446 (0.245)	eta 0:37:46	loss 1.9963 (2.5433)	xded_loss 0.0430 (0.0544)	acc 37.5000 (18.0208)	lr 0.001
epoch [1/100][40/57]	time 0.096 (0.355)	data 0.048 (0.223)	eta 0:33:31	loss 2.1004 (2.4341)	xded_loss 0.0390 (0.0521)	acc 6.2500 (19.7656)	lr 0.001
epoch [1/100][50/57]	time 0.605 (0.339)	data 0.544 (0.219)	eta 0:31:54	loss 1.3589 (2.4064)	xded_loss 0.0474 (0.0503)	acc 78.1250 (20.5000)	lr 0.001
Do evaluation on test set
=> result
* total: 1,664
* correct: 758
* accuracy: 45.55%
* error: 54.45%
Checkpoint saved to "logs/photo/XDED_XDED_UniStyle12/model/model.pth.tar-1"
Best checkpoint saved to "logs/photo/XDED_XDED_UniStyle12/model/model-best.pth.tar"
epoch [2/100][10/57]	time 0.273 (0.331)	data 0.229 (0.268)	eta 0:31:02	loss 1.7142 (2.5811)	xded_loss 0.0484 (0.0440)	acc 37.5000 (14.0625)	lr 0.0009997532801828658
epoch [2/100][20/57]	time 0.086 (0.266)	data 0.026 (0.200)	eta 0:24:54	loss 0.8657 (2.7077)	xded_loss 0.0436 (0.0430)	acc 100.0000 (15.4688)	lr 0.0009997532801828658
epoch [2/100][30/57]	time 0.166 (0.259)	data 0.118 (0.198)	eta 0:24:12	loss 2.9492 (2.8495)	xded_loss 0.0489 (0.0429)	acc 0.0000 (15.3125)	lr 0.0009997532801828658
epoch [2/100][40/57]	time 0.068 (0.249)	data 0.002 (0.186)	eta 0:23:15	loss 3.0115 (2.7232)	xded_loss 0.0379 (0.0412)	acc 0.0000 (17.1094)	lr 0.0009997532801828658
epoch [2/100][50/57]	time 0.068 (0.251)	data 0.000 (0.186)	eta 0:23:23	loss 2.3648 (2.6238)	xded_loss 0.0354 (0.0402)	acc 0.0000 (17.5625)	lr 0.0009997532801828658
Do evaluation on test set
=> result
* total: 1,664
* correct: 633
* accuracy: 38.04%
* error: 61.96%
epoch [3/100][10/57]	time 0.163 (0.340)	data 0.096 (0.274)	eta 0:31:35	loss 2.5164 (1.8975)	xded_loss 0.0419 (0.0385)	acc 0.0000 (42.1875)	lr 0.0009990133642141358
epoch [3/100][20/57]	time 0.078 (0.268)	data 0.003 (0.202)	eta 0:24:49	loss 1.5383 (2.1483)	xded_loss 0.0395 (0.0382)	acc 40.6250 (30.9375)	lr 0.0009990133642141358
epoch [3/100][30/57]	time 0.130 (0.264)	data 0.072 (0.199)	eta 0:24:27	loss 1.8716 (2.1818)	xded_loss 0.0319 (0.0402)	acc 50.0000 (32.2917)	lr 0.0009990133642141358
epoch [3/100][40/57]	time 0.087 (0.248)	data 0.002 (0.182)	eta 0:22:54	loss 3.1951 (2.2041)	xded_loss 0.0359 (0.0410)	acc 0.0000 (32.6562)	lr 0.0009990133642141358
epoch [3/100][50/57]	time 0.174 (0.253)	data 0.111 (0.188)	eta 0:23:21	loss 1.7666 (2.1891)	xded_loss 0.0463 (0.0411)	acc 43.7500 (29.4375)	lr 0.0009990133642141358
Do evaluation on test set
=> result
* total: 1,664
* correct: 845
* accuracy: 50.78%
* error: 49.22%
Checkpoint saved to "logs/photo/XDED_XDED_UniStyle12/model/model.pth.tar-3"
Best checkpoint saved to "logs/photo/XDED_XDED_UniStyle12/model/model-best.pth.tar"
epoch [4/100][10/57]	time 0.325 (0.353)	data 0.249 (0.291)	eta 0:32:26	loss 2.4698 (2.1028)	xded_loss 0.0407 (0.0447)	acc 28.1250 (32.8125)	lr 0.00099778098230154
epoch [4/100][20/57]	time 0.070 (0.283)	data 0.000 (0.226)	eta 0:26:01	loss 2.8801 (1.9417)	xded_loss 0.0499 (0.0427)	acc 0.0000 (37.0312)	lr 0.00099778098230154
epoch [4/100][30/57]	time 0.293 (0.278)	data 0.245 (0.220)	eta 0:25:26	loss 1.4396 (2.0666)	xded_loss 0.0338 (0.0405)	acc 62.5000 (32.6042)	lr 0.00099778098230154
epoch [4/100][40/57]	time 0.079 (0.264)	data 0.002 (0.206)	eta 0:24:09	loss 2.1565 (2.1304)	xded_loss 0.0341 (0.0404)	acc 0.0000 (29.7656)	lr 0.00099778098230154
epoch [4/100][50/57]	time 0.306 (0.265)	data 0.258 (0.208)	eta 0:24:14	loss 2.9147 (2.1702)	xded_loss 0.0404 (0.0406)	acc 0.0000 (27.1875)	lr 0.00099778098230154
Do evaluation on test set
=> result
* total: 1,664
* correct: 1,084
* accuracy: 65.14%
* error: 34.86%
Checkpoint saved to "logs/photo/XDED_XDED_UniStyle12/model/model.pth.tar-4"
Best checkpoint saved to "logs/photo/XDED_XDED_UniStyle12/model/model-best.pth.tar"
epoch [5/100][10/57]	time 0.113 (0.379)	data 0.000 (0.304)	eta 0:34:29	loss 2.4106 (2.3249)	xded_loss 0.0513 (0.0410)	acc 0.0000 (26.8750)	lr 0.000996057350657239
epoch [5/100][20/57]	time 0.085 (0.296)	data 0.000 (0.224)	eta 0:26:54	loss 3.3569 (2.3489)	xded_loss 0.0518 (0.0447)	acc 0.0000 (26.2500)	lr 0.000996057350657239
epoch [5/100][30/57]	time 0.091 (0.296)	data 0.009 (0.228)	eta 0:26:53	loss 3.3580 (2.3429)	xded_loss 0.0453 (0.0450)	acc 0.0000 (24.8958)	lr 0.000996057350657239
epoch [5/100][40/57]	time 0.102 (0.278)	data 0.002 (0.210)	eta 0:25:08	loss 3.9845 (2.3115)	xded_loss 0.0368 (0.0445)	acc 0.0000 (28.2031)	lr 0.000996057350657239
epoch [5/100][50/57]	time 0.070 (0.280)	data 0.000 (0.211)	eta 0:25:18	loss 2.2052 (2.2334)	xded_loss 0.0362 (0.0439)	acc 15.6250 (27.9375)	lr 0.000996057350657239
Do evaluation on test set
=> result
* total: 1,664
* correct: 837
* accuracy: 50.30%
* error: 49.70%
epoch [6/100][10/57]	time 0.080 (0.366)	data 0.003 (0.298)	eta 0:33:00	loss 1.9966 (2.0457)	xded_loss 0.0525 (0.0423)	acc 28.1250 (30.0000)	lr 0.0009938441702975688
epoch [6/100][20/57]	time 0.085 (0.285)	data 0.001 (0.218)	eta 0:25:37	loss 1.8184 (1.9395)	xded_loss 0.0434 (0.0434)	acc 43.7500 (36.5625)	lr 0.0009938441702975688
epoch [6/100][30/57]	time 0.290 (0.278)	data 0.251 (0.214)	eta 0:24:56	loss 1.4038 (1.9444)	xded_loss 0.0362 (0.0437)	acc 50.0000 (36.1458)	lr 0.0009938441702975688
epoch [6/100][40/57]	time 0.060 (0.266)	data 0.000 (0.201)	eta 0:23:48	loss 1.2064 (2.0135)	xded_loss 0.0527 (0.0439)	acc 81.2500 (37.8125)	lr 0.0009938441702975688
epoch [6/100][50/57]	time 0.317 (0.267)	data 0.251 (0.201)	eta 0:23:50	loss 2.4663 (2.1993)	xded_loss 0.0395 (0.0448)	acc 0.0000 (33.5625)	lr 0.0009938441702975688
Do evaluation on test set
=> result
* total: 1,664
* correct: 1,030
* accuracy: 61.90%
* error: 38.10%
epoch [7/100][10/57]	time 0.306 (0.343)	data 0.245 (0.282)	eta 0:30:34	loss 2.4747 (1.9670)	xded_loss 0.0515 (0.0409)	acc 28.1250 (32.8125)	lr 0.0009911436253643444
epoch [7/100][20/57]	time 0.057 (0.279)	data 0.001 (0.216)	eta 0:24:50	loss 2.2277 (1.9250)	xded_loss 0.0431 (0.0419)	acc 15.6250 (32.9688)	lr 0.0009911436253643444
epoch [7/100][30/57]	time 0.194 (0.273)	data 0.122 (0.211)	eta 0:24:16	loss 1.6878 (1.9239)	xded_loss 0.0416 (0.0425)	acc 50.0000 (32.9167)	lr 0.0009911436253643444
epoch [7/100][40/57]	time 0.083 (0.261)	data 0.005 (0.197)	eta 0:23:05	loss 3.0892 (1.9142)	xded_loss 0.0476 (0.0440)	acc 3.1250 (34.0625)	lr 0.0009911436253643444
epoch [7/100][50/57]	time 0.174 (0.263)	data 0.081 (0.199)	eta 0:23:18	loss 2.2712 (1.9766)	xded_loss 0.0378 (0.0449)	acc 3.1250 (32.5625)	lr 0.0009911436253643444
Do evaluation on test set
=> result
* total: 1,664
* correct: 669
* accuracy: 40.20%
* error: 59.80%
epoch [8/100][10/57]	time 0.140 (0.340)	data 0.095 (0.273)	eta 0:29:59	loss 0.9805 (2.2527)	xded_loss 0.0370 (0.0464)	acc 90.6250 (30.6250)	lr 0.0009879583809693736
epoch [8/100][20/57]	time 0.073 (0.277)	data 0.001 (0.212)	eta 0:24:21	loss 2.5990 (2.1049)	xded_loss 0.0389 (0.0470)	acc 0.0000 (30.7812)	lr 0.0009879583809693736
epoch [8/100][30/57]	time 0.415 (0.272)	data 0.368 (0.207)	eta 0:23:56	loss 0.8371 (2.0375)	xded_loss 0.0449 (0.0450)	acc 100.0000 (33.5417)	lr 0.0009879583809693736
epoch [8/100][40/57]	time 0.052 (0.255)	data 0.006 (0.188)	eta 0:22:20	loss 1.9064 (2.0174)	xded_loss 0.0359 (0.0427)	acc 50.0000 (34.8438)	lr 0.0009879583809693736
epoch [8/100][50/57]	time 0.152 (0.255)	data 0.076 (0.189)	eta 0:22:20	loss 1.5574 (1.9914)	xded_loss 0.0446 (0.0412)	acc 65.6250 (36.0000)	lr 0.0009879583809693736
Do evaluation on test set
=> result
* total: 1,664
* correct: 998
* accuracy: 59.98%
* error: 40.02%
epoch [9/100][10/57]	time 0.175 (0.366)	data 0.097 (0.292)	eta 0:31:54	loss 1.9709 (2.1347)	xded_loss 0.0390 (0.0486)	acc 46.8750 (34.6875)	lr 0.0009842915805643154
epoch [9/100][20/57]	time 0.083 (0.304)	data 0.001 (0.230)	eta 0:26:27	loss 1.9310 (1.8925)	xded_loss 0.0358 (0.0434)	acc 21.8750 (41.2500)	lr 0.0009842915805643154
epoch [9/100][30/57]	time 0.073 (0.296)	data 0.000 (0.225)	eta 0:25:43	loss 1.9681 (1.8756)	xded_loss 0.0332 (0.0409)	acc 31.2500 (41.8750)	lr 0.0009842915805643154
epoch [9/100][40/57]	time 0.082 (0.278)	data 0.000 (0.210)	eta 0:24:07	loss 3.4070 (2.0013)	xded_loss 0.0486 (0.0405)	acc 0.0000 (35.1562)	lr 0.0009842915805643154
epoch [9/100][50/57]	time 0.086 (0.279)	data 0.000 (0.210)	eta 0:24:08	loss 1.3036 (1.9881)	xded_loss 0.0339 (0.0400)	acc 53.1250 (34.7500)	lr 0.0009842915805643154
Do evaluation on test set
=> result
* total: 1,664
* correct: 1,006
* accuracy: 60.46%
* error: 39.54%
epoch [10/100][10/57]	time 0.087 (0.374)	data 0.000 (0.307)	eta 0:32:16	loss 2.0648 (2.2300)	xded_loss 0.0673 (0.0427)	acc 34.3750 (32.8125)	lr 0.0009801468428384714
epoch [10/100][20/57]	time 0.084 (0.298)	data 0.002 (0.232)	eta 0:25:40	loss 0.9382 (2.1140)	xded_loss 0.0286 (0.0403)	acc 78.1250 (34.8438)	lr 0.0009801468428384714
epoch [10/100][30/57]	time 0.319 (0.291)	data 0.262 (0.226)	eta 0:24:59	loss 1.9744 (2.0297)	xded_loss 0.0333 (0.0393)	acc 0.0000 (36.3542)	lr 0.0009801468428384714
epoch [10/100][40/57]	time 0.063 (0.275)	data 0.000 (0.211)	eta 0:23:37	loss 1.4625 (2.0051)	xded_loss 0.0364 (0.0386)	acc 59.3750 (36.6406)	lr 0.0009801468428384714
epoch [10/100][50/57]	time 0.166 (0.274)	data 0.095 (0.210)	eta 0:23:30	loss 1.6312 (1.9780)	xded_loss 0.0412 (0.0394)	acc 31.2500 (35.4375)	lr 0.0009801468428384714
Do evaluation on test set
=> result
* total: 1,664
* correct: 804
* accuracy: 48.32%
* error: 51.68%
epoch [11/100][10/57]	time 0.311 (0.352)	data 0.259 (0.290)	eta 0:29:59	loss 2.4215 (1.9231)	xded_loss 0.0460 (0.0430)	acc 37.5000 (41.2500)	lr 0.0009755282581475767
epoch [11/100][20/57]	time 0.105 (0.285)	data 0.000 (0.218)	eta 0:24:18	loss 1.7725 (1.9244)	xded_loss 0.0307 (0.0433)	acc 37.5000 (40.4688)	lr 0.0009755282581475767
epoch [11/100][30/57]	time 0.080 (0.278)	data 0.001 (0.212)	eta 0:23:37	loss 1.2003 (1.8122)	xded_loss 0.0483 (0.0433)	acc 90.6250 (46.8750)	lr 0.0009755282581475767
epoch [11/100][40/57]	time 0.085 (0.260)	data 0.001 (0.193)	eta 0:22:04	loss 1.3544 (1.7594)	xded_loss 0.0419 (0.0430)	acc 56.2500 (49.6094)	lr 0.0009755282581475767
epoch [11/100][50/57]	time 0.080 (0.264)	data 0.000 (0.195)	eta 0:22:22	loss 1.0352 (1.7140)	xded_loss 0.0586 (0.0445)	acc 93.7500 (50.3750)	lr 0.0009755282581475767
Do evaluation on test set
=> result
* total: 1,664
* correct: 1,087
* accuracy: 65.32%
* error: 34.68%
Checkpoint saved to "logs/photo/XDED_XDED_UniStyle12/model/model.pth.tar-11"
Best checkpoint saved to "logs/photo/XDED_XDED_UniStyle12/model/model-best.pth.tar"
epoch [12/100][10/57]	time 0.264 (0.342)	data 0.217 (0.272)	eta 0:28:52	loss 0.8619 (1.7587)	xded_loss 0.0446 (0.0459)	acc 96.8750 (37.5000)	lr 0.0009704403844771127
epoch [12/100][20/57]	time 0.171 (0.274)	data 0.103 (0.209)	eta 0:23:03	loss 2.0286 (1.9810)	xded_loss 0.0422 (0.0516)	acc 25.0000 (33.1250)	lr 0.0009704403844771127
epoch [12/100][30/57]	time 0.275 (0.271)	data 0.227 (0.209)	eta 0:22:47	loss 1.3810 (1.8464)	xded_loss 0.0682 (0.0505)	acc 81.2500 (40.3125)	lr 0.0009704403844771127
epoch [12/100][40/57]	time 0.062 (0.258)	data 0.000 (0.196)	eta 0:21:37	loss 1.8685 (1.7432)	xded_loss 0.0706 (0.0504)	acc 40.6250 (46.3281)	lr 0.0009704403844771127
epoch [12/100][50/57]	time 0.129 (0.262)	data 0.063 (0.200)	eta 0:21:53	loss 1.2551 (1.6732)	xded_loss 0.0504 (0.0503)	acc 50.0000 (48.7500)	lr 0.0009704403844771127
Do evaluation on test set
=> result
* total: 1,664
* correct: 1,133
* accuracy: 68.09%
* error: 31.91%
Checkpoint saved to "logs/photo/XDED_XDED_UniStyle12/model/model.pth.tar-12"
Best checkpoint saved to "logs/photo/XDED_XDED_UniStyle12/model/model-best.pth.tar"
epoch [13/100][10/57]	time 0.166 (0.325)	data 0.087 (0.260)	eta 0:27:04	loss 2.0759 (1.9733)	xded_loss 0.0406 (0.0494)	acc 3.1250 (24.0625)	lr 0.0009648882429441257
epoch [13/100][20/57]	time 0.135 (0.268)	data 0.079 (0.208)	eta 0:22:20	loss 0.9747 (1.8075)	xded_loss 0.0534 (0.0498)	acc 81.2500 (36.5625)	lr 0.0009648882429441257
epoch [13/100][30/57]	time 0.092 (0.267)	data 0.001 (0.204)	eta 0:22:11	loss 0.8249 (1.7774)	xded_loss 0.0626 (0.0522)	acc 96.8750 (40.9375)	lr 0.0009648882429441257
epoch [13/100][40/57]	time 0.078 (0.250)	data 0.005 (0.184)	eta 0:20:41	loss 1.2482 (1.6898)	xded_loss 0.0355 (0.0531)	acc 46.8750 (46.7969)	lr 0.0009648882429441257
epoch [13/100][50/57]	time 0.115 (0.254)	data 0.000 (0.186)	eta 0:21:02	loss 1.2710 (1.7041)	xded_loss 0.0501 (0.0516)	acc 75.0000 (47.2500)	lr 0.0009648882429441257
Do evaluation on test set
=> result
* total: 1,664
* correct: 714
* accuracy: 42.91%
* error: 57.09%
epoch [14/100][10/57]	time 0.161 (0.354)	data 0.122 (0.287)	eta 0:29:11	loss 1.0061 (1.4446)	xded_loss 0.0538 (0.0521)	acc 93.7500 (61.2500)	lr 0.0009588773128419905
epoch [14/100][20/57]	time 0.069 (0.286)	data 0.001 (0.217)	eta 0:23:30	loss 1.8990 (1.5590)	xded_loss 0.0406 (0.0518)	acc 6.2500 (53.7500)	lr 0.0009588773128419905
epoch [14/100][30/57]	time 0.190 (0.285)	data 0.141 (0.216)	eta 0:23:26	loss 1.2167 (1.6115)	xded_loss 0.0575 (0.0528)	acc 50.0000 (49.7917)	lr 0.0009588773128419905
epoch [14/100][40/57]	time 0.087 (0.270)	data 0.000 (0.200)	eta 0:22:08	loss 5.2587 (1.8367)	xded_loss 0.0518 (0.0531)	acc 0.0000 (48.4375)	lr 0.0009588773128419905
epoch [14/100][50/57]	time 0.098 (0.274)	data 0.000 (0.204)	eta 0:22:23	loss 2.1169 (1.8815)	xded_loss 0.0422 (0.0523)	acc 50.0000 (47.1250)	lr 0.0009588773128419905
Do evaluation on test set
=> result
* total: 1,664
* correct: 1,303
* accuracy: 78.31%
* error: 21.69%
Checkpoint saved to "logs/photo/XDED_XDED_UniStyle12/model/model.pth.tar-14"
Best checkpoint saved to "logs/photo/XDED_XDED_UniStyle12/model/model-best.pth.tar"
epoch [15/100][10/57]	time 0.110 (0.373)	data 0.005 (0.298)	eta 0:30:26	loss 2.1728 (1.5887)	xded_loss 0.0617 (0.0499)	acc 0.0000 (42.8125)	lr 0.0009524135262330098
epoch [15/100][20/57]	time 0.066 (0.297)	data 0.000 (0.223)	eta 0:24:11	loss 1.7637 (1.6410)	xded_loss 0.0627 (0.0495)	acc 46.8750 (50.0000)	lr 0.0009524135262330098
epoch [15/100][30/57]	time 0.126 (0.288)	data 0.089 (0.212)	eta 0:23:25	loss 1.2134 (1.6688)	xded_loss 0.0459 (0.0511)	acc 53.1250 (47.3958)	lr 0.0009524135262330098
epoch [15/100][40/57]	time 0.055 (0.277)	data 0.009 (0.204)	eta 0:22:26	loss 1.5715 (1.6183)	xded_loss 0.0485 (0.0525)	acc 46.8750 (50.2344)	lr 0.0009524135262330098
epoch [15/100][50/57]	time 0.074 (0.283)	data 0.005 (0.210)	eta 0:22:50	loss 0.7009 (1.6265)	xded_loss 0.0369 (0.0534)	acc 100.0000 (51.0000)	lr 0.0009524135262330098
Do evaluation on test set
=> result
* total: 1,664
* correct: 1,237
* accuracy: 74.34%
* error: 25.66%
epoch [16/100][10/57]	time 0.069 (0.377)	data 0.001 (0.291)	eta 0:30:23	loss 1.8876 (1.6691)	xded_loss 0.0697 (0.0560)	acc 46.8750 (55.6250)	lr 0.0009455032620941839
epoch [16/100][20/57]	time 0.086 (0.297)	data 0.001 (0.213)	eta 0:23:54	loss 1.2570 (1.7055)	xded_loss 0.0504 (0.0547)	acc 65.6250 (53.9062)	lr 0.0009455032620941839
epoch [16/100][30/57]	time 0.154 (0.291)	data 0.101 (0.212)	eta 0:23:22	loss 1.8103 (1.6207)	xded_loss 0.0453 (0.0546)	acc 37.5000 (56.2500)	lr 0.0009455032620941839
epoch [16/100][40/57]	time 0.087 (0.274)	data 0.004 (0.196)	eta 0:21:58	loss 2.3351 (1.6024)	xded_loss 0.0549 (0.0538)	acc 3.1250 (55.6250)	lr 0.0009455032620941839
epoch [16/100][50/57]	time 0.159 (0.273)	data 0.056 (0.197)	eta 0:21:51	loss 1.2246 (1.5818)	xded_loss 0.0557 (0.0533)	acc 81.2500 (56.3750)	lr 0.0009455032620941839
Do evaluation on test set
=> result
* total: 1,664
* correct: 1,514
* accuracy: 90.99%
* error: 9.01%
Checkpoint saved to "logs/photo/XDED_XDED_UniStyle12/model/model.pth.tar-16"
Best checkpoint saved to "logs/photo/XDED_XDED_UniStyle12/model/model-best.pth.tar"
epoch [17/100][10/57]	time 0.076 (0.359)	data 0.005 (0.292)	eta 0:28:35	loss 1.5787 (1.5436)	xded_loss 0.0556 (0.0595)	acc 56.2500 (62.1875)	lr 0.0009381533400219318
epoch [17/100][20/57]	time 0.088 (0.280)	data 0.000 (0.210)	eta 0:22:14	loss 2.3305 (1.4612)	xded_loss 0.0574 (0.0547)	acc 50.0000 (63.5938)	lr 0.0009381533400219318
epoch [17/100][30/57]	time 0.172 (0.274)	data 0.092 (0.208)	eta 0:21:43	loss 2.4595 (1.7372)	xded_loss 0.0673 (0.0551)	acc 0.0000 (50.2083)	lr 0.0009381533400219318
epoch [17/100][40/57]	time 0.168 (0.263)	data 0.125 (0.198)	eta 0:20:49	loss 0.6625 (1.7380)	xded_loss 0.0403 (0.0553)	acc 93.7500 (49.5312)	lr 0.0009381533400219318
epoch [17/100][50/57]	time 0.085 (0.266)	data 0.000 (0.199)	eta 0:21:00	loss 1.5209 (1.7608)	xded_loss 0.0501 (0.0550)	acc 50.0000 (49.4375)	lr 0.0009381533400219318
Do evaluation on test set
=> result
* total: 1,664
* correct: 1,377
* accuracy: 82.75%
* error: 17.25%
epoch [18/100][10/57]	time 0.142 (0.346)	data 0.093 (0.280)	eta 0:27:13	loss 1.4157 (1.3564)	xded_loss 0.0551 (0.0532)	acc 62.5000 (67.8125)	lr 0.0009303710135019719
epoch [18/100][20/57]	time 0.085 (0.283)	data 0.041 (0.216)	eta 0:22:10	loss 2.9662 (1.4967)	xded_loss 0.0802 (0.0546)	acc 3.1250 (58.2812)	lr 0.0009303710135019719
epoch [18/100][30/57]	time 0.109 (0.281)	data 0.000 (0.216)	eta 0:22:01	loss 1.7836 (1.4975)	xded_loss 0.0437 (0.0574)	acc 46.8750 (60.4167)	lr 0.0009303710135019719
epoch [18/100][40/57]	time 0.061 (0.265)	data 0.002 (0.198)	eta 0:20:44	loss 2.5197 (1.6798)	xded_loss 0.0691 (0.0586)	acc 3.1250 (53.0469)	lr 0.0009303710135019719
epoch [18/100][50/57]	time 0.055 (0.265)	data 0.002 (0.196)	eta 0:20:39	loss 1.9633 (1.6957)	xded_loss 0.0504 (0.0590)	acc 43.7500 (50.9375)	lr 0.0009303710135019719
Do evaluation on test set
=> result
* total: 1,664
* correct: 1,541
* accuracy: 92.61%
* error: 7.39%
Checkpoint saved to "logs/photo/XDED_XDED_UniStyle12/model/model.pth.tar-18"
Best checkpoint saved to "logs/photo/XDED_XDED_UniStyle12/model/model-best.pth.tar"
epoch [19/100][10/57]	time 0.358 (0.349)	data 0.309 (0.282)	eta 0:27:07	loss 2.8556 (1.2962)	xded_loss 0.0674 (0.0570)	acc 0.0000 (75.0000)	lr 0.0009221639627510076
epoch [19/100][20/57]	time 0.081 (0.290)	data 0.002 (0.220)	eta 0:22:29	loss 0.6522 (1.4283)	xded_loss 0.0313 (0.0556)	acc 100.0000 (66.2500)	lr 0.0009221639627510076
epoch [19/100][30/57]	time 0.257 (0.287)	data 0.220 (0.217)	eta 0:22:14	loss 2.1868 (1.3241)	xded_loss 0.0511 (0.0541)	acc 50.0000 (71.5625)	lr 0.0009221639627510076
epoch [19/100][40/57]	time 0.070 (0.271)	data 0.002 (0.201)	eta 0:20:56	loss 1.0551 (1.4005)	xded_loss 0.0470 (0.0541)	acc 84.3750 (67.1094)	lr 0.0009221639627510076
epoch [19/100][50/57]	time 0.309 (0.280)	data 0.262 (0.213)	eta 0:21:34	loss 1.0862 (1.4160)	xded_loss 0.0385 (0.0533)	acc 62.5000 (64.8750)	lr 0.0009221639627510076
Do evaluation on test set
=> result
* total: 1,664
* correct: 1,012
* accuracy: 60.82%
* error: 39.18%
epoch [20/100][10/57]	time 0.053 (0.375)	data 0.000 (0.314)	eta 0:28:46	loss 2.1723 (1.4077)	xded_loss 0.0588 (0.0621)	acc 50.0000 (62.1875)	lr 0.000913540287137281
epoch [20/100][20/57]	time 0.111 (0.303)	data 0.000 (0.233)	eta 0:23:11	loss 0.7528 (1.6799)	xded_loss 0.0553 (0.0576)	acc 96.8750 (59.2188)	lr 0.000913540287137281
epoch [20/100][30/57]	time 0.085 (0.294)	data 0.020 (0.224)	eta 0:22:26	loss 0.9826 (1.5029)	xded_loss 0.0442 (0.0572)	acc 81.2500 (63.7500)	lr 0.000913540287137281
epoch [20/100][40/57]	time 0.081 (0.274)	data 0.001 (0.201)	eta 0:20:52	loss 1.3232 (1.6373)	xded_loss 0.0457 (0.0597)	acc 50.0000 (56.6406)	lr 0.000913540287137281
epoch [20/100][50/57]	time 0.077 (0.282)	data 0.002 (0.210)	eta 0:21:26	loss 0.9372 (1.5121)	xded_loss 0.0387 (0.0572)	acc 65.6250 (61.3125)	lr 0.000913540287137281
Do evaluation on test set
=> result
* total: 1,664
* correct: 1,136
* accuracy: 68.27%
* error: 31.73%
epoch [21/100][10/57]	time 0.329 (0.396)	data 0.265 (0.323)	eta 0:30:01	loss 0.9239 (1.2202)	xded_loss 0.0522 (0.0532)	acc 81.2500 (68.7500)	lr 0.0009045084971874739
epoch [21/100][20/57]	time 0.106 (0.303)	data 0.000 (0.224)	eta 0:22:55	loss 3.4898 (1.3553)	xded_loss 0.0419 (0.0532)	acc 0.0000 (61.7188)	lr 0.0009045084971874739
epoch [21/100][30/57]	time 0.222 (0.298)	data 0.153 (0.219)	eta 0:22:31	loss 1.7812 (1.3751)	xded_loss 0.0742 (0.0542)	acc 31.2500 (61.4583)	lr 0.0009045084971874739
epoch [21/100][40/57]	time 0.135 (0.284)	data 0.020 (0.206)	eta 0:21:22	loss 1.2412 (1.4406)	xded_loss 0.0456 (0.0569)	acc 78.1250 (60.8594)	lr 0.0009045084971874739
epoch [21/100][50/57]	time 0.063 (0.280)	data 0.000 (0.205)	eta 0:21:01	loss 1.4140 (1.4566)	xded_loss 0.0519 (0.0564)	acc 78.1250 (61.5625)	lr 0.0009045084971874739
Do evaluation on test set
=> result
* total: 1,664
* correct: 1,375
* accuracy: 82.63%
* error: 17.37%
epoch [22/100][10/57]	time 0.148 (0.337)	data 0.108 (0.272)	eta 0:25:15	loss 1.4351 (1.3488)	xded_loss 0.0675 (0.0565)	acc 71.8750 (65.6250)	lr 0.0008950775061878452
epoch [22/100][20/57]	time 0.147 (0.279)	data 0.094 (0.220)	eta 0:20:49	loss 1.6642 (1.4271)	xded_loss 0.0472 (0.0559)	acc 34.3750 (64.0625)	lr 0.0008950775061878452
epoch [22/100][30/57]	time 0.167 (0.279)	data 0.090 (0.220)	eta 0:20:45	loss 0.8515 (1.4107)	xded_loss 0.0420 (0.0578)	acc 96.8750 (64.4792)	lr 0.0008950775061878452
epoch [22/100][40/57]	time 0.091 (0.266)	data 0.000 (0.206)	eta 0:19:49	loss 0.8369 (1.4438)	xded_loss 0.0757 (0.0589)	acc 93.7500 (62.5781)	lr 0.0008950775061878452
epoch [22/100][50/57]	time 0.287 (0.270)	data 0.217 (0.209)	eta 0:20:02	loss 1.2241 (1.5117)	xded_loss 0.0452 (0.0588)	acc 62.5000 (58.1250)	lr 0.0008950775061878452
Do evaluation on test set
=> result
* total: 1,664
* correct: 1,144
* accuracy: 68.75%
* error: 31.25%
epoch [23/100][10/57]	time 0.080 (0.360)	data 0.000 (0.292)	eta 0:26:39	loss 2.0285 (1.3667)	xded_loss 0.0437 (0.0605)	acc 50.0000 (68.1250)	lr 0.0008852566213878947
epoch [23/100][20/57]	time 0.069 (0.289)	data 0.000 (0.222)	eta 0:21:20	loss 1.6719 (1.2604)	xded_loss 0.0698 (0.0593)	acc 53.1250 (72.8125)	lr 0.0008852566213878947
epoch [23/100][30/57]	time 0.151 (0.280)	data 0.111 (0.216)	eta 0:20:37	loss 1.1938 (1.2863)	xded_loss 0.0612 (0.0587)	acc 62.5000 (72.0833)	lr 0.0008852566213878947
epoch [23/100][40/57]	time 0.083 (0.264)	data 0.000 (0.200)	eta 0:19:23	loss 1.3155 (1.3209)	xded_loss 0.0632 (0.0605)	acc 53.1250 (69.8438)	lr 0.0008852566213878947
epoch [23/100][50/57]	time 0.406 (0.267)	data 0.342 (0.203)	eta 0:19:34	loss 1.0683 (1.3153)	xded_loss 0.0487 (0.0596)	acc 68.7500 (68.0625)	lr 0.0008852566213878947
Do evaluation on test set
=> result
* total: 1,664
* correct: 1,569
* accuracy: 94.29%
* error: 5.71%
Checkpoint saved to "logs/photo/XDED_XDED_UniStyle12/model/model.pth.tar-23"
Best checkpoint saved to "logs/photo/XDED_XDED_UniStyle12/model/model-best.pth.tar"
epoch [24/100][10/57]	time 0.109 (0.360)	data 0.000 (0.277)	eta 0:26:16	loss 0.8847 (1.6431)	xded_loss 0.0480 (0.0668)	acc 96.8750 (59.0625)	lr 0.0008750555348152298
epoch [24/100][20/57]	time 0.140 (0.274)	data 0.074 (0.203)	eta 0:19:57	loss 2.7488 (1.7036)	xded_loss 0.0657 (0.0616)	acc 9.3750 (59.3750)	lr 0.0008750555348152298
epoch [24/100][30/57]	time 0.084 (0.276)	data 0.002 (0.207)	eta 0:20:02	loss 0.7357 (1.5183)	xded_loss 0.0372 (0.0592)	acc 100.0000 (64.8958)	lr 0.0008750555348152298
epoch [24/100][40/57]	time 0.065 (0.267)	data 0.000 (0.198)	eta 0:19:22	loss 1.2399 (1.4185)	xded_loss 0.0653 (0.0583)	acc 75.0000 (69.2188)	lr 0.0008750555348152298
epoch [24/100][50/57]	time 0.077 (0.274)	data 0.001 (0.204)	eta 0:19:48	loss 1.5741 (1.3838)	xded_loss 0.0727 (0.0575)	acc 62.5000 (70.2500)	lr 0.0008750555348152298
Do evaluation on test set
=> result
* total: 1,664
* correct: 1,154
* accuracy: 69.35%
* error: 30.65%
epoch [25/100][10/57]	time 0.266 (0.373)	data 0.225 (0.296)	eta 0:26:53	loss 1.0823 (1.2266)	xded_loss 0.0439 (0.0559)	acc 84.3750 (69.6875)	lr 0.0008644843137107057
epoch [25/100][20/57]	time 0.066 (0.296)	data 0.001 (0.224)	eta 0:21:16	loss 0.6102 (1.1342)	xded_loss 0.0532 (0.0551)	acc 100.0000 (77.0312)	lr 0.0008644843137107057
epoch [25/100][30/57]	time 0.316 (0.296)	data 0.263 (0.230)	eta 0:21:13	loss 3.5838 (1.3106)	xded_loss 0.0578 (0.0562)	acc 0.0000 (68.8542)	lr 0.0008644843137107057
epoch [25/100][40/57]	time 0.163 (0.279)	data 0.078 (0.214)	eta 0:19:56	loss 1.5165 (1.4167)	xded_loss 0.0445 (0.0578)	acc 53.1250 (63.8281)	lr 0.0008644843137107057
epoch [25/100][50/57]	time 0.180 (0.281)	data 0.122 (0.219)	eta 0:20:03	loss 1.1678 (1.4183)	xded_loss 0.0554 (0.0572)	acc 87.5000 (62.6875)	lr 0.0008644843137107057
Do evaluation on test set
=> result
* total: 1,664
* correct: 1,384
* accuracy: 83.17%
* error: 16.83%
epoch [26/100][10/57]	time 0.077 (0.373)	data 0.000 (0.303)	eta 0:26:31	loss 1.0545 (1.3349)	xded_loss 0.0671 (0.0567)	acc 93.7500 (63.7500)	lr 0.0008535533905932737
epoch [26/100][20/57]	time 0.111 (0.295)	data 0.000 (0.223)	eta 0:20:53	loss 1.6314 (1.3608)	xded_loss 0.0605 (0.0595)	acc 43.7500 (62.1875)	lr 0.0008535533905932737
epoch [26/100][30/57]	time 0.068 (0.297)	data 0.000 (0.225)	eta 0:20:59	loss 1.4555 (1.3673)	xded_loss 0.0469 (0.0575)	acc 59.3750 (62.6042)	lr 0.0008535533905932737
epoch [26/100][40/57]	time 0.136 (0.272)	data 0.072 (0.200)	eta 0:19:12	loss 1.1397 (1.2950)	xded_loss 0.0659 (0.0573)	acc 56.2500 (63.8281)	lr 0.0008535533905932737
epoch [26/100][50/57]	time 0.078 (0.276)	data 0.000 (0.203)	eta 0:19:24	loss 0.8242 (1.2493)	xded_loss 0.0454 (0.0574)	acc 71.8750 (67.4375)	lr 0.0008535533905932737
Do evaluation on test set
=> result
* total: 1,664
* correct: 1,510
* accuracy: 90.75%
* error: 9.25%
epoch [27/100][10/57]	time 0.147 (0.343)	data 0.099 (0.287)	eta 0:24:01	loss 1.5737 (1.4252)	xded_loss 0.1268 (0.0746)	acc 71.8750 (65.6250)	lr 0.0008422735529643444
epoch [27/100][20/57]	time 0.099 (0.284)	data 0.057 (0.223)	eta 0:19:52	loss 1.4855 (1.7955)	xded_loss 0.0553 (0.0658)	acc 75.0000 (56.4062)	lr 0.0008422735529643444
epoch [27/100][30/57]	time 0.436 (0.287)	data 0.390 (0.227)	eta 0:20:00	loss 1.1668 (1.7345)	xded_loss 0.0666 (0.0622)	acc 87.5000 (53.8542)	lr 0.0008422735529643444
epoch [27/100][40/57]	time 0.077 (0.264)	data 0.005 (0.203)	eta 0:18:21	loss 0.8023 (1.5836)	xded_loss 0.0450 (0.0594)	acc 96.8750 (59.1406)	lr 0.0008422735529643444
epoch [27/100][50/57]	time 0.143 (0.264)	data 0.090 (0.203)	eta 0:18:21	loss 1.1205 (1.4852)	xded_loss 0.0482 (0.0574)	acc 96.8750 (63.8750)	lr 0.0008422735529643444
Do evaluation on test set
=> result
* total: 1,664
* correct: 1,522
* accuracy: 91.47%
* error: 8.53%
epoch [28/100][10/57]	time 0.167 (0.352)	data 0.110 (0.280)	eta 0:24:20	loss 1.5922 (1.3573)	xded_loss 0.0460 (0.0688)	acc 43.7500 (66.2500)	lr 0.0008306559326618259
epoch [28/100][20/57]	time 0.073 (0.286)	data 0.004 (0.219)	eta 0:19:45	loss 2.8100 (1.3278)	xded_loss 0.0686 (0.0627)	acc 0.0000 (69.5312)	lr 0.0008306559326618259
epoch [28/100][30/57]	time 0.081 (0.280)	data 0.002 (0.211)	eta 0:19:17	loss 1.0968 (1.1819)	xded_loss 0.0682 (0.0598)	acc 96.8750 (76.4583)	lr 0.0008306559326618259
epoch [28/100][40/57]	time 0.067 (0.264)	data 0.000 (0.194)	eta 0:18:08	loss 0.4777 (1.1804)	xded_loss 0.0481 (0.0589)	acc 100.0000 (75.8594)	lr 0.0008306559326618259
epoch [28/100][50/57]	time 0.076 (0.261)	data 0.003 (0.192)	eta 0:17:53	loss 0.8948 (1.1841)	xded_loss 0.0430 (0.0572)	acc 87.5000 (76.6875)	lr 0.0008306559326618259
Do evaluation on test set
=> result
* total: 1,664
* correct: 1,583
* accuracy: 95.13%
* error: 4.87%
Checkpoint saved to "logs/photo/XDED_XDED_UniStyle12/model/model.pth.tar-28"
Best checkpoint saved to "logs/photo/XDED_XDED_UniStyle12/model/model-best.pth.tar"
epoch [29/100][10/57]	time 0.080 (0.372)	data 0.000 (0.304)	eta 0:25:21	loss 0.8825 (1.2224)	xded_loss 0.0504 (0.0638)	acc 90.6250 (80.3125)	lr 0.0008187119948743449
epoch [29/100][20/57]	time 0.056 (0.278)	data 0.000 (0.205)	eta 0:18:57	loss 1.3741 (1.3976)	xded_loss 0.0482 (0.0577)	acc 68.7500 (70.0000)	lr 0.0008187119948743449
epoch [29/100][30/57]	time 0.051 (0.273)	data 0.000 (0.199)	eta 0:18:32	loss 0.8280 (1.2822)	xded_loss 0.0509 (0.0559)	acc 93.7500 (71.7708)	lr 0.0008187119948743449
epoch [29/100][40/57]	time 0.077 (0.268)	data 0.001 (0.195)	eta 0:18:08	loss 1.1824 (1.3506)	xded_loss 0.0617 (0.0576)	acc 90.6250 (69.7656)	lr 0.0008187119948743449
epoch [29/100][50/57]	time 0.317 (0.274)	data 0.261 (0.201)	eta 0:18:32	loss 0.8282 (1.2973)	xded_loss 0.0458 (0.0582)	acc 96.8750 (73.1250)	lr 0.0008187119948743449
Do evaluation on test set
=> result
* total: 1,664
* correct: 1,501
* accuracy: 90.20%
* error: 9.80%
epoch [30/100][10/57]	time 0.293 (0.390)	data 0.245 (0.321)	eta 0:26:14	loss 1.0101 (0.9925)	xded_loss 0.0691 (0.0532)	acc 84.3750 (85.6250)	lr 0.0008064535268264883
epoch [30/100][20/57]	time 0.081 (0.307)	data 0.003 (0.238)	eta 0:20:35	loss 0.7841 (0.9662)	xded_loss 0.0525 (0.0554)	acc 96.8750 (87.3438)	lr 0.0008064535268264883
epoch [30/100][30/57]	time 0.453 (0.302)	data 0.407 (0.239)	eta 0:20:14	loss 0.8516 (1.0506)	xded_loss 0.0418 (0.0550)	acc 100.0000 (83.5417)	lr 0.0008064535268264883
epoch [30/100][40/57]	time 0.077 (0.282)	data 0.000 (0.218)	eta 0:18:50	loss 0.8434 (1.0744)	xded_loss 0.0548 (0.0574)	acc 96.8750 (83.6719)	lr 0.0008064535268264883
epoch [30/100][50/57]	time 0.158 (0.282)	data 0.092 (0.218)	eta 0:18:47	loss 0.8253 (1.0348)	xded_loss 0.0735 (0.0569)	acc 96.8750 (85.0000)	lr 0.0008064535268264883
Do evaluation on test set
=> result
* total: 1,664
* correct: 1,572
* accuracy: 94.47%
* error: 5.53%
epoch [31/100][10/57]	time 0.318 (0.398)	data 0.268 (0.318)	eta 0:26:23	loss 0.5477 (1.0572)	xded_loss 0.0514 (0.0577)	acc 100.0000 (76.8750)	lr 0.0007938926261462367
epoch [31/100][20/57]	time 0.078 (0.309)	data 0.006 (0.228)	eta 0:20:26	loss 0.8033 (1.0165)	xded_loss 0.0462 (0.0578)	acc 96.8750 (79.6875)	lr 0.0007938926261462367
epoch [31/100][30/57]	time 0.182 (0.299)	data 0.116 (0.220)	eta 0:19:43	loss 0.8499 (0.9624)	xded_loss 0.0498 (0.0565)	acc 84.3750 (84.0625)	lr 0.0007938926261462367
epoch [31/100][40/57]	time 0.095 (0.282)	data 0.000 (0.202)	eta 0:18:35	loss 1.8922 (1.0129)	xded_loss 0.1121 (0.0599)	acc 56.2500 (83.6719)	lr 0.0007938926261462367
epoch [31/100][50/57]	time 0.066 (0.283)	data 0.000 (0.203)	eta 0:18:33	loss 0.9008 (1.0552)	xded_loss 0.0581 (0.0600)	acc 93.7500 (82.5000)	lr 0.0007938926261462367
Do evaluation on test set
=> result
* total: 1,664
* correct: 1,428
* accuracy: 85.82%
* error: 14.18%
epoch [32/100][10/57]	time 0.147 (0.362)	data 0.108 (0.290)	eta 0:23:40	loss 0.8176 (0.9375)	xded_loss 0.0504 (0.0508)	acc 75.0000 (79.3750)	lr 0.0007810416889260654
epoch [32/100][20/57]	time 0.093 (0.292)	data 0.031 (0.222)	eta 0:19:00	loss 0.5416 (0.8350)	xded_loss 0.0422 (0.0519)	acc 100.0000 (88.2812)	lr 0.0007810416889260654
epoch [32/100][30/57]	time 0.068 (0.291)	data 0.000 (0.223)	eta 0:18:54	loss 1.2971 (0.9835)	xded_loss 0.0657 (0.0539)	acc 87.5000 (83.5417)	lr 0.0007810416889260654
epoch [32/100][40/57]	time 0.077 (0.269)	data 0.001 (0.199)	eta 0:17:28	loss 1.0233 (1.0544)	xded_loss 0.0558 (0.0536)	acc 81.2500 (79.0625)	lr 0.0007810416889260654
epoch [32/100][50/57]	time 0.066 (0.272)	data 0.000 (0.203)	eta 0:17:37	loss 0.7061 (1.0418)	xded_loss 0.0646 (0.0537)	acc 100.0000 (81.0000)	lr 0.0007810416889260654
Do evaluation on test set
=> result
* total: 1,664
* correct: 1,559
* accuracy: 93.69%
* error: 6.31%
epoch [33/100][10/57]	time 0.270 (0.376)	data 0.221 (0.306)	eta 0:24:12	loss 0.7292 (0.9339)	xded_loss 0.0567 (0.0611)	acc 96.8750 (91.5625)	lr 0.0007679133974894983
epoch [33/100][20/57]	time 0.076 (0.287)	data 0.001 (0.218)	eta 0:18:28	loss 0.6789 (1.0449)	xded_loss 0.0478 (0.0591)	acc 100.0000 (84.6875)	lr 0.0007679133974894983
epoch [33/100][30/57]	time 0.133 (0.277)	data 0.078 (0.211)	eta 0:17:46	loss 0.7394 (0.9405)	xded_loss 0.0437 (0.0553)	acc 96.8750 (89.1667)	lr 0.0007679133974894983
epoch [33/100][40/57]	time 0.076 (0.268)	data 0.004 (0.201)	eta 0:17:07	loss 0.8778 (0.9753)	xded_loss 0.0536 (0.0560)	acc 78.1250 (86.5625)	lr 0.0007679133974894983
epoch [33/100][50/57]	time 0.279 (0.266)	data 0.220 (0.201)	eta 0:16:57	loss 0.6939 (0.9732)	xded_loss 0.0615 (0.0561)	acc 100.0000 (87.1250)	lr 0.0007679133974894983
Do evaluation on test set
=> result
* total: 1,664
* correct: 1,347
* accuracy: 80.95%
* error: 19.05%
epoch [34/100][10/57]	time 0.267 (0.369)	data 0.218 (0.299)	eta 0:23:26	loss 0.9948 (1.2115)	xded_loss 0.0570 (0.0571)	acc 81.2500 (65.9375)	lr 0.0007545207078751857
epoch [34/100][20/57]	time 0.065 (0.281)	data 0.000 (0.214)	eta 0:17:48	loss 0.7722 (1.1310)	xded_loss 0.0549 (0.0532)	acc 96.8750 (72.9688)	lr 0.0007545207078751857
epoch [34/100][30/57]	time 0.286 (0.276)	data 0.233 (0.208)	eta 0:17:26	loss 0.7369 (1.0353)	xded_loss 0.0441 (0.0527)	acc 96.8750 (76.7708)	lr 0.0007545207078751857
epoch [34/100][40/57]	time 0.071 (0.261)	data 0.005 (0.193)	eta 0:16:25	loss 0.9488 (1.0051)	xded_loss 0.0677 (0.0540)	acc 96.8750 (78.9844)	lr 0.0007545207078751857
epoch [34/100][50/57]	time 0.068 (0.259)	data 0.002 (0.191)	eta 0:16:14	loss 2.3509 (1.0369)	xded_loss 0.0553 (0.0544)	acc 6.2500 (78.3125)	lr 0.0007545207078751857
Do evaluation on test set
=> result
* total: 1,664
* correct: 1,507
* accuracy: 90.56%
* error: 9.44%
epoch [35/100][10/57]	time 0.125 (0.360)	data 0.069 (0.286)	eta 0:22:30	loss 0.6657 (0.8347)	xded_loss 0.0575 (0.0583)	acc 100.0000 (95.0000)	lr 0.0007408768370508577
epoch [35/100][20/57]	time 0.188 (0.300)	data 0.115 (0.229)	eta 0:18:42	loss 2.1948 (1.0151)	xded_loss 0.0919 (0.0603)	acc 21.8750 (85.6250)	lr 0.0007408768370508577
epoch [35/100][30/57]	time 0.177 (0.294)	data 0.118 (0.225)	eta 0:18:17	loss 0.5400 (1.0531)	xded_loss 0.0589 (0.0585)	acc 100.0000 (83.0208)	lr 0.0007408768370508577
epoch [35/100][40/57]	time 0.176 (0.282)	data 0.126 (0.217)	eta 0:17:29	loss 0.8078 (1.1115)	xded_loss 0.0546 (0.0584)	acc 96.8750 (79.4531)	lr 0.0007408768370508577
epoch [35/100][50/57]	time 0.198 (0.284)	data 0.132 (0.219)	eta 0:17:33	loss 0.4551 (1.0291)	xded_loss 0.0346 (0.0568)	acc 100.0000 (82.8125)	lr 0.0007408768370508577
Do evaluation on test set
=> result
* total: 1,664
* correct: 1,495
* accuracy: 89.84%
* error: 10.16%
epoch [36/100][10/57]	time 0.138 (0.382)	data 0.008 (0.297)	eta 0:23:31	loss 0.8801 (0.9605)	xded_loss 0.0377 (0.0485)	acc 93.7500 (85.3125)	lr 0.0007269952498697734
epoch [36/100][20/57]	time 0.165 (0.297)	data 0.113 (0.227)	eta 0:18:15	loss 0.8454 (1.2000)	xded_loss 0.0538 (0.0554)	acc 96.8750 (77.1875)	lr 0.0007269952498697734
epoch [36/100][30/57]	time 0.082 (0.301)	data 0.002 (0.228)	eta 0:18:25	loss 0.7099 (1.0201)	xded_loss 0.0712 (0.0539)	acc 96.8750 (84.3750)	lr 0.0007269952498697734
epoch [36/100][40/57]	time 0.068 (0.280)	data 0.001 (0.207)	eta 0:17:05	loss 0.8971 (0.9864)	xded_loss 0.0482 (0.0533)	acc 93.7500 (86.2500)	lr 0.0007269952498697734
epoch [36/100][50/57]	time 0.118 (0.281)	data 0.007 (0.209)	eta 0:17:06	loss 0.5895 (0.9235)	xded_loss 0.0552 (0.0530)	acc 100.0000 (88.6875)	lr 0.0007269952498697734
Do evaluation on test set
=> result
* total: 1,664
* correct: 1,517
* accuracy: 91.17%
* error: 8.83%
epoch [37/100][10/57]	time 0.145 (0.371)	data 0.007 (0.293)	eta 0:22:30	loss 0.6512 (1.0462)	xded_loss 0.0648 (0.0605)	acc 100.0000 (82.1875)	lr 0.0007128896457825364
epoch [37/100][20/57]	time 0.084 (0.286)	data 0.000 (0.209)	eta 0:17:17	loss 0.9732 (1.0476)	xded_loss 0.0433 (0.0570)	acc 68.7500 (80.0000)	lr 0.0007128896457825364
epoch [37/100][30/57]	time 0.079 (0.285)	data 0.001 (0.210)	eta 0:17:11	loss 0.9774 (1.0200)	xded_loss 0.0542 (0.0542)	acc 90.6250 (81.2500)	lr 0.0007128896457825364
epoch [37/100][40/57]	time 0.103 (0.267)	data 0.005 (0.193)	eta 0:16:02	loss 1.0633 (1.0920)	xded_loss 0.0623 (0.0551)	acc 96.8750 (77.5781)	lr 0.0007128896457825364
epoch [37/100][50/57]	time 0.080 (0.273)	data 0.000 (0.200)	eta 0:16:20	loss 0.4094 (1.0853)	xded_loss 0.0503 (0.0561)	acc 100.0000 (78.3125)	lr 0.0007128896457825364
Do evaluation on test set
=> result
* total: 1,664
* correct: 1,552
* accuracy: 93.27%
* error: 6.73%
epoch [38/100][10/57]	time 0.272 (0.366)	data 0.226 (0.285)	eta 0:21:50	loss 1.9378 (0.8254)	xded_loss 0.0576 (0.0545)	acc 46.8750 (94.3750)	lr 0.0006985739453173903
epoch [38/100][20/57]	time 0.102 (0.290)	data 0.000 (0.215)	eta 0:17:16	loss 0.6872 (0.9447)	xded_loss 0.0540 (0.0538)	acc 100.0000 (88.9062)	lr 0.0006985739453173903
epoch [38/100][30/57]	time 0.134 (0.278)	data 0.061 (0.202)	eta 0:16:28	loss 0.6975 (0.9178)	xded_loss 0.0468 (0.0534)	acc 100.0000 (88.8542)	lr 0.0006985739453173903
epoch [38/100][40/57]	time 0.089 (0.262)	data 0.017 (0.186)	eta 0:15:29	loss 1.1131 (0.9619)	xded_loss 0.0455 (0.0527)	acc 75.0000 (84.1406)	lr 0.0006985739453173903
epoch [38/100][50/57]	time 0.145 (0.265)	data 0.108 (0.192)	eta 0:15:38	loss 0.6933 (0.9735)	xded_loss 0.0437 (0.0532)	acc 100.0000 (83.6250)	lr 0.0006985739453173903
Do evaluation on test set
=> result
* total: 1,664
* correct: 1,559
* accuracy: 93.69%
* error: 6.31%
epoch [39/100][10/57]	time 0.314 (0.354)	data 0.256 (0.284)	eta 0:20:46	loss 0.6048 (1.3102)	xded_loss 0.0461 (0.0598)	acc 100.0000 (69.0625)	lr 0.0006840622763423391
epoch [39/100][20/57]	time 0.110 (0.290)	data 0.037 (0.221)	eta 0:16:58	loss 0.7771 (1.1939)	xded_loss 0.0543 (0.0577)	acc 96.8750 (73.2812)	lr 0.0006840622763423391
epoch [39/100][30/57]	time 0.076 (0.278)	data 0.002 (0.210)	eta 0:16:13	loss 0.6210 (1.1332)	xded_loss 0.0461 (0.0558)	acc 100.0000 (74.1667)	lr 0.0006840622763423391
epoch [39/100][40/57]	time 0.082 (0.264)	data 0.001 (0.195)	eta 0:15:22	loss 0.6195 (1.1872)	xded_loss 0.0548 (0.0557)	acc 100.0000 (72.1094)	lr 0.0006840622763423391
epoch [39/100][50/57]	time 0.068 (0.264)	data 0.000 (0.194)	eta 0:15:18	loss 2.1048 (1.2096)	xded_loss 0.0541 (0.0560)	acc 12.5000 (71.6875)	lr 0.0006840622763423391
Do evaluation on test set
=> result
* total: 1,664
* correct: 1,470
* accuracy: 88.34%
* error: 11.66%
epoch [40/100][10/57]	time 0.115 (0.399)	data 0.000 (0.325)	eta 0:23:04	loss 2.0085 (1.1977)	xded_loss 0.0672 (0.0568)	acc 37.5000 (76.2500)	lr 0.0006693689601226458
epoch [40/100][20/57]	time 0.067 (0.304)	data 0.000 (0.227)	eta 0:17:29	loss 0.6960 (1.1487)	xded_loss 0.0510 (0.0553)	acc 100.0000 (78.1250)	lr 0.0006693689601226458
epoch [40/100][30/57]	time 0.076 (0.298)	data 0.000 (0.222)	eta 0:17:06	loss 0.4837 (1.0713)	xded_loss 0.0347 (0.0541)	acc 100.0000 (81.0417)	lr 0.0006693689601226458
epoch [40/100][40/57]	time 0.137 (0.278)	data 0.045 (0.201)	eta 0:15:57	loss 0.5268 (1.0056)	xded_loss 0.0412 (0.0531)	acc 100.0000 (83.2031)	lr 0.0006693689601226458
epoch [40/100][50/57]	time 0.081 (0.284)	data 0.002 (0.207)	eta 0:16:12	loss 2.1916 (0.9854)	xded_loss 0.0956 (0.0536)	acc 31.2500 (84.5000)	lr 0.0006693689601226458
Do evaluation on test set
=> result
* total: 1,664
* correct: 1,522
* accuracy: 91.47%
* error: 8.53%
epoch [41/100][10/57]	time 0.324 (0.374)	data 0.269 (0.312)	eta 0:21:16	loss 0.6700 (1.1307)	xded_loss 0.0402 (0.0555)	acc 100.0000 (76.8750)	lr 0.0006545084971874737
epoch [41/100][20/57]	time 0.091 (0.302)	data 0.000 (0.242)	eta 0:17:06	loss 0.7982 (0.8860)	xded_loss 0.0625 (0.0528)	acc 96.8750 (87.8125)	lr 0.0006545084971874737
epoch [41/100][30/57]	time 0.311 (0.298)	data 0.260 (0.238)	eta 0:16:49	loss 2.4063 (0.8734)	xded_loss 0.0683 (0.0512)	acc 9.3750 (86.8750)	lr 0.0006545084971874737
epoch [41/100][40/57]	time 0.065 (0.282)	data 0.000 (0.221)	eta 0:15:54	loss 0.5297 (0.8694)	xded_loss 0.0470 (0.0509)	acc 100.0000 (86.9531)	lr 0.0006545084971874737
epoch [41/100][50/57]	time 0.316 (0.287)	data 0.256 (0.226)	eta 0:16:08	loss 0.4586 (0.8268)	xded_loss 0.0388 (0.0505)	acc 100.0000 (89.3125)	lr 0.0006545084971874737
Do evaluation on test set
=> result
* total: 1,664
* correct: 1,588
* accuracy: 95.43%
* error: 4.57%
Checkpoint saved to "logs/photo/XDED_XDED_UniStyle12/model/model.pth.tar-41"
Best checkpoint saved to "logs/photo/XDED_XDED_UniStyle12/model/model-best.pth.tar"
epoch [42/100][10/57]	time 0.146 (0.345)	data 0.011 (0.268)	eta 0:19:17	loss 0.6910 (0.9731)	xded_loss 0.0467 (0.0508)	acc 96.8750 (84.0625)	lr 0.0006394955530196147
epoch [42/100][20/57]	time 0.057 (0.280)	data 0.001 (0.207)	eta 0:15:35	loss 0.5190 (0.9441)	xded_loss 0.0501 (0.0518)	acc 100.0000 (83.2812)	lr 0.0006394955530196147
epoch [42/100][30/57]	time 0.146 (0.273)	data 0.098 (0.206)	eta 0:15:11	loss 0.3303 (0.8999)	xded_loss 0.0366 (0.0509)	acc 100.0000 (86.2500)	lr 0.0006394955530196147
epoch [42/100][40/57]	time 0.078 (0.264)	data 0.000 (0.198)	eta 0:14:36	loss 0.3697 (0.8618)	xded_loss 0.0386 (0.0506)	acc 100.0000 (87.1875)	lr 0.0006394955530196147
epoch [42/100][50/57]	time 0.249 (0.264)	data 0.201 (0.198)	eta 0:14:34	loss 0.4126 (0.8058)	xded_loss 0.0440 (0.0498)	acc 100.0000 (89.4375)	lr 0.0006394955530196147
Do evaluation on test set
=> result
* total: 1,664
* correct: 1,569
* accuracy: 94.29%
* error: 5.71%
epoch [43/100][10/57]	time 0.132 (0.357)	data 0.000 (0.285)	eta 0:19:37	loss 0.8502 (0.9956)	xded_loss 0.0468 (0.0578)	acc 96.8750 (85.9375)	lr 0.0006243449435824273
epoch [43/100][20/57]	time 0.069 (0.279)	data 0.000 (0.209)	eta 0:15:15	loss 0.7981 (0.9324)	xded_loss 0.0609 (0.0533)	acc 96.8750 (87.6562)	lr 0.0006243449435824273
epoch [43/100][30/57]	time 0.315 (0.275)	data 0.269 (0.208)	eta 0:15:02	loss 0.5409 (0.8533)	xded_loss 0.0419 (0.0521)	acc 100.0000 (89.2708)	lr 0.0006243449435824273
epoch [43/100][40/57]	time 0.064 (0.261)	data 0.000 (0.191)	eta 0:14:11	loss 0.5534 (1.0051)	xded_loss 0.0448 (0.0536)	acc 100.0000 (82.9688)	lr 0.0006243449435824273
epoch [43/100][50/57]	time 0.275 (0.263)	data 0.176 (0.193)	eta 0:14:15	loss 0.5231 (0.9324)	xded_loss 0.0458 (0.0513)	acc 100.0000 (86.2500)	lr 0.0006243449435824273
Do evaluation on test set
=> result
* total: 1,664
* correct: 1,514
* accuracy: 90.99%
* error: 9.01%
epoch [44/100][10/57]	time 0.099 (0.345)	data 0.044 (0.275)	eta 0:18:39	loss 0.5365 (0.8454)	xded_loss 0.0598 (0.0614)	acc 100.0000 (89.0625)	lr 0.0006090716206982714
epoch [44/100][20/57]	time 0.079 (0.280)	data 0.001 (0.211)	eta 0:15:03	loss 1.7702 (0.8621)	xded_loss 0.0522 (0.0552)	acc 43.7500 (86.5625)	lr 0.0006090716206982714
epoch [44/100][30/57]	time 0.077 (0.279)	data 0.000 (0.212)	eta 0:14:58	loss 0.6055 (0.8470)	xded_loss 0.0467 (0.0539)	acc 100.0000 (88.0208)	lr 0.0006090716206982714
epoch [44/100][40/57]	time 0.091 (0.257)	data 0.021 (0.188)	eta 0:13:43	loss 0.4248 (0.8287)	xded_loss 0.0450 (0.0525)	acc 100.0000 (88.9062)	lr 0.0006090716206982714
epoch [44/100][50/57]	time 0.083 (0.260)	data 0.000 (0.191)	eta 0:13:50	loss 0.5725 (0.8123)	xded_loss 0.0422 (0.0521)	acc 100.0000 (89.1875)	lr 0.0006090716206982714
Do evaluation on test set
=> result
* total: 1,664
* correct: 1,576
* accuracy: 94.71%
* error: 5.29%
epoch [45/100][10/57]	time 0.148 (0.371)	data 0.000 (0.279)	eta 0:19:39	loss 0.5903 (0.5704)	xded_loss 0.0531 (0.0504)	acc 100.0000 (99.3750)	lr 0.0005936906572928625
epoch [45/100][20/57]	time 0.161 (0.300)	data 0.103 (0.222)	eta 0:15:50	loss 0.4037 (0.5335)	xded_loss 0.0441 (0.0474)	acc 100.0000 (99.3750)	lr 0.0005936906572928625
epoch [45/100][30/57]	time 0.076 (0.299)	data 0.002 (0.222)	eta 0:15:44	loss 2.0218 (0.5918)	xded_loss 0.0736 (0.0493)	acc 50.0000 (97.7083)	lr 0.0005936906572928625
epoch [45/100][40/57]	time 0.082 (0.281)	data 0.000 (0.206)	eta 0:14:45	loss 0.7031 (0.6735)	xded_loss 0.0425 (0.0493)	acc 90.6250 (93.5938)	lr 0.0005936906572928625
epoch [45/100][50/57]	time 0.160 (0.284)	data 0.103 (0.211)	eta 0:14:52	loss 0.6157 (0.6735)	xded_loss 0.0511 (0.0497)	acc 96.8750 (94.0000)	lr 0.0005936906572928625
Do evaluation on test set
=> result
* total: 1,664
* correct: 1,564
* accuracy: 93.99%
* error: 6.01%
epoch [46/100][10/57]	time 0.080 (0.380)	data 0.000 (0.308)	eta 0:19:47	loss 0.4883 (0.9411)	xded_loss 0.0372 (0.0470)	acc 100.0000 (81.2500)	lr 0.0005782172325201156
epoch [46/100][20/57]	time 0.073 (0.309)	data 0.001 (0.236)	eta 0:16:02	loss 0.8104 (0.8291)	xded_loss 0.0391 (0.0490)	acc 100.0000 (88.7500)	lr 0.0005782172325201156
epoch [46/100][30/57]	time 0.064 (0.296)	data 0.000 (0.225)	eta 0:15:19	loss 0.4217 (0.8179)	xded_loss 0.0409 (0.0497)	acc 100.0000 (89.2708)	lr 0.0005782172325201156
epoch [46/100][40/57]	time 0.075 (0.286)	data 0.001 (0.216)	eta 0:14:45	loss 0.5507 (0.9714)	xded_loss 0.0365 (0.0523)	acc 100.0000 (83.3594)	lr 0.0005782172325201156
epoch [46/100][50/57]	time 0.044 (0.286)	data 0.001 (0.218)	eta 0:14:43	loss 0.4948 (0.8750)	xded_loss 0.0373 (0.0511)	acc 100.0000 (86.6250)	lr 0.0005782172325201156
Do evaluation on test set
=> result
* total: 1,664
* correct: 1,531
* accuracy: 92.01%
* error: 7.99%
epoch [47/100][10/57]	time 0.140 (0.344)	data 0.095 (0.272)	eta 0:17:36	loss 0.4233 (0.6844)	xded_loss 0.0417 (0.0463)	acc 100.0000 (91.2500)	lr 0.0005626666167821523
epoch [47/100][20/57]	time 0.108 (0.291)	data 0.004 (0.221)	eta 0:14:48	loss 0.5220 (0.7997)	xded_loss 0.0410 (0.0477)	acc 100.0000 (87.1875)	lr 0.0005626666167821523
epoch [47/100][30/57]	time 0.160 (0.285)	data 0.075 (0.220)	eta 0:14:28	loss 0.4723 (0.7364)	xded_loss 0.0351 (0.0474)	acc 100.0000 (90.8333)	lr 0.0005626666167821523
epoch [47/100][40/57]	time 0.158 (0.270)	data 0.112 (0.205)	eta 0:13:41	loss 0.4828 (0.7201)	xded_loss 0.0410 (0.0472)	acc 100.0000 (91.5625)	lr 0.0005626666167821523
epoch [47/100][50/57]	time 0.114 (0.272)	data 0.020 (0.207)	eta 0:13:43	loss 0.5294 (0.7237)	xded_loss 0.0460 (0.0476)	acc 100.0000 (91.4375)	lr 0.0005626666167821523
Do evaluation on test set
=> result
* total: 1,664
* correct: 1,564
* accuracy: 93.99%
* error: 6.01%
epoch [48/100][10/57]	time 0.076 (0.372)	data 0.001 (0.295)	eta 0:18:39	loss 0.7186 (0.8606)	xded_loss 0.0326 (0.0543)	acc 100.0000 (87.5000)	lr 0.0005470541566592572
epoch [48/100][20/57]	time 0.072 (0.284)	data 0.000 (0.212)	eta 0:14:13	loss 0.6504 (0.7948)	xded_loss 0.0548 (0.0506)	acc 96.8750 (88.2812)	lr 0.0005470541566592572
epoch [48/100][30/57]	time 0.141 (0.281)	data 0.011 (0.204)	eta 0:14:00	loss 0.5376 (0.7326)	xded_loss 0.0612 (0.0499)	acc 100.0000 (91.5625)	lr 0.0005470541566592572
epoch [48/100][40/57]	time 0.084 (0.265)	data 0.001 (0.189)	eta 0:13:11	loss 0.5629 (0.6797)	xded_loss 0.0370 (0.0491)	acc 100.0000 (93.5938)	lr 0.0005470541566592572
epoch [48/100][50/57]	time 0.132 (0.268)	data 0.000 (0.191)	eta 0:13:16	loss 0.4806 (0.6990)	xded_loss 0.0417 (0.0495)	acc 100.0000 (93.5000)	lr 0.0005470541566592572
Do evaluation on test set
=> result
* total: 1,664
* correct: 1,562
* accuracy: 93.87%
* error: 6.13%
epoch [49/100][10/57]	time 0.141 (0.356)	data 0.095 (0.290)	eta 0:17:31	loss 0.3831 (0.9093)	xded_loss 0.0435 (0.0553)	acc 100.0000 (83.4375)	lr 0.0005313952597646569
epoch [49/100][20/57]	time 0.086 (0.281)	data 0.000 (0.215)	eta 0:13:45	loss 0.4086 (0.7913)	xded_loss 0.0420 (0.0495)	acc 100.0000 (87.1875)	lr 0.0005313952597646569
epoch [49/100][30/57]	time 0.278 (0.277)	data 0.223 (0.210)	eta 0:13:34	loss 0.5513 (0.7909)	xded_loss 0.0491 (0.0504)	acc 100.0000 (88.0208)	lr 0.0005313952597646569
epoch [49/100][40/57]	time 0.077 (0.260)	data 0.002 (0.192)	eta 0:12:39	loss 0.5585 (0.8466)	xded_loss 0.0500 (0.0507)	acc 100.0000 (86.0156)	lr 0.0005313952597646569
epoch [49/100][50/57]	time 0.376 (0.264)	data 0.319 (0.197)	eta 0:12:50	loss 0.5175 (0.8067)	xded_loss 0.0527 (0.0490)	acc 100.0000 (87.5000)	lr 0.0005313952597646569
Do evaluation on test set
=> result
* total: 1,664
* correct: 1,589
* accuracy: 95.49%
* error: 4.51%
Checkpoint saved to "logs/photo/XDED_XDED_UniStyle12/model/model.pth.tar-49"
Best checkpoint saved to "logs/photo/XDED_XDED_UniStyle12/model/model-best.pth.tar"
epoch [50/100][10/57]	time 0.174 (0.393)	data 0.090 (0.315)	eta 0:18:59	loss 0.3786 (0.8417)	xded_loss 0.0355 (0.0452)	acc 100.0000 (84.0625)	lr 0.0005157053795390643
epoch [50/100][20/57]	time 0.093 (0.316)	data 0.000 (0.243)	eta 0:15:12	loss 0.4382 (0.8731)	xded_loss 0.0406 (0.0495)	acc 100.0000 (87.0312)	lr 0.0005157053795390643
epoch [50/100][30/57]	time 0.080 (0.301)	data 0.000 (0.231)	eta 0:14:26	loss 0.5705 (0.9320)	xded_loss 0.0518 (0.0507)	acc 100.0000 (84.4792)	lr 0.0005157053795390643
epoch [50/100][40/57]	time 0.084 (0.284)	data 0.000 (0.211)	eta 0:13:33	loss 0.7691 (0.8609)	xded_loss 0.0396 (0.0490)	acc 84.3750 (85.7031)	lr 0.0005157053795390643
epoch [50/100][50/57]	time 0.080 (0.290)	data 0.000 (0.218)	eta 0:13:47	loss 0.5934 (0.8434)	xded_loss 0.0386 (0.0484)	acc 100.0000 (86.5000)	lr 0.0005157053795390643
Do evaluation on test set
=> result
* total: 1,664
* correct: 1,557
* accuracy: 93.57%
* error: 6.43%
epoch [51/100][10/57]	time 0.061 (0.388)	data 0.000 (0.324)	eta 0:18:20	loss 0.7395 (0.7594)	xded_loss 0.0474 (0.0529)	acc 96.8750 (88.7500)	lr 0.0005000000000000002
epoch [51/100][20/57]	time 0.116 (0.307)	data 0.000 (0.239)	eta 0:14:27	loss 0.4776 (0.8224)	xded_loss 0.0391 (0.0502)	acc 100.0000 (83.9062)	lr 0.0005000000000000002
epoch [51/100][30/57]	time 0.181 (0.305)	data 0.126 (0.241)	eta 0:14:19	loss 0.4659 (0.8726)	xded_loss 0.0322 (0.0506)	acc 100.0000 (82.9167)	lr 0.0005000000000000002
epoch [51/100][40/57]	time 0.122 (0.288)	data 0.000 (0.222)	eta 0:13:29	loss 0.3591 (0.7865)	xded_loss 0.0395 (0.0490)	acc 100.0000 (87.1094)	lr 0.0005000000000000002
epoch [51/100][50/57]	time 0.169 (0.289)	data 0.118 (0.224)	eta 0:13:30	loss 0.5476 (0.7464)	xded_loss 0.0445 (0.0474)	acc 100.0000 (88.5625)	lr 0.0005000000000000002
Do evaluation on test set
=> result
* total: 1,664
* correct: 1,474
* accuracy: 88.58%
* error: 11.42%
epoch [52/100][10/57]	time 0.054 (0.362)	data 0.005 (0.294)	eta 0:16:47	loss 0.3838 (0.9734)	xded_loss 0.0478 (0.0516)	acc 100.0000 (77.8125)	lr 0.00048429462046093607
epoch [52/100][20/57]	time 0.089 (0.298)	data 0.000 (0.224)	eta 0:13:45	loss 0.2942 (0.7228)	xded_loss 0.0401 (0.0468)	acc 100.0000 (88.7500)	lr 0.00048429462046093607
epoch [52/100][30/57]	time 0.081 (0.289)	data 0.002 (0.215)	eta 0:13:19	loss 0.3236 (0.7256)	xded_loss 0.0409 (0.0489)	acc 100.0000 (91.7708)	lr 0.00048429462046093607
epoch [52/100][40/57]	time 0.106 (0.269)	data 0.052 (0.195)	eta 0:12:21	loss 0.3976 (0.7729)	xded_loss 0.0403 (0.0504)	acc 100.0000 (90.1562)	lr 0.00048429462046093607
epoch [52/100][50/57]	time 0.263 (0.276)	data 0.157 (0.200)	eta 0:12:36	loss 0.3840 (0.7452)	xded_loss 0.0353 (0.0500)	acc 100.0000 (90.2500)	lr 0.00048429462046093607
Do evaluation on test set
=> result
* total: 1,664
* correct: 1,254
* accuracy: 75.36%
* error: 24.64%
epoch [53/100][10/57]	time 0.293 (0.354)	data 0.232 (0.281)	eta 0:16:04	loss 0.6297 (0.5064)	xded_loss 0.0485 (0.0490)	acc 100.0000 (100.0000)	lr 0.0004686047402353435
epoch [53/100][20/57]	time 0.066 (0.288)	data 0.000 (0.218)	eta 0:13:02	loss 1.9225 (0.7336)	xded_loss 0.0369 (0.0467)	acc 46.8750 (89.2188)	lr 0.0004686047402353435
epoch [53/100][30/57]	time 0.262 (0.279)	data 0.203 (0.213)	eta 0:12:34	loss 0.2317 (0.6984)	xded_loss 0.0306 (0.0450)	acc 100.0000 (91.2500)	lr 0.0004686047402353435
epoch [53/100][40/57]	time 0.077 (0.265)	data 0.021 (0.201)	eta 0:11:54	loss 0.6905 (0.6907)	xded_loss 0.0510 (0.0439)	acc 100.0000 (90.9375)	lr 0.0004686047402353435
epoch [53/100][50/57]	time 0.158 (0.265)	data 0.099 (0.200)	eta 0:11:50	loss 0.3873 (0.7497)	xded_loss 0.0344 (0.0441)	acc 100.0000 (89.6875)	lr 0.0004686047402353435
Do evaluation on test set
=> result
* total: 1,664
* correct: 1,278
* accuracy: 76.80%
* error: 23.20%
epoch [54/100][10/57]	time 0.364 (0.367)	data 0.295 (0.292)	eta 0:16:18	loss 2.7674 (1.0655)	xded_loss 0.0628 (0.0508)	acc 6.2500 (82.8125)	lr 0.000452945843340743
epoch [54/100][20/57]	time 0.083 (0.290)	data 0.002 (0.214)	eta 0:12:51	loss 0.4821 (0.8495)	xded_loss 0.0523 (0.0453)	acc 100.0000 (86.8750)	lr 0.000452945843340743
epoch [54/100][30/57]	time 0.451 (0.282)	data 0.398 (0.209)	eta 0:12:26	loss 2.3702 (0.8326)	xded_loss 0.0829 (0.0450)	acc 25.0000 (86.2500)	lr 0.000452945843340743
epoch [54/100][40/57]	time 0.068 (0.259)	data 0.000 (0.188)	eta 0:11:23	loss 0.5949 (0.8994)	xded_loss 0.0447 (0.0456)	acc 96.8750 (83.7500)	lr 0.000452945843340743
epoch [54/100][50/57]	time 0.446 (0.264)	data 0.401 (0.195)	eta 0:11:33	loss 0.3944 (0.8357)	xded_loss 0.0394 (0.0446)	acc 100.0000 (86.1250)	lr 0.000452945843340743
Do evaluation on test set
=> result
* total: 1,664
* correct: 1,471
* accuracy: 88.40%
* error: 11.60%
epoch [55/100][10/57]	time 0.124 (0.384)	data 0.001 (0.301)	eta 0:16:43	loss 0.4905 (0.5625)	xded_loss 0.0558 (0.0459)	acc 100.0000 (97.1875)	lr 0.00043733338321784806
epoch [55/100][20/57]	time 0.093 (0.310)	data 0.000 (0.227)	eta 0:13:27	loss 0.3566 (0.5907)	xded_loss 0.0410 (0.0445)	acc 100.0000 (95.3125)	lr 0.00043733338321784806
epoch [55/100][30/57]	time 0.063 (0.304)	data 0.002 (0.225)	eta 0:13:08	loss 0.4317 (0.5483)	xded_loss 0.0554 (0.0431)	acc 100.0000 (96.6667)	lr 0.00043733338321784806
epoch [55/100][40/57]	time 0.083 (0.287)	data 0.000 (0.208)	eta 0:12:20	loss 0.4328 (0.5225)	xded_loss 0.0529 (0.0433)	acc 100.0000 (97.5000)	lr 0.00043733338321784806
epoch [55/100][50/57]	time 0.060 (0.291)	data 0.002 (0.214)	eta 0:12:28	loss 0.6023 (0.5111)	xded_loss 0.0713 (0.0436)	acc 96.8750 (97.9375)	lr 0.00043733338321784806
Do evaluation on test set
=> result
* total: 1,664
* correct: 1,576
* accuracy: 94.71%
* error: 5.29%
epoch [56/100][10/57]	time 0.439 (0.388)	data 0.393 (0.330)	eta 0:16:31	loss 0.5240 (0.8151)	xded_loss 0.0550 (0.0469)	acc 100.0000 (87.1875)	lr 0.0004217827674798847
epoch [56/100][20/57]	time 0.091 (0.304)	data 0.000 (0.244)	eta 0:12:54	loss 0.5133 (0.7022)	xded_loss 0.0397 (0.0461)	acc 100.0000 (91.7188)	lr 0.0004217827674798847
epoch [56/100][30/57]	time 0.371 (0.300)	data 0.326 (0.238)	eta 0:12:39	loss 0.3815 (0.7360)	xded_loss 0.0320 (0.0461)	acc 100.0000 (90.0000)	lr 0.0004217827674798847
epoch [56/100][40/57]	time 0.132 (0.284)	data 0.000 (0.219)	eta 0:11:58	loss 0.4998 (0.7073)	xded_loss 0.0334 (0.0456)	acc 100.0000 (90.8594)	lr 0.0004217827674798847
epoch [56/100][50/57]	time 0.186 (0.283)	data 0.130 (0.218)	eta 0:11:51	loss 2.4990 (0.6953)	xded_loss 0.0741 (0.0450)	acc 18.7500 (91.0625)	lr 0.0004217827674798847
Do evaluation on test set
=> result
* total: 1,664
* correct: 1,561
* accuracy: 93.81%
* error: 6.19%
epoch [57/100][10/57]	time 0.100 (0.369)	data 0.001 (0.290)	eta 0:15:21	loss 0.3990 (0.6173)	xded_loss 0.0374 (0.0407)	acc 100.0000 (92.1875)	lr 0.00040630934270713783
epoch [57/100][20/57]	time 0.066 (0.292)	data 0.000 (0.218)	eta 0:12:07	loss 2.2713 (0.7033)	xded_loss 0.0602 (0.0426)	acc 18.7500 (88.4375)	lr 0.00040630934270713783
epoch [57/100][30/57]	time 0.098 (0.283)	data 0.000 (0.210)	eta 0:11:40	loss 2.4396 (0.6814)	xded_loss 0.0428 (0.0417)	acc 12.5000 (89.2708)	lr 0.00040630934270713783
epoch [57/100][40/57]	time 0.081 (0.268)	data 0.000 (0.196)	eta 0:11:02	loss 0.4769 (0.7111)	xded_loss 0.0547 (0.0435)	acc 100.0000 (89.0625)	lr 0.00040630934270713783
epoch [57/100][50/57]	time 0.118 (0.270)	data 0.000 (0.196)	eta 0:11:04	loss 0.6921 (0.6674)	xded_loss 0.0555 (0.0430)	acc 100.0000 (91.1875)	lr 0.00040630934270713783
Do evaluation on test set
=> result
* total: 1,664
* correct: 1,561
* accuracy: 93.81%
* error: 6.19%
epoch [58/100][10/57]	time 0.144 (0.351)	data 0.000 (0.270)	eta 0:14:16	loss 0.3973 (0.4226)	xded_loss 0.0390 (0.0380)	acc 100.0000 (100.0000)	lr 0.000390928379301729
epoch [58/100][20/57]	time 0.137 (0.280)	data 0.102 (0.209)	eta 0:11:21	loss 0.3484 (0.4244)	xded_loss 0.0427 (0.0405)	acc 100.0000 (100.0000)	lr 0.000390928379301729
epoch [58/100][30/57]	time 0.148 (0.275)	data 0.077 (0.206)	eta 0:11:06	loss 0.2879 (0.5748)	xded_loss 0.0318 (0.0427)	acc 100.0000 (94.6875)	lr 0.000390928379301729
epoch [58/100][40/57]	time 0.085 (0.264)	data 0.001 (0.195)	eta 0:10:35	loss 1.6863 (0.6361)	xded_loss 0.0420 (0.0422)	acc 65.6250 (92.8906)	lr 0.000390928379301729
epoch [58/100][50/57]	time 0.089 (0.264)	data 0.034 (0.196)	eta 0:10:32	loss 0.5833 (0.6363)	xded_loss 0.0592 (0.0435)	acc 100.0000 (93.1875)	lr 0.000390928379301729
Do evaluation on test set
=> result
* total: 1,664
* correct: 1,578
* accuracy: 94.83%
* error: 5.17%
epoch [59/100][10/57]	time 0.093 (0.341)	data 0.017 (0.264)	eta 0:13:33	loss 0.3401 (0.4917)	xded_loss 0.0305 (0.0388)	acc 100.0000 (100.0000)	lr 0.0003756550564175727
epoch [59/100][20/57]	time 0.096 (0.291)	data 0.004 (0.219)	eta 0:11:29	loss 0.4518 (0.5113)	xded_loss 0.0395 (0.0380)	acc 100.0000 (98.9062)	lr 0.0003756550564175727
epoch [59/100][30/57]	time 0.299 (0.282)	data 0.242 (0.215)	eta 0:11:06	loss 0.5338 (0.5419)	xded_loss 0.0492 (0.0389)	acc 100.0000 (96.2500)	lr 0.0003756550564175727
epoch [59/100][40/57]	time 0.073 (0.266)	data 0.001 (0.201)	eta 0:10:25	loss 0.6110 (0.5283)	xded_loss 0.0534 (0.0401)	acc 100.0000 (97.1875)	lr 0.0003756550564175727
epoch [59/100][50/57]	time 0.144 (0.267)	data 0.087 (0.202)	eta 0:10:25	loss 0.3243 (0.5442)	xded_loss 0.0266 (0.0416)	acc 100.0000 (96.6250)	lr 0.0003756550564175727
Do evaluation on test set
=> result
* total: 1,664
* correct: 1,572
* accuracy: 94.47%
* error: 5.53%
epoch [60/100][10/57]	time 0.061 (0.359)	data 0.000 (0.297)	eta 0:13:55	loss 0.3716 (0.5835)	xded_loss 0.0441 (0.0434)	acc 100.0000 (93.7500)	lr 0.00036050444698038553
epoch [60/100][20/57]	time 0.116 (0.290)	data 0.000 (0.222)	eta 0:11:11	loss 0.4733 (0.5908)	xded_loss 0.0369 (0.0421)	acc 100.0000 (92.5000)	lr 0.00036050444698038553
epoch [60/100][30/57]	time 0.083 (0.281)	data 0.000 (0.211)	eta 0:10:47	loss 0.4392 (0.5459)	xded_loss 0.0439 (0.0419)	acc 100.0000 (94.8958)	lr 0.00036050444698038553
epoch [60/100][40/57]	time 0.065 (0.269)	data 0.001 (0.199)	eta 0:10:18	loss 0.3523 (0.5166)	xded_loss 0.0408 (0.0416)	acc 100.0000 (96.0938)	lr 0.00036050444698038553
epoch [60/100][50/57]	time 0.149 (0.273)	data 0.099 (0.202)	eta 0:10:24	loss 0.3589 (0.5178)	xded_loss 0.0317 (0.0415)	acc 100.0000 (96.2500)	lr 0.00036050444698038553
Do evaluation on test set
=> result
* total: 1,664
* correct: 1,586
* accuracy: 95.31%
* error: 4.69%
epoch [61/100][10/57]	time 0.137 (0.383)	data 0.094 (0.321)	eta 0:14:30	loss 2.1751 (0.5611)	xded_loss 0.0417 (0.0379)	acc 21.8750 (92.1875)	lr 0.00034549150281252655
epoch [61/100][20/57]	time 0.066 (0.309)	data 0.000 (0.239)	eta 0:11:37	loss 0.6126 (0.5521)	xded_loss 0.0425 (0.0397)	acc 100.0000 (94.6875)	lr 0.00034549150281252655
epoch [61/100][30/57]	time 0.130 (0.296)	data 0.057 (0.229)	eta 0:11:06	loss 0.2513 (0.5766)	xded_loss 0.0260 (0.0405)	acc 100.0000 (93.3333)	lr 0.00034549150281252655
epoch [61/100][40/57]	time 0.101 (0.284)	data 0.000 (0.212)	eta 0:10:35	loss 0.3330 (0.5295)	xded_loss 0.0303 (0.0400)	acc 100.0000 (95.0000)	lr 0.00034549150281252655
epoch [61/100][50/57]	time 0.405 (0.286)	data 0.357 (0.216)	eta 0:10:37	loss 0.4216 (0.5518)	xded_loss 0.0393 (0.0399)	acc 100.0000 (94.5000)	lr 0.00034549150281252655
Do evaluation on test set
=> result
* total: 1,664
* correct: 1,581
* accuracy: 95.01%
* error: 4.99%
epoch [62/100][10/57]	time 0.154 (0.391)	data 0.108 (0.316)	eta 0:14:24	loss 0.3778 (0.8411)	xded_loss 0.0392 (0.0422)	acc 100.0000 (80.9375)	lr 0.0003306310398773544
epoch [62/100][20/57]	time 0.061 (0.302)	data 0.002 (0.234)	eta 0:11:05	loss 2.2486 (0.9277)	xded_loss 0.0769 (0.0451)	acc 34.3750 (79.0625)	lr 0.0003306310398773544
epoch [62/100][30/57]	time 0.291 (0.291)	data 0.245 (0.226)	eta 0:10:38	loss 0.3120 (0.8139)	xded_loss 0.0374 (0.0432)	acc 100.0000 (84.8958)	lr 0.0003306310398773544
epoch [62/100][40/57]	time 0.116 (0.273)	data 0.006 (0.206)	eta 0:09:55	loss 0.3141 (0.7884)	xded_loss 0.0416 (0.0422)	acc 100.0000 (85.3125)	lr 0.0003306310398773544
epoch [62/100][50/57]	time 0.239 (0.272)	data 0.171 (0.208)	eta 0:09:51	loss 0.3274 (0.7646)	xded_loss 0.0345 (0.0422)	acc 100.0000 (86.3750)	lr 0.0003306310398773544
Do evaluation on test set
=> result
* total: 1,664
* correct: 1,473
* accuracy: 88.52%
* error: 11.48%
epoch [63/100][10/57]	time 0.232 (0.363)	data 0.178 (0.292)	eta 0:13:02	loss 0.4091 (0.9731)	xded_loss 0.0464 (0.0419)	acc 100.0000 (77.8125)	lr 0.00031593772365766127
epoch [63/100][20/57]	time 0.126 (0.290)	data 0.065 (0.218)	eta 0:10:21	loss 0.4173 (0.8728)	xded_loss 0.0300 (0.0405)	acc 100.0000 (80.6250)	lr 0.00031593772365766127
epoch [63/100][30/57]	time 0.070 (0.280)	data 0.000 (0.213)	eta 0:09:58	loss 0.4400 (0.9228)	xded_loss 0.0300 (0.0397)	acc 100.0000 (78.8542)	lr 0.00031593772365766127
epoch [63/100][40/57]	time 0.073 (0.266)	data 0.000 (0.197)	eta 0:09:26	loss 0.5259 (0.7983)	xded_loss 0.0421 (0.0391)	acc 100.0000 (84.1406)	lr 0.00031593772365766127
epoch [63/100][50/57]	time 0.076 (0.267)	data 0.000 (0.197)	eta 0:09:25	loss 0.5233 (0.7326)	xded_loss 0.0394 (0.0395)	acc 100.0000 (87.3125)	lr 0.00031593772365766127
Do evaluation on test set
=> result
* total: 1,664
* correct: 1,588
* accuracy: 95.43%
* error: 4.57%
epoch [64/100][10/57]	time 0.054 (0.358)	data 0.001 (0.288)	eta 0:12:31	loss 0.3520 (0.5060)	xded_loss 0.0361 (0.0373)	acc 100.0000 (96.8750)	lr 0.0003014260546826097
epoch [64/100][20/57]	time 0.085 (0.281)	data 0.001 (0.214)	eta 0:09:47	loss 0.3633 (0.5461)	xded_loss 0.0360 (0.0390)	acc 100.0000 (95.3125)	lr 0.0003014260546826097
epoch [64/100][30/57]	time 0.088 (0.274)	data 0.000 (0.204)	eta 0:09:29	loss 0.4467 (0.5274)	xded_loss 0.0346 (0.0382)	acc 100.0000 (95.6250)	lr 0.0003014260546826097
epoch [64/100][40/57]	time 0.168 (0.260)	data 0.121 (0.191)	eta 0:08:57	loss 0.2841 (0.5625)	xded_loss 0.0299 (0.0393)	acc 100.0000 (94.3750)	lr 0.0003014260546826097
epoch [64/100][50/57]	time 0.066 (0.265)	data 0.000 (0.196)	eta 0:09:04	loss 0.4089 (0.5481)	xded_loss 0.0321 (0.0390)	acc 100.0000 (95.3125)	lr 0.0003014260546826097
Do evaluation on test set
=> result
* total: 1,664
* correct: 1,226
* accuracy: 73.68%
* error: 26.32%
epoch [65/100][10/57]	time 0.157 (0.331)	data 0.117 (0.266)	eta 0:11:15	loss 0.3525 (0.5854)	xded_loss 0.0352 (0.0366)	acc 100.0000 (91.8750)	lr 0.0002871103542174637
epoch [65/100][20/57]	time 0.090 (0.277)	data 0.003 (0.211)	eta 0:09:23	loss 0.2881 (0.6374)	xded_loss 0.0308 (0.0404)	acc 100.0000 (91.0938)	lr 0.0002871103542174637
epoch [65/100][30/57]	time 0.159 (0.269)	data 0.101 (0.203)	eta 0:09:04	loss 1.5312 (0.6464)	xded_loss 0.0783 (0.0413)	acc 78.1250 (91.5625)	lr 0.0002871103542174637
epoch [65/100][40/57]	time 0.041 (0.258)	data 0.002 (0.192)	eta 0:08:38	loss 0.5391 (0.6392)	xded_loss 0.0370 (0.0406)	acc 100.0000 (91.2500)	lr 0.0002871103542174637
epoch [65/100][50/57]	time 0.122 (0.269)	data 0.000 (0.202)	eta 0:08:58	loss 0.4305 (0.7026)	xded_loss 0.0508 (0.0423)	acc 100.0000 (89.2500)	lr 0.0002871103542174637
Do evaluation on test set
=> result
* total: 1,664
* correct: 1,560
* accuracy: 93.75%
* error: 6.25%
epoch [66/100][10/57]	time 0.300 (0.376)	data 0.252 (0.299)	eta 0:12:25	loss 0.3419 (0.8923)	xded_loss 0.0285 (0.0371)	acc 100.0000 (76.8750)	lr 0.0002730047501302267
epoch [66/100][20/57]	time 0.085 (0.300)	data 0.001 (0.227)	eta 0:09:53	loss 0.3991 (0.6409)	xded_loss 0.0349 (0.0376)	acc 100.0000 (88.4375)	lr 0.0002730047501302267
epoch [66/100][30/57]	time 0.306 (0.298)	data 0.244 (0.228)	eta 0:09:44	loss 0.3934 (0.5610)	xded_loss 0.0382 (0.0385)	acc 100.0000 (92.2917)	lr 0.0002730047501302267
epoch [66/100][40/57]	time 0.047 (0.281)	data 0.001 (0.211)	eta 0:09:09	loss 0.3071 (0.5577)	xded_loss 0.0386 (0.0394)	acc 100.0000 (92.5000)	lr 0.0002730047501302267
epoch [66/100][50/57]	time 0.168 (0.284)	data 0.079 (0.217)	eta 0:09:12	loss 0.3670 (0.6168)	xded_loss 0.0331 (0.0405)	acc 100.0000 (91.2500)	lr 0.0002730047501302267
Do evaluation on test set
=> result
* total: 1,664
* correct: 1,598
* accuracy: 96.03%
* error: 3.97%
Checkpoint saved to "logs/photo/XDED_XDED_UniStyle12/model/model.pth.tar-66"
Best checkpoint saved to "logs/photo/XDED_XDED_UniStyle12/model/model-best.pth.tar"
epoch [67/100][10/57]	time 0.320 (0.373)	data 0.267 (0.306)	eta 0:11:58	loss 0.2470 (0.4163)	xded_loss 0.0292 (0.0347)	acc 100.0000 (100.0000)	lr 0.00025912316294914234
epoch [67/100][20/57]	time 0.102 (0.297)	data 0.016 (0.228)	eta 0:09:29	loss 0.4355 (0.5516)	xded_loss 0.0372 (0.0367)	acc 100.0000 (94.6875)	lr 0.00025912316294914234
epoch [67/100][30/57]	time 0.321 (0.296)	data 0.270 (0.228)	eta 0:09:24	loss 0.4432 (0.5906)	xded_loss 0.0480 (0.0377)	acc 100.0000 (93.5417)	lr 0.00025912316294914234
epoch [67/100][40/57]	time 0.087 (0.276)	data 0.030 (0.208)	eta 0:08:44	loss 0.3730 (0.5979)	xded_loss 0.0383 (0.0377)	acc 100.0000 (93.2031)	lr 0.00025912316294914234
epoch [67/100][50/57]	time 0.106 (0.276)	data 0.000 (0.210)	eta 0:08:41	loss 0.4517 (0.5518)	xded_loss 0.0245 (0.0367)	acc 100.0000 (94.5625)	lr 0.00025912316294914234
Do evaluation on test set
=> result
* total: 1,664
* correct: 1,430
* accuracy: 85.94%
* error: 14.06%
epoch [68/100][10/57]	time 0.395 (0.380)	data 0.346 (0.307)	eta 0:11:50	loss 0.4081 (0.3321)	xded_loss 0.0450 (0.0360)	acc 100.0000 (100.0000)	lr 0.0002454792921248144
epoch [68/100][20/57]	time 0.087 (0.291)	data 0.046 (0.219)	eta 0:09:02	loss 0.5322 (0.4444)	xded_loss 0.0410 (0.0373)	acc 100.0000 (97.6562)	lr 0.0002454792921248144
epoch [68/100][30/57]	time 0.077 (0.284)	data 0.001 (0.213)	eta 0:08:45	loss 0.4474 (0.4364)	xded_loss 0.0373 (0.0376)	acc 100.0000 (98.4375)	lr 0.0002454792921248144
epoch [68/100][40/57]	time 0.154 (0.269)	data 0.093 (0.200)	eta 0:08:15	loss 0.2789 (0.4611)	xded_loss 0.0316 (0.0380)	acc 100.0000 (97.3438)	lr 0.0002454792921248144
epoch [68/100][50/57]	time 0.171 (0.269)	data 0.117 (0.202)	eta 0:08:12	loss 0.5049 (0.5392)	xded_loss 0.0477 (0.0387)	acc 100.0000 (94.1875)	lr 0.0002454792921248144
Do evaluation on test set
=> result
* total: 1,664
* correct: 1,567
* accuracy: 94.17%
* error: 5.83%
epoch [69/100][10/57]	time 0.275 (0.362)	data 0.233 (0.297)	eta 0:10:57	loss 0.3088 (0.5706)	xded_loss 0.0369 (0.0369)	acc 100.0000 (90.9375)	lr 0.00023208660251050164
epoch [69/100][20/57]	time 0.080 (0.285)	data 0.006 (0.217)	eta 0:08:33	loss 1.5926 (0.6133)	xded_loss 0.0464 (0.0382)	acc 71.8750 (90.0000)	lr 0.00023208660251050164
epoch [69/100][30/57]	time 0.186 (0.281)	data 0.123 (0.216)	eta 0:08:24	loss 0.2543 (0.5354)	xded_loss 0.0325 (0.0365)	acc 100.0000 (93.3333)	lr 0.00023208660251050164
epoch [69/100][40/57]	time 0.088 (0.266)	data 0.000 (0.199)	eta 0:07:53	loss 0.3166 (0.4955)	xded_loss 0.0357 (0.0357)	acc 100.0000 (95.0000)	lr 0.00023208660251050164
epoch [69/100][50/57]	time 0.130 (0.264)	data 0.052 (0.199)	eta 0:07:49	loss 0.2814 (0.5027)	xded_loss 0.0312 (0.0361)	acc 100.0000 (94.6250)	lr 0.00023208660251050164
Do evaluation on test set
=> result
* total: 1,664
* correct: 1,586
* accuracy: 95.31%
* error: 4.69%
epoch [70/100][10/57]	time 0.068 (0.372)	data 0.000 (0.311)	eta 0:10:53	loss 1.8375 (0.5474)	xded_loss 0.0384 (0.0343)	acc 31.2500 (93.1250)	lr 0.00021895831107393473
epoch [70/100][20/57]	time 0.058 (0.283)	data 0.002 (0.216)	eta 0:08:14	loss 0.3640 (0.4544)	xded_loss 0.0311 (0.0348)	acc 100.0000 (96.4062)	lr 0.00021895831107393473
epoch [70/100][30/57]	time 0.091 (0.278)	data 0.000 (0.208)	eta 0:08:02	loss 0.3983 (0.6222)	xded_loss 0.0401 (0.0380)	acc 100.0000 (89.7917)	lr 0.00021895831107393473
epoch [70/100][40/57]	time 0.082 (0.262)	data 0.000 (0.192)	eta 0:07:33	loss 0.3133 (0.5941)	xded_loss 0.0355 (0.0375)	acc 100.0000 (90.9375)	lr 0.00021895831107393473
epoch [70/100][50/57]	time 0.079 (0.261)	data 0.000 (0.191)	eta 0:07:28	loss 0.2798 (0.5738)	xded_loss 0.0301 (0.0370)	acc 100.0000 (91.9375)	lr 0.00021895831107393473
Do evaluation on test set
=> result
* total: 1,664
* correct: 1,582
* accuracy: 95.07%
* error: 4.93%
epoch [71/100][10/57]	time 0.434 (0.393)	data 0.388 (0.314)	eta 0:11:07	loss 0.3488 (0.3267)	xded_loss 0.0404 (0.0321)	acc 100.0000 (100.0000)	lr 0.00020610737385376356
epoch [71/100][20/57]	time 0.164 (0.302)	data 0.124 (0.232)	eta 0:08:31	loss 0.3258 (0.5095)	xded_loss 0.0350 (0.0364)	acc 100.0000 (94.6875)	lr 0.00020610737385376356
epoch [71/100][30/57]	time 0.180 (0.295)	data 0.098 (0.226)	eta 0:08:15	loss 1.6054 (0.6599)	xded_loss 0.0414 (0.0384)	acc 62.5000 (90.0000)	lr 0.00020610737385376356
epoch [71/100][40/57]	time 0.105 (0.283)	data 0.007 (0.215)	eta 0:07:51	loss 0.3628 (0.5896)	xded_loss 0.0336 (0.0379)	acc 100.0000 (92.5000)	lr 0.00020610737385376356
epoch [71/100][50/57]	time 0.313 (0.287)	data 0.255 (0.222)	eta 0:07:57	loss 0.3563 (0.5736)	xded_loss 0.0309 (0.0369)	acc 100.0000 (92.3125)	lr 0.00020610737385376356
Do evaluation on test set
=> result
* total: 1,664
* correct: 1,179
* accuracy: 70.85%
* error: 29.15%
epoch [72/100][10/57]	time 0.166 (0.395)	data 0.105 (0.318)	eta 0:10:48	loss 0.3251 (0.4070)	xded_loss 0.0385 (0.0359)	acc 100.0000 (100.0000)	lr 0.00019354647317351177
epoch [72/100][20/57]	time 0.064 (0.305)	data 0.001 (0.230)	eta 0:08:18	loss 0.3613 (0.3772)	xded_loss 0.0294 (0.0346)	acc 100.0000 (100.0000)	lr 0.00019354647317351177
epoch [72/100][30/57]	time 0.293 (0.302)	data 0.247 (0.232)	eta 0:08:10	loss 1.7283 (0.4120)	xded_loss 0.0486 (0.0346)	acc 62.5000 (98.7500)	lr 0.00019354647317351177
epoch [72/100][40/57]	time 0.076 (0.284)	data 0.000 (0.216)	eta 0:07:37	loss 0.3603 (0.4324)	xded_loss 0.0354 (0.0352)	acc 100.0000 (98.4375)	lr 0.00019354647317351177
epoch [72/100][50/57]	time 0.147 (0.286)	data 0.059 (0.218)	eta 0:07:38	loss 0.3943 (0.5034)	xded_loss 0.0368 (0.0370)	acc 100.0000 (95.8750)	lr 0.00019354647317351177
Do evaluation on test set
=> result
* total: 1,664
* correct: 1,577
* accuracy: 94.77%
* error: 5.23%
epoch [73/100][10/57]	time 0.079 (0.367)	data 0.000 (0.288)	eta 0:09:41	loss 0.3488 (0.3333)	xded_loss 0.0367 (0.0353)	acc 100.0000 (100.0000)	lr 0.0001812880051256552
epoch [73/100][20/57]	time 0.082 (0.289)	data 0.001 (0.209)	eta 0:07:36	loss 0.3445 (0.4278)	xded_loss 0.0462 (0.0365)	acc 100.0000 (96.5625)	lr 0.0001812880051256552
epoch [73/100][30/57]	time 0.157 (0.284)	data 0.105 (0.209)	eta 0:07:24	loss 2.1155 (0.4655)	xded_loss 0.0558 (0.0375)	acc 34.3750 (95.5208)	lr 0.0001812880051256552
epoch [73/100][40/57]	time 0.112 (0.266)	data 0.051 (0.191)	eta 0:06:54	loss 0.3024 (0.5099)	xded_loss 0.0328 (0.0378)	acc 100.0000 (94.9219)	lr 0.0001812880051256552
epoch [73/100][50/57]	time 0.148 (0.269)	data 0.106 (0.197)	eta 0:06:55	loss 0.2888 (0.4729)	xded_loss 0.0339 (0.0368)	acc 100.0000 (95.9375)	lr 0.0001812880051256552
Do evaluation on test set
=> result
* total: 1,664
* correct: 1,537
* accuracy: 92.37%
* error: 7.63%
epoch [74/100][10/57]	time 0.036 (0.345)	data 0.000 (0.279)	eta 0:08:47	loss 1.7519 (0.6883)	xded_loss 0.0495 (0.0364)	acc 59.3750 (89.3750)	lr 0.00016934406733817422
epoch [74/100][20/57]	time 0.065 (0.285)	data 0.003 (0.214)	eta 0:07:13	loss 0.2543 (0.6135)	xded_loss 0.0247 (0.0360)	acc 100.0000 (90.6250)	lr 0.00016934406733817422
epoch [74/100][30/57]	time 0.089 (0.281)	data 0.000 (0.211)	eta 0:07:03	loss 0.3474 (0.6203)	xded_loss 0.0344 (0.0357)	acc 100.0000 (89.5833)	lr 0.00016934406733817422
epoch [74/100][40/57]	time 0.090 (0.261)	data 0.002 (0.192)	eta 0:06:30	loss 1.5246 (0.7091)	xded_loss 0.0544 (0.0384)	acc 62.5000 (86.6406)	lr 0.00016934406733817422
epoch [74/100][50/57]	time 0.041 (0.263)	data 0.000 (0.194)	eta 0:06:31	loss 1.9387 (0.7026)	xded_loss 0.0497 (0.0378)	acc 28.1250 (86.3125)	lr 0.00016934406733817422
Do evaluation on test set
=> result
* total: 1,664
* correct: 1,328
* accuracy: 79.81%
* error: 20.19%
epoch [75/100][10/57]	time 0.372 (0.347)	data 0.331 (0.285)	eta 0:08:31	loss 0.3784 (1.0851)	xded_loss 0.0462 (0.0407)	acc 100.0000 (73.4375)	lr 0.0001577264470356557
epoch [75/100][20/57]	time 0.052 (0.276)	data 0.000 (0.209)	eta 0:06:43	loss 0.3341 (0.8786)	xded_loss 0.0371 (0.0393)	acc 100.0000 (79.5312)	lr 0.0001577264470356557
epoch [75/100][30/57]	time 0.097 (0.273)	data 0.003 (0.205)	eta 0:06:35	loss 1.9538 (0.8219)	xded_loss 0.0457 (0.0394)	acc 50.0000 (82.6042)	lr 0.0001577264470356557
epoch [75/100][40/57]	time 0.071 (0.257)	data 0.001 (0.189)	eta 0:06:10	loss 0.2827 (0.7450)	xded_loss 0.0321 (0.0388)	acc 100.0000 (85.5469)	lr 0.0001577264470356557
epoch [75/100][50/57]	time 0.088 (0.261)	data 0.000 (0.191)	eta 0:06:13	loss 0.3639 (0.7005)	xded_loss 0.0329 (0.0385)	acc 100.0000 (87.3750)	lr 0.0001577264470356557
Do evaluation on test set
=> result
* total: 1,664
* correct: 1,573
* accuracy: 94.53%
* error: 5.47%
epoch [76/100][10/57]	time 0.281 (0.368)	data 0.212 (0.302)	eta 0:08:40	loss 0.2964 (0.6756)	xded_loss 0.0298 (0.0362)	acc 100.0000 (88.1250)	lr 0.00014644660940672634
epoch [76/100][20/57]	time 0.125 (0.293)	data 0.079 (0.223)	eta 0:06:52	loss 0.2750 (0.6702)	xded_loss 0.0321 (0.0377)	acc 100.0000 (87.5000)	lr 0.00014644660940672634
epoch [76/100][30/57]	time 0.130 (0.286)	data 0.050 (0.219)	eta 0:06:39	loss 0.4140 (0.7266)	xded_loss 0.0381 (0.0382)	acc 100.0000 (85.9375)	lr 0.00014644660940672634
epoch [76/100][40/57]	time 0.048 (0.277)	data 0.000 (0.212)	eta 0:06:24	loss 0.3774 (0.7186)	xded_loss 0.0286 (0.0385)	acc 100.0000 (86.9531)	lr 0.00014644660940672634
epoch [76/100][50/57]	time 0.075 (0.284)	data 0.000 (0.221)	eta 0:06:30	loss 0.3249 (0.6768)	xded_loss 0.0348 (0.0380)	acc 100.0000 (88.4375)	lr 0.00014644660940672634
Do evaluation on test set
=> result
* total: 1,664
* correct: 1,538
* accuracy: 92.43%
* error: 7.57%
epoch [77/100][10/57]	time 0.308 (0.368)	data 0.239 (0.296)	eta 0:08:19	loss 0.2419 (0.6866)	xded_loss 0.0265 (0.0358)	acc 100.0000 (84.0625)	lr 0.0001355156862892944
epoch [77/100][20/57]	time 0.065 (0.293)	data 0.002 (0.224)	eta 0:06:34	loss 0.3246 (0.5984)	xded_loss 0.0316 (0.0354)	acc 100.0000 (89.2188)	lr 0.0001355156862892944
epoch [77/100][30/57]	time 0.086 (0.291)	data 0.000 (0.226)	eta 0:06:29	loss 0.3070 (0.5556)	xded_loss 0.0308 (0.0342)	acc 100.0000 (91.2500)	lr 0.0001355156862892944
epoch [77/100][40/57]	time 0.134 (0.275)	data 0.094 (0.210)	eta 0:06:05	loss 0.3108 (0.5799)	xded_loss 0.0420 (0.0357)	acc 100.0000 (91.6406)	lr 0.0001355156862892944
epoch [77/100][50/57]	time 0.115 (0.277)	data 0.029 (0.212)	eta 0:06:04	loss 0.4077 (0.5716)	xded_loss 0.0400 (0.0358)	acc 100.0000 (92.1250)	lr 0.0001355156862892944
Do evaluation on test set
=> result
* total: 1,664
* correct: 1,432
* accuracy: 86.06%
* error: 13.94%
epoch [78/100][10/57]	time 0.163 (0.372)	data 0.121 (0.304)	eta 0:08:03	loss 0.3234 (0.6110)	xded_loss 0.0254 (0.0363)	acc 100.0000 (93.1250)	lr 0.00012494446518477025
epoch [78/100][20/57]	time 0.099 (0.296)	data 0.001 (0.225)	eta 0:06:22	loss 0.2666 (0.5652)	xded_loss 0.0268 (0.0369)	acc 100.0000 (94.6875)	lr 0.00012494446518477025
epoch [78/100][30/57]	time 0.158 (0.287)	data 0.100 (0.215)	eta 0:06:07	loss 0.3521 (0.6960)	xded_loss 0.0416 (0.0395)	acc 100.0000 (91.0417)	lr 0.00012494446518477025
epoch [78/100][40/57]	time 0.037 (0.269)	data 0.000 (0.196)	eta 0:05:41	loss 0.3526 (0.6579)	xded_loss 0.0441 (0.0389)	acc 100.0000 (91.0938)	lr 0.00012494446518477025
epoch [78/100][50/57]	time 0.173 (0.269)	data 0.135 (0.199)	eta 0:05:39	loss 0.3355 (0.6568)	xded_loss 0.0289 (0.0381)	acc 100.0000 (90.1875)	lr 0.00012494446518477025
Do evaluation on test set
=> result
* total: 1,664
* correct: 1,571
* accuracy: 94.41%
* error: 5.59%
epoch [79/100][10/57]	time 0.078 (0.377)	data 0.006 (0.287)	eta 0:07:48	loss 0.2749 (0.4979)	xded_loss 0.0274 (0.0341)	acc 100.0000 (96.2500)	lr 0.00011474337861210548
epoch [79/100][20/57]	time 0.080 (0.288)	data 0.003 (0.204)	eta 0:05:55	loss 1.6166 (0.5610)	xded_loss 0.0642 (0.0373)	acc 71.8750 (94.5312)	lr 0.00011474337861210548
epoch [79/100][30/57]	time 0.116 (0.282)	data 0.001 (0.195)	eta 0:05:45	loss 0.5809 (0.4917)	xded_loss 0.0319 (0.0353)	acc 100.0000 (96.3542)	lr 0.00011474337861210548
epoch [79/100][40/57]	time 0.075 (0.262)	data 0.000 (0.179)	eta 0:05:18	loss 0.3792 (0.4539)	xded_loss 0.0348 (0.0348)	acc 100.0000 (97.2656)	lr 0.00011474337861210548
epoch [79/100][50/57]	time 0.098 (0.267)	data 0.000 (0.185)	eta 0:05:21	loss 0.3431 (0.4634)	xded_loss 0.0302 (0.0346)	acc 100.0000 (96.5625)	lr 0.00011474337861210548
Do evaluation on test set
=> result
* total: 1,664
* correct: 1,511
* accuracy: 90.81%
* error: 9.19%
epoch [80/100][10/57]	time 0.078 (0.348)	data 0.002 (0.278)	eta 0:06:52	loss 0.3285 (0.4470)	xded_loss 0.0342 (0.0326)	acc 100.0000 (98.1250)	lr 0.00010492249381215483
epoch [80/100][20/57]	time 0.106 (0.280)	data 0.000 (0.202)	eta 0:05:29	loss 0.3101 (0.3956)	xded_loss 0.0319 (0.0315)	acc 100.0000 (99.0625)	lr 0.00010492249381215483
epoch [80/100][30/57]	time 0.175 (0.275)	data 0.128 (0.201)	eta 0:05:20	loss 0.3444 (0.4215)	xded_loss 0.0377 (0.0325)	acc 100.0000 (97.9167)	lr 0.00010492249381215483
epoch [80/100][40/57]	time 0.142 (0.261)	data 0.096 (0.193)	eta 0:05:01	loss 1.2984 (0.4922)	xded_loss 0.0502 (0.0351)	acc 87.5000 (96.4844)	lr 0.00010492249381215483
epoch [80/100][50/57]	time 0.107 (0.261)	data 0.060 (0.191)	eta 0:04:58	loss 0.4513 (0.5305)	xded_loss 0.0313 (0.0352)	acc 100.0000 (94.0625)	lr 0.00010492249381215483
Do evaluation on test set
=> result
* total: 1,664
* correct: 1,582
* accuracy: 95.07%
* error: 4.93%
epoch [81/100][10/57]	time 0.145 (0.383)	data 0.003 (0.300)	eta 0:07:12	loss 0.3083 (0.4531)	xded_loss 0.0250 (0.0314)	acc 100.0000 (99.6875)	lr 9.549150281252637e-05
epoch [81/100][20/57]	time 0.072 (0.296)	data 0.000 (0.223)	eta 0:05:31	loss 1.9632 (0.6450)	xded_loss 0.0467 (0.0351)	acc 37.5000 (90.9375)	lr 9.549150281252637e-05
epoch [81/100][30/57]	time 0.069 (0.302)	data 0.001 (0.230)	eta 0:05:35	loss 0.3026 (0.6360)	xded_loss 0.0284 (0.0356)	acc 100.0000 (91.8750)	lr 9.549150281252637e-05
epoch [81/100][40/57]	time 0.071 (0.282)	data 0.000 (0.212)	eta 0:05:10	loss 0.3777 (0.5913)	xded_loss 0.0425 (0.0355)	acc 100.0000 (93.5938)	lr 9.549150281252637e-05
epoch [81/100][50/57]	time 0.087 (0.286)	data 0.000 (0.213)	eta 0:05:11	loss 0.2408 (0.5674)	xded_loss 0.0296 (0.0356)	acc 100.0000 (93.8750)	lr 9.549150281252637e-05
Do evaluation on test set
=> result
* total: 1,664
* correct: 1,582
* accuracy: 95.07%
* error: 4.93%
epoch [82/100][10/57]	time 0.416 (0.387)	data 0.376 (0.310)	eta 0:06:55	loss 2.0876 (0.8256)	xded_loss 0.0583 (0.0355)	acc 46.8750 (82.5000)	lr 8.645971286271918e-05
epoch [82/100][20/57]	time 0.074 (0.300)	data 0.001 (0.218)	eta 0:05:18	loss 0.4095 (0.6696)	xded_loss 0.0305 (0.0346)	acc 100.0000 (88.7500)	lr 8.645971286271918e-05
epoch [82/100][30/57]	time 0.104 (0.300)	data 0.000 (0.221)	eta 0:05:15	loss 0.3216 (0.5621)	xded_loss 0.0306 (0.0345)	acc 100.0000 (92.5000)	lr 8.645971286271918e-05
epoch [82/100][40/57]	time 0.097 (0.279)	data 0.049 (0.201)	eta 0:04:51	loss 0.3495 (0.5032)	xded_loss 0.0399 (0.0346)	acc 100.0000 (94.3750)	lr 8.645971286271918e-05
epoch [82/100][50/57]	time 0.345 (0.288)	data 0.290 (0.212)	eta 0:04:57	loss 0.5762 (0.5085)	xded_loss 0.0583 (0.0354)	acc 100.0000 (94.5625)	lr 8.645971286271918e-05
Do evaluation on test set
=> result
* total: 1,664
* correct: 1,583
* accuracy: 95.13%
* error: 4.87%
epoch [83/100][10/57]	time 0.264 (0.366)	data 0.184 (0.297)	eta 0:06:11	loss 0.5003 (0.3650)	xded_loss 0.0479 (0.0351)	acc 100.0000 (100.0000)	lr 7.78360372489926e-05
epoch [83/100][20/57]	time 0.081 (0.287)	data 0.000 (0.222)	eta 0:04:48	loss 0.3171 (0.4371)	xded_loss 0.0329 (0.0360)	acc 100.0000 (97.0312)	lr 7.78360372489926e-05
epoch [83/100][30/57]	time 0.264 (0.281)	data 0.177 (0.217)	eta 0:04:40	loss 0.3573 (0.4035)	xded_loss 0.0272 (0.0348)	acc 100.0000 (98.0208)	lr 7.78360372489926e-05
epoch [83/100][40/57]	time 0.075 (0.270)	data 0.005 (0.207)	eta 0:04:26	loss 2.0768 (0.5372)	xded_loss 0.0620 (0.0366)	acc 46.8750 (94.0625)	lr 7.78360372489926e-05
epoch [83/100][50/57]	time 0.313 (0.272)	data 0.245 (0.209)	eta 0:04:25	loss 0.3201 (0.5248)	xded_loss 0.0268 (0.0358)	acc 100.0000 (94.6875)	lr 7.78360372489926e-05
Do evaluation on test set
=> result
* total: 1,664
* correct: 1,492
* accuracy: 89.66%
* error: 10.34%
epoch [84/100][10/57]	time 0.094 (0.382)	data 0.000 (0.309)	eta 0:06:06	loss 0.3409 (0.6053)	xded_loss 0.0350 (0.0326)	acc 100.0000 (91.8750)	lr 6.962898649802815e-05
epoch [84/100][20/57]	time 0.078 (0.289)	data 0.000 (0.217)	eta 0:04:34	loss 0.3558 (0.5332)	xded_loss 0.0294 (0.0320)	acc 100.0000 (93.4375)	lr 6.962898649802815e-05
epoch [84/100][30/57]	time 0.063 (0.284)	data 0.000 (0.212)	eta 0:04:26	loss 0.3761 (0.4562)	xded_loss 0.0297 (0.0309)	acc 100.0000 (95.6250)	lr 6.962898649802815e-05
epoch [84/100][40/57]	time 0.066 (0.264)	data 0.000 (0.196)	eta 0:04:05	loss 0.3112 (0.4630)	xded_loss 0.0299 (0.0325)	acc 100.0000 (95.6250)	lr 6.962898649802815e-05
epoch [84/100][50/57]	time 0.253 (0.269)	data 0.194 (0.200)	eta 0:04:06	loss 0.2225 (0.5049)	xded_loss 0.0220 (0.0337)	acc 100.0000 (94.2500)	lr 6.962898649802815e-05
Do evaluation on test set
=> result
* total: 1,664
* correct: 1,399
* accuracy: 84.07%
* error: 15.93%
epoch [85/100][10/57]	time 0.328 (0.367)	data 0.255 (0.288)	eta 0:05:31	loss 1.7643 (0.4734)	xded_loss 0.0401 (0.0341)	acc 53.1250 (95.3125)	lr 6.184665997806824e-05
epoch [85/100][20/57]	time 0.081 (0.287)	data 0.002 (0.214)	eta 0:04:15	loss 0.3679 (0.5679)	xded_loss 0.0454 (0.0365)	acc 100.0000 (93.2812)	lr 6.184665997806824e-05
epoch [85/100][30/57]	time 0.181 (0.279)	data 0.138 (0.210)	eta 0:04:06	loss 0.4270 (0.6818)	xded_loss 0.0277 (0.0377)	acc 100.0000 (90.8333)	lr 6.184665997806824e-05
epoch [85/100][40/57]	time 0.079 (0.262)	data 0.000 (0.191)	eta 0:03:48	loss 0.3359 (0.6606)	xded_loss 0.0336 (0.0363)	acc 100.0000 (91.7188)	lr 6.184665997806824e-05
epoch [85/100][50/57]	time 0.315 (0.265)	data 0.259 (0.197)	eta 0:03:48	loss 0.3557 (0.5897)	xded_loss 0.0244 (0.0350)	acc 100.0000 (93.3750)	lr 6.184665997806824e-05
Do evaluation on test set
=> result
* total: 1,664
* correct: 1,583
* accuracy: 95.13%
* error: 4.87%
epoch [86/100][10/57]	time 0.127 (0.388)	data 0.000 (0.308)	eta 0:05:27	loss 0.3967 (0.5567)	xded_loss 0.0343 (0.0354)	acc 100.0000 (93.7500)	lr 5.449673790581613e-05
epoch [86/100][20/57]	time 0.069 (0.306)	data 0.000 (0.230)	eta 0:04:15	loss 1.6667 (0.6443)	xded_loss 0.0464 (0.0360)	acc 56.2500 (91.4062)	lr 5.449673790581613e-05
epoch [86/100][30/57]	time 0.071 (0.303)	data 0.003 (0.229)	eta 0:04:10	loss 0.3261 (0.5342)	xded_loss 0.0293 (0.0336)	acc 100.0000 (94.2708)	lr 5.449673790581613e-05
epoch [86/100][40/57]	time 0.080 (0.286)	data 0.003 (0.212)	eta 0:03:52	loss 0.2689 (0.5686)	xded_loss 0.0301 (0.0345)	acc 100.0000 (92.9688)	lr 5.449673790581613e-05
epoch [86/100][50/57]	time 0.085 (0.286)	data 0.001 (0.212)	eta 0:03:50	loss 0.4422 (0.5540)	xded_loss 0.0464 (0.0345)	acc 100.0000 (93.7500)	lr 5.449673790581613e-05
Do evaluation on test set
=> result
* total: 1,664
* correct: 1,577
* accuracy: 94.77%
* error: 5.23%
epoch [87/100][10/57]	time 0.326 (0.386)	data 0.270 (0.329)	eta 0:05:04	loss 1.9563 (0.7975)	xded_loss 0.0730 (0.0360)	acc 56.2500 (84.6875)	lr 4.758647376699034e-05
epoch [87/100][20/57]	time 0.075 (0.308)	data 0.000 (0.243)	eta 0:03:59	loss 0.3383 (0.5803)	xded_loss 0.0335 (0.0363)	acc 100.0000 (92.3438)	lr 4.758647376699034e-05
epoch [87/100][30/57]	time 0.431 (0.304)	data 0.347 (0.239)	eta 0:03:53	loss 0.4008 (0.6509)	xded_loss 0.0329 (0.0367)	acc 100.0000 (91.0417)	lr 4.758647376699034e-05
epoch [87/100][40/57]	time 0.078 (0.286)	data 0.011 (0.219)	eta 0:03:37	loss 2.0942 (0.6555)	xded_loss 0.0425 (0.0360)	acc 37.5000 (90.2344)	lr 4.758647376699034e-05
epoch [87/100][50/57]	time 0.155 (0.286)	data 0.096 (0.221)	eta 0:03:33	loss 1.4475 (0.6651)	xded_loss 0.0227 (0.0352)	acc 84.3750 (90.6250)	lr 4.758647376699034e-05
Do evaluation on test set
=> result
* total: 1,664
* correct: 1,152
* accuracy: 69.23%
* error: 30.77%
epoch [88/100][10/57]	time 0.071 (0.361)	data 0.001 (0.296)	eta 0:04:24	loss 0.3501 (0.8008)	xded_loss 0.0316 (0.0400)	acc 100.0000 (86.5625)	lr 4.112268715800956e-05
epoch [88/100][20/57]	time 0.036 (0.291)	data 0.000 (0.219)	eta 0:03:30	loss 0.2507 (0.6273)	xded_loss 0.0317 (0.0362)	acc 100.0000 (92.1875)	lr 4.112268715800956e-05
epoch [88/100][30/57]	time 0.072 (0.294)	data 0.000 (0.223)	eta 0:03:28	loss 0.2508 (0.5211)	xded_loss 0.0282 (0.0343)	acc 100.0000 (94.7917)	lr 4.112268715800956e-05
epoch [88/100][40/57]	time 0.051 (0.269)	data 0.002 (0.199)	eta 0:03:08	loss 0.5221 (0.5408)	xded_loss 0.0512 (0.0340)	acc 100.0000 (94.2188)	lr 4.112268715800956e-05
epoch [88/100][50/57]	time 0.088 (0.270)	data 0.004 (0.201)	eta 0:03:06	loss 1.7947 (0.5493)	xded_loss 0.0382 (0.0336)	acc 50.0000 (93.9375)	lr 4.112268715800956e-05
Do evaluation on test set
=> result
* total: 1,664
* correct: 1,247
* accuracy: 74.94%
* error: 25.06%
epoch [89/100][10/57]	time 0.302 (0.359)	data 0.246 (0.291)	eta 0:04:02	loss 0.4187 (0.5202)	xded_loss 0.0299 (0.0354)	acc 100.0000 (96.8750)	lr 3.511175705587434e-05
epoch [89/100][20/57]	time 0.092 (0.288)	data 0.001 (0.220)	eta 0:03:11	loss 0.3070 (0.5174)	xded_loss 0.0225 (0.0364)	acc 100.0000 (96.0938)	lr 3.511175705587434e-05
epoch [89/100][30/57]	time 0.142 (0.273)	data 0.065 (0.206)	eta 0:02:58	loss 0.3054 (0.5145)	xded_loss 0.0281 (0.0354)	acc 100.0000 (95.8333)	lr 3.511175705587434e-05
epoch [89/100][40/57]	time 0.061 (0.264)	data 0.000 (0.197)	eta 0:02:49	loss 0.2892 (0.5081)	xded_loss 0.0259 (0.0344)	acc 100.0000 (95.4688)	lr 3.511175705587434e-05
epoch [89/100][50/57]	time 0.285 (0.267)	data 0.247 (0.202)	eta 0:02:49	loss 0.3577 (0.4725)	xded_loss 0.0348 (0.0337)	acc 100.0000 (96.3750)	lr 3.511175705587434e-05
Do evaluation on test set
=> result
* total: 1,664
* correct: 1,587
* accuracy: 95.37%
* error: 4.63%
epoch [90/100][10/57]	time 0.052 (0.367)	data 0.001 (0.309)	eta 0:03:46	loss 0.3035 (0.4640)	xded_loss 0.0270 (0.0383)	acc 100.0000 (95.9375)	lr 2.9559615522887284e-05
epoch [90/100][20/57]	time 0.056 (0.283)	data 0.000 (0.216)	eta 0:02:51	loss 0.3116 (0.4577)	xded_loss 0.0283 (0.0369)	acc 100.0000 (96.2500)	lr 2.9559615522887284e-05
epoch [90/100][30/57]	time 0.321 (0.279)	data 0.267 (0.210)	eta 0:02:46	loss 0.2546 (0.4640)	xded_loss 0.0285 (0.0345)	acc 100.0000 (96.4583)	lr 2.9559615522887284e-05
epoch [90/100][40/57]	time 0.063 (0.259)	data 0.001 (0.192)	eta 0:02:32	loss 0.3369 (0.5371)	xded_loss 0.0361 (0.0354)	acc 100.0000 (94.6875)	lr 2.9559615522887284e-05
epoch [90/100][50/57]	time 0.157 (0.260)	data 0.116 (0.193)	eta 0:02:29	loss 1.7206 (0.5490)	xded_loss 0.0428 (0.0348)	acc 71.8750 (94.8750)	lr 2.9559615522887284e-05
Do evaluation on test set
=> result
* total: 1,664
* correct: 1,571
* accuracy: 94.41%
* error: 5.59%
epoch [91/100][10/57]	time 0.439 (0.379)	data 0.383 (0.308)	eta 0:03:32	loss 0.3949 (1.2618)	xded_loss 0.0310 (0.0446)	acc 100.0000 (74.3750)	lr 2.447174185242324e-05
epoch [91/100][20/57]	time 0.071 (0.303)	data 0.001 (0.233)	eta 0:02:46	loss 0.2675 (0.8037)	xded_loss 0.0223 (0.0388)	acc 100.0000 (87.1875)	lr 2.447174185242324e-05
epoch [91/100][30/57]	time 0.271 (0.292)	data 0.233 (0.226)	eta 0:02:37	loss 0.4556 (0.6451)	xded_loss 0.0421 (0.0372)	acc 100.0000 (91.4583)	lr 2.447174185242324e-05
epoch [91/100][40/57]	time 0.083 (0.279)	data 0.005 (0.210)	eta 0:02:27	loss 0.3582 (0.6043)	xded_loss 0.0367 (0.0363)	acc 100.0000 (92.6562)	lr 2.447174185242324e-05
epoch [91/100][50/57]	time 0.318 (0.283)	data 0.262 (0.217)	eta 0:02:27	loss 0.3419 (0.5489)	xded_loss 0.0268 (0.0352)	acc 100.0000 (94.1250)	lr 2.447174185242324e-05
Do evaluation on test set
=> result
* total: 1,664
* correct: 1,583
* accuracy: 95.13%
* error: 4.87%
epoch [92/100][10/57]	time 0.121 (0.357)	data 0.078 (0.295)	eta 0:02:59	loss 0.3355 (0.7885)	xded_loss 0.0322 (0.0384)	acc 100.0000 (87.8125)	lr 1.9853157161528526e-05
epoch [92/100][20/57]	time 0.067 (0.300)	data 0.004 (0.239)	eta 0:02:27	loss 0.4550 (0.5540)	xded_loss 0.0451 (0.0340)	acc 100.0000 (93.9062)	lr 1.9853157161528526e-05
epoch [92/100][30/57]	time 0.167 (0.291)	data 0.115 (0.229)	eta 0:02:20	loss 1.8408 (0.6735)	xded_loss 0.0621 (0.0343)	acc 59.3750 (90.6250)	lr 1.9853157161528526e-05
epoch [92/100][40/57]	time 0.076 (0.281)	data 0.000 (0.220)	eta 0:02:12	loss 0.2861 (0.6593)	xded_loss 0.0278 (0.0347)	acc 100.0000 (91.1719)	lr 1.9853157161528526e-05
epoch [92/100][50/57]	time 0.156 (0.280)	data 0.111 (0.218)	eta 0:02:09	loss 0.2959 (0.5928)	xded_loss 0.0261 (0.0341)	acc 100.0000 (92.9375)	lr 1.9853157161528526e-05
Do evaluation on test set
=> result
* total: 1,664
* correct: 1,576
* accuracy: 94.71%
* error: 5.29%
epoch [93/100][10/57]	time 0.213 (0.394)	data 0.140 (0.325)	eta 0:02:55	loss 0.4063 (0.7643)	xded_loss 0.0405 (0.0367)	acc 100.0000 (90.0000)	lr 1.570841943568452e-05
epoch [93/100][20/57]	time 0.085 (0.302)	data 0.000 (0.235)	eta 0:02:11	loss 0.3387 (0.5991)	xded_loss 0.0328 (0.0335)	acc 100.0000 (93.2812)	lr 1.570841943568452e-05
epoch [93/100][30/57]	time 0.061 (0.299)	data 0.000 (0.234)	eta 0:02:07	loss 1.6542 (0.6100)	xded_loss 0.0309 (0.0342)	acc 65.6250 (91.9792)	lr 1.570841943568452e-05
epoch [93/100][40/57]	time 0.067 (0.276)	data 0.001 (0.208)	eta 0:01:54	loss 0.3877 (0.5695)	xded_loss 0.0334 (0.0336)	acc 100.0000 (93.0469)	lr 1.570841943568452e-05
epoch [93/100][50/57]	time 0.164 (0.277)	data 0.091 (0.207)	eta 0:01:52	loss 0.3120 (0.5744)	xded_loss 0.0286 (0.0338)	acc 100.0000 (93.0625)	lr 1.570841943568452e-05
Do evaluation on test set
=> result
* total: 1,664
* correct: 1,578
* accuracy: 94.83%
* error: 5.17%
epoch [94/100][10/57]	time 0.061 (0.372)	data 0.000 (0.299)	eta 0:02:24	loss 0.2797 (0.6062)	xded_loss 0.0227 (0.0332)	acc 100.0000 (93.1250)	lr 1.204161903062634e-05
epoch [94/100][20/57]	time 0.079 (0.288)	data 0.001 (0.219)	eta 0:01:49	loss 1.8121 (0.5358)	xded_loss 0.0754 (0.0343)	acc 68.7500 (95.0000)	lr 1.204161903062634e-05
epoch [94/100][30/57]	time 0.057 (0.283)	data 0.001 (0.214)	eta 0:01:44	loss 0.2682 (0.4587)	xded_loss 0.0222 (0.0337)	acc 100.0000 (96.6667)	lr 1.204161903062634e-05
epoch [94/100][40/57]	time 0.078 (0.264)	data 0.000 (0.195)	eta 0:01:34	loss 0.3475 (0.5757)	xded_loss 0.0306 (0.0349)	acc 100.0000 (93.4375)	lr 1.204161903062634e-05
epoch [94/100][50/57]	time 0.078 (0.267)	data 0.000 (0.196)	eta 0:01:33	loss 1.7857 (0.5807)	xded_loss 0.0761 (0.0358)	acc 68.7500 (93.3750)	lr 1.204161903062634e-05
Do evaluation on test set
=> result
* total: 1,664
* correct: 1,391
* accuracy: 83.59%
* error: 16.41%
epoch [95/100][10/57]	time 0.277 (0.355)	data 0.212 (0.280)	eta 0:01:57	loss 2.0291 (0.6493)	xded_loss 0.0379 (0.0358)	acc 40.6250 (89.3750)	lr 8.85637463565564e-06
epoch [95/100][20/57]	time 0.066 (0.285)	data 0.000 (0.215)	eta 0:01:31	loss 0.3084 (0.5648)	xded_loss 0.0278 (0.0352)	acc 100.0000 (92.8125)	lr 8.85637463565564e-06
epoch [95/100][30/57]	time 0.193 (0.276)	data 0.111 (0.207)	eta 0:01:25	loss 0.2577 (0.5275)	xded_loss 0.0232 (0.0341)	acc 100.0000 (94.1667)	lr 8.85637463565564e-06
epoch [95/100][40/57]	time 0.087 (0.262)	data 0.006 (0.195)	eta 0:01:19	loss 1.8085 (0.5539)	xded_loss 0.0461 (0.0341)	acc 68.7500 (93.5156)	lr 8.85637463565564e-06
epoch [95/100][50/57]	time 0.147 (0.261)	data 0.098 (0.192)	eta 0:01:16	loss 0.2237 (0.5645)	xded_loss 0.0221 (0.0340)	acc 100.0000 (93.7500)	lr 8.85637463565564e-06
Do evaluation on test set
=> result
* total: 1,664
* correct: 1,572
* accuracy: 94.47%
* error: 5.53%
epoch [96/100][10/57]	time 0.414 (0.360)	data 0.372 (0.298)	eta 0:01:39	loss 0.2823 (0.8617)	xded_loss 0.0288 (0.0379)	acc 100.0000 (86.5625)	lr 6.155829702431171e-06
epoch [96/100][20/57]	time 0.127 (0.273)	data 0.058 (0.211)	eta 0:01:12	loss 0.3659 (0.8378)	xded_loss 0.0427 (0.0396)	acc 100.0000 (87.5000)	lr 6.155829702431171e-06
epoch [96/100][30/57]	time 0.502 (0.285)	data 0.456 (0.223)	eta 0:01:12	loss 0.3620 (0.7157)	xded_loss 0.0297 (0.0370)	acc 100.0000 (90.4167)	lr 6.155829702431171e-06
epoch [96/100][40/57]	time 0.076 (0.270)	data 0.001 (0.207)	eta 0:01:06	loss 0.3446 (0.7719)	xded_loss 0.0299 (0.0374)	acc 100.0000 (88.4375)	lr 6.155829702431171e-06
epoch [96/100][50/57]	time 0.228 (0.274)	data 0.184 (0.213)	eta 0:01:04	loss 0.3877 (0.6889)	xded_loss 0.0364 (0.0370)	acc 100.0000 (90.7500)	lr 6.155829702431171e-06
Do evaluation on test set
=> result
* total: 1,664
* correct: 1,580
* accuracy: 94.95%
* error: 5.05%
epoch [97/100][10/57]	time 0.434 (0.395)	data 0.390 (0.334)	eta 0:01:26	loss 0.2630 (0.3103)	xded_loss 0.0189 (0.0296)	acc 100.0000 (100.0000)	lr 3.942649342761118e-06
epoch [97/100][20/57]	time 0.212 (0.303)	data 0.138 (0.240)	eta 0:01:03	loss 0.3514 (0.4622)	xded_loss 0.0334 (0.0340)	acc 100.0000 (97.0312)	lr 3.942649342761118e-06
epoch [97/100][30/57]	time 0.315 (0.298)	data 0.265 (0.237)	eta 0:00:58	loss 0.2615 (0.4696)	xded_loss 0.0320 (0.0332)	acc 100.0000 (96.1458)	lr 3.942649342761118e-06
epoch [97/100][40/57]	time 0.078 (0.281)	data 0.001 (0.217)	eta 0:00:52	loss 0.3121 (0.4380)	xded_loss 0.0243 (0.0332)	acc 100.0000 (97.1094)	lr 3.942649342761118e-06
epoch [97/100][50/57]	time 0.347 (0.282)	data 0.295 (0.217)	eta 0:00:50	loss 0.3905 (0.4168)	xded_loss 0.0331 (0.0327)	acc 100.0000 (97.6875)	lr 3.942649342761118e-06
Do evaluation on test set
=> result
* total: 1,664
* correct: 1,592
* accuracy: 95.67%
* error: 4.33%
epoch [98/100][10/57]	time 0.149 (0.373)	data 0.096 (0.300)	eta 0:00:59	loss 0.1992 (1.1049)	xded_loss 0.0199 (0.0381)	acc 100.0000 (77.8125)	lr 2.2190176984600023e-06
epoch [98/100][20/57]	time 0.112 (0.299)	data 0.000 (0.227)	eta 0:00:45	loss 0.2773 (0.8610)	xded_loss 0.0223 (0.0359)	acc 100.0000 (85.9375)	lr 2.2190176984600023e-06
epoch [98/100][30/57]	time 0.309 (0.294)	data 0.256 (0.225)	eta 0:00:41	loss 0.3295 (0.7764)	xded_loss 0.0269 (0.0358)	acc 100.0000 (88.5417)	lr 2.2190176984600023e-06
epoch [98/100][40/57]	time 0.042 (0.273)	data 0.000 (0.207)	eta 0:00:35	loss 0.3077 (0.7676)	xded_loss 0.0349 (0.0370)	acc 100.0000 (88.8281)	lr 2.2190176984600023e-06
epoch [98/100][50/57]	time 0.285 (0.278)	data 0.225 (0.210)	eta 0:00:33	loss 2.1263 (0.7449)	xded_loss 0.0536 (0.0370)	acc 31.2500 (88.9375)	lr 2.2190176984600023e-06
Do evaluation on test set
=> result
* total: 1,664
* correct: 1,370
* accuracy: 82.33%
* error: 17.67%
epoch [99/100][10/57]	time 0.139 (0.364)	data 0.093 (0.289)	eta 0:00:37	loss 0.2973 (0.5806)	xded_loss 0.0277 (0.0349)	acc 100.0000 (94.6875)	lr 9.866357858642206e-07
epoch [99/100][20/57]	time 0.071 (0.293)	data 0.002 (0.220)	eta 0:00:27	loss 0.3384 (0.5475)	xded_loss 0.0392 (0.0354)	acc 100.0000 (94.3750)	lr 9.866357858642206e-07
epoch [99/100][30/57]	time 0.071 (0.283)	data 0.000 (0.210)	eta 0:00:23	loss 0.3209 (0.5265)	xded_loss 0.0290 (0.0358)	acc 100.0000 (95.2083)	lr 9.866357858642206e-07
epoch [99/100][40/57]	time 0.063 (0.269)	data 0.000 (0.194)	eta 0:00:19	loss 0.2130 (0.5126)	xded_loss 0.0244 (0.0351)	acc 100.0000 (95.6250)	lr 9.866357858642206e-07
epoch [99/100][50/57]	time 0.086 (0.267)	data 0.000 (0.191)	eta 0:00:17	loss 0.3015 (0.5013)	xded_loss 0.0351 (0.0349)	acc 100.0000 (96.0000)	lr 9.866357858642206e-07
Do evaluation on test set
=> result
* total: 1,664
* correct: 1,490
* accuracy: 89.54%
* error: 10.46%
epoch [100/100][10/57]	time 0.068 (0.365)	data 0.003 (0.301)	eta 0:00:17	loss 0.2669 (0.3059)	xded_loss 0.0279 (0.0304)	acc 100.0000 (100.0000)	lr 2.467198171342e-07
epoch [100/100][20/57]	time 0.087 (0.285)	data 0.002 (0.218)	eta 0:00:10	loss 0.3383 (0.4655)	xded_loss 0.0320 (0.0327)	acc 100.0000 (97.3438)	lr 2.467198171342e-07
epoch [100/100][30/57]	time 0.133 (0.281)	data 0.086 (0.214)	eta 0:00:07	loss 0.3180 (0.5704)	xded_loss 0.0415 (0.0336)	acc 100.0000 (94.4792)	lr 2.467198171342e-07
epoch [100/100][40/57]	time 0.076 (0.267)	data 0.001 (0.200)	eta 0:00:04	loss 0.3973 (0.5122)	xded_loss 0.0415 (0.0336)	acc 100.0000 (95.8594)	lr 2.467198171342e-07
epoch [100/100][50/57]	time 0.077 (0.269)	data 0.000 (0.203)	eta 0:00:01	loss 0.3244 (0.5112)	xded_loss 0.0364 (0.0341)	acc 100.0000 (95.6875)	lr 2.467198171342e-07
Do evaluation on test set
=> result
* total: 1,664
* correct: 1,558
* accuracy: 93.63%
* error: 6.37%
Finished training
Do evaluation on test set
=> result
* total: 1,664
* correct: 1,558
* accuracy: 93.63%
* error: 6.37%
Elapsed: 0:45:52
