Setting fixed seed: 1
Collecting env info ...
** System info **
PyTorch version: 1.10.1
Is debug build: False
CUDA used to build PyTorch: 11.3
ROCM used to build PyTorch: N/A

OS: CentOS Linux release 7.9.2009 (Core) (x86_64)
GCC version: (GCC) 8.3.0
Clang version: Could not collect
CMake version: Could not collect
Libc version: glibc-2.17

Python version: 3.7.13 (default, Mar 29 2022, 02:18:16)  [GCC 7.5.0] (64-bit runtime)
Python platform: Linux-3.10.0-1160.88.1.el7.x86_64-x86_64-with-centos-7.9.2009-Core
Is CUDA available: True
CUDA runtime version: 10.1.243
GPU models and configuration: GPU 0: Tesla V100-SXM2-32GB
Nvidia driver version: 525.105.17
cuDNN version: Could not collect
HIP runtime version: N/A
MIOpen runtime version: N/A

Versions of relevant libraries:
[pip3] numpy==1.21.5
[pip3] torch==1.10.1
[pip3] torchaudio==0.10.1
[pip3] torchvision==0.11.2
[conda] blas                      1.0                         mkl    conda-forge
[conda] cudatoolkit               11.3.1               h2bc3f7f_2  
[conda] mkl                       2021.4.0           h8d4b97c_729    conda-forge
[conda] mkl-service               2.4.0            py37h402132d_0    conda-forge
[conda] mkl_fft                   1.3.1            py37h3e078e5_1    conda-forge
[conda] mkl_random                1.2.2            py37h219a48f_0    conda-forge
[conda] numpy                     1.21.5           py37he7a7128_2  
[conda] numpy-base                1.21.5           py37hf524024_2  
[conda] pytorch                   1.10.1          py3.7_cuda11.3_cudnn8.2.0_0    pytorch
[conda] pytorch-mutex             1.0                        cuda    pytorch
[conda] torchaudio                0.10.1               py37_cu113    pytorch
[conda] torchvision               0.11.2               py37_cu113    pytorch
        Pillow (8.2.0)

['XDED', 'Vanilla']
Loading trainer: XDED
Loading dataset: PACS
Building transform_train
+ resize to 224x224
+ random flip
+ random translation
+ to torch tensor of range [0, 1]
+ normalization (mean=[0.485, 0.456, 0.406], std=[0.229, 0.224, 0.225])
Building transform_test
+ resize to 224x224
+ to torch tensor of range [0, 1]
+ normalization (mean=[0.485, 0.456, 0.406], std=[0.229, 0.224, 0.225])
***** Dataset statistics *****
  Dataset: PACS
  Source domains: ['photo']
  Target domains: ['sketch']
  # classes: 7
  # train_x: 1,499
  # val: 171
  # test: 3,928
Building model
Backbone: resnet18_UniStyle_12
ResNet BACKBONE INITIALIZED
# params: 11,180,103
Loading evaluator: Classification
Initializing summary writer for tensorboard with log_dir=logs/sketch/XDED_XDED_UniStyle12
/home/acr22hl/.conda/envs/xded/lib/python3.7/site-packages/torch/utils/data/dataloader.py:481: UserWarning: This DataLoader will create 4 worker processes in total. Our suggested max number of worker in current system is 1, which is smaller than what this DataLoader is going to create. Please be aware that excessive worker creation might get DataLoader running slow or even freeze, lower the worker number to avoid potential slowness/freeze if necessary.
  cpuset_checked))
epoch [1/100][10/46]	time 0.331 (0.591)	data 0.268 (0.322)	eta 0:45:14	loss 2.8767 (2.4533)	xded_loss 0.0712 (0.0568)	acc 3.1250 (15.9375)	lr 0.001
epoch [1/100][20/46]	time 0.173 (0.403)	data 0.108 (0.237)	eta 0:30:45	loss 1.7644 (2.3881)	xded_loss 0.0670 (0.0556)	acc 46.8750 (19.5312)	lr 0.001
epoch [1/100][30/46]	time 0.417 (0.350)	data 0.367 (0.218)	eta 0:26:38	loss 2.1784 (2.2748)	xded_loss 0.0562 (0.0572)	acc 6.2500 (25.4167)	lr 0.001
epoch [1/100][40/46]	time 0.212 (0.318)	data 0.111 (0.201)	eta 0:24:08	loss 2.1300 (2.2635)	xded_loss 0.0630 (0.0588)	acc 28.1250 (27.1094)	lr 0.001
Do evaluation on test set
=> result
* total: 3,904
* correct: 533
* accuracy: 13.65%
* error: 86.35%
Checkpoint saved to "logs/sketch/XDED_XDED_UniStyle12/model/model.pth.tar-1"
Best checkpoint saved to "logs/sketch/XDED_XDED_UniStyle12/model/model-best.pth.tar"
epoch [2/100][10/46]	time 0.114 (0.371)	data 0.000 (0.290)	eta 0:28:06	loss 2.5886 (2.1747)	xded_loss 0.0679 (0.0682)	acc 46.8750 (42.8125)	lr 0.0009997532801828658
epoch [2/100][20/46]	time 0.071 (0.286)	data 0.001 (0.203)	eta 0:21:36	loss 1.8913 (2.0252)	xded_loss 0.0785 (0.0639)	acc 28.1250 (44.6875)	lr 0.0009997532801828658
epoch [2/100][30/46]	time 0.155 (0.283)	data 0.000 (0.194)	eta 0:21:20	loss 0.9650 (2.0423)	xded_loss 0.0569 (0.0619)	acc 96.8750 (41.3542)	lr 0.0009997532801828658
epoch [2/100][40/46]	time 0.076 (0.266)	data 0.000 (0.178)	eta 0:19:59	loss 0.9918 (1.9395)	xded_loss 0.0565 (0.0602)	acc 93.7500 (44.5312)	lr 0.0009997532801828658
Do evaluation on test set
=> result
* total: 3,904
* correct: 915
* accuracy: 23.44%
* error: 76.56%
Checkpoint saved to "logs/sketch/XDED_XDED_UniStyle12/model/model.pth.tar-2"
Best checkpoint saved to "logs/sketch/XDED_XDED_UniStyle12/model/model-best.pth.tar"
epoch [3/100][10/46]	time 0.153 (0.374)	data 0.093 (0.306)	eta 0:28:04	loss 1.9743 (1.8533)	xded_loss 0.0499 (0.0501)	acc 25.0000 (25.6250)	lr 0.0009990133642141358
epoch [3/100][20/46]	time 0.101 (0.289)	data 0.000 (0.219)	eta 0:21:37	loss 1.6627 (1.9266)	xded_loss 0.0679 (0.0557)	acc 56.2500 (28.1250)	lr 0.0009990133642141358
epoch [3/100][30/46]	time 0.107 (0.283)	data 0.000 (0.211)	eta 0:21:08	loss 1.6151 (1.8637)	xded_loss 0.0482 (0.0560)	acc 46.8750 (33.1250)	lr 0.0009990133642141358
epoch [3/100][40/46]	time 0.075 (0.264)	data 0.000 (0.191)	eta 0:19:40	loss 0.8921 (1.9290)	xded_loss 0.0548 (0.0584)	acc 81.2500 (35.0781)	lr 0.0009990133642141358
Do evaluation on test set
=> result
* total: 3,904
* correct: 1,113
* accuracy: 28.51%
* error: 71.49%
Checkpoint saved to "logs/sketch/XDED_XDED_UniStyle12/model/model.pth.tar-3"
Best checkpoint saved to "logs/sketch/XDED_XDED_UniStyle12/model/model-best.pth.tar"
epoch [4/100][10/46]	time 0.190 (0.335)	data 0.113 (0.261)	eta 0:24:52	loss 1.1414 (1.8339)	xded_loss 0.0400 (0.0544)	acc 59.3750 (53.1250)	lr 0.00099778098230154
epoch [4/100][20/46]	time 0.095 (0.280)	data 0.000 (0.211)	eta 0:20:44	loss 1.4140 (1.7148)	xded_loss 0.0491 (0.0543)	acc 56.2500 (51.8750)	lr 0.00099778098230154
epoch [4/100][30/46]	time 0.143 (0.269)	data 0.079 (0.198)	eta 0:19:50	loss 2.3337 (1.6781)	xded_loss 0.0600 (0.0556)	acc 31.2500 (54.4792)	lr 0.00099778098230154
epoch [4/100][40/46]	time 0.119 (0.258)	data 0.021 (0.186)	eta 0:19:00	loss 1.2214 (1.5200)	xded_loss 0.0804 (0.0565)	acc 59.3750 (61.6406)	lr 0.00099778098230154
Do evaluation on test set
=> result
* total: 3,904
* correct: 1,198
* accuracy: 30.69%
* error: 69.31%
Checkpoint saved to "logs/sketch/XDED_XDED_UniStyle12/model/model.pth.tar-4"
Best checkpoint saved to "logs/sketch/XDED_XDED_UniStyle12/model/model-best.pth.tar"
epoch [5/100][10/46]	time 0.134 (0.344)	data 0.037 (0.270)	eta 0:25:15	loss 1.8745 (1.3695)	xded_loss 0.0432 (0.0553)	acc 6.2500 (64.6875)	lr 0.000996057350657239
epoch [5/100][20/46]	time 0.073 (0.276)	data 0.001 (0.206)	eta 0:20:14	loss 2.6365 (1.8631)	xded_loss 0.0493 (0.0553)	acc 50.0000 (50.3125)	lr 0.000996057350657239
epoch [5/100][30/46]	time 0.264 (0.275)	data 0.204 (0.207)	eta 0:20:06	loss 1.9551 (1.9715)	xded_loss 0.0621 (0.0549)	acc 50.0000 (48.2292)	lr 0.000996057350657239
epoch [5/100][40/46]	time 0.107 (0.258)	data 0.000 (0.187)	eta 0:18:50	loss 0.3438 (1.8410)	xded_loss 0.0380 (0.0543)	acc 100.0000 (49.9219)	lr 0.000996057350657239
Do evaluation on test set
=> result
* total: 3,904
* correct: 835
* accuracy: 21.39%
* error: 78.61%
epoch [6/100][10/46]	time 0.160 (0.346)	data 0.100 (0.274)	eta 0:25:06	loss 1.6682 (1.6064)	xded_loss 0.0415 (0.0544)	acc 46.8750 (60.0000)	lr 0.0009938441702975688
epoch [6/100][20/46]	time 0.069 (0.269)	data 0.001 (0.200)	eta 0:19:28	loss 1.9269 (1.6341)	xded_loss 0.0550 (0.0533)	acc 46.8750 (52.0312)	lr 0.0009938441702975688
epoch [6/100][30/46]	time 0.411 (0.266)	data 0.358 (0.201)	eta 0:19:16	loss 0.7331 (1.5635)	xded_loss 0.0530 (0.0537)	acc 81.2500 (52.3958)	lr 0.0009938441702975688
epoch [6/100][40/46]	time 0.083 (0.251)	data 0.000 (0.184)	eta 0:18:08	loss 1.0391 (1.5945)	xded_loss 0.0575 (0.0545)	acc 59.3750 (49.2969)	lr 0.0009938441702975688
Do evaluation on test set
=> result
* total: 3,904
* correct: 1,448
* accuracy: 37.09%
* error: 62.91%
Checkpoint saved to "logs/sketch/XDED_XDED_UniStyle12/model/model.pth.tar-6"
Best checkpoint saved to "logs/sketch/XDED_XDED_UniStyle12/model/model-best.pth.tar"
epoch [7/100][10/46]	time 0.112 (0.368)	data 0.000 (0.294)	eta 0:26:27	loss 1.0584 (1.4306)	xded_loss 0.0506 (0.0595)	acc 71.8750 (59.6875)	lr 0.0009911436253643444
epoch [7/100][20/46]	time 0.106 (0.298)	data 0.020 (0.224)	eta 0:21:20	loss 1.3779 (1.3158)	xded_loss 0.0626 (0.0589)	acc 56.2500 (68.1250)	lr 0.0009911436253643444
epoch [7/100][30/46]	time 0.094 (0.293)	data 0.000 (0.220)	eta 0:21:00	loss 1.6299 (1.3094)	xded_loss 0.0772 (0.0594)	acc 59.3750 (66.3542)	lr 0.0009911436253643444
epoch [7/100][40/46]	time 0.073 (0.272)	data 0.004 (0.199)	eta 0:19:24	loss 1.2230 (1.3377)	xded_loss 0.0502 (0.0591)	acc 59.3750 (63.1250)	lr 0.0009911436253643444
Do evaluation on test set
=> result
* total: 3,904
* correct: 1,539
* accuracy: 39.42%
* error: 60.58%
Checkpoint saved to "logs/sketch/XDED_XDED_UniStyle12/model/model.pth.tar-7"
Best checkpoint saved to "logs/sketch/XDED_XDED_UniStyle12/model/model-best.pth.tar"
epoch [8/100][10/46]	time 0.098 (0.365)	data 0.017 (0.289)	eta 0:25:58	loss 0.6069 (1.7250)	xded_loss 0.0527 (0.0702)	acc 93.7500 (51.8750)	lr 0.0009879583809693736
epoch [8/100][20/46]	time 0.064 (0.280)	data 0.000 (0.207)	eta 0:19:50	loss 1.6534 (1.4390)	xded_loss 0.0438 (0.0614)	acc 50.0000 (61.0938)	lr 0.0009879583809693736
epoch [8/100][30/46]	time 0.119 (0.271)	data 0.000 (0.195)	eta 0:19:13	loss 3.6197 (1.4632)	xded_loss 0.0585 (0.0605)	acc 0.0000 (62.1875)	lr 0.0009879583809693736
epoch [8/100][40/46]	time 0.074 (0.254)	data 0.000 (0.178)	eta 0:17:56	loss 0.6702 (1.3272)	xded_loss 0.0424 (0.0588)	acc 96.8750 (66.7969)	lr 0.0009879583809693736
Do evaluation on test set
=> result
* total: 3,904
* correct: 768
* accuracy: 19.67%
* error: 80.33%
epoch [9/100][10/46]	time 0.285 (0.361)	data 0.228 (0.293)	eta 0:25:23	loss 0.5983 (1.5361)	xded_loss 0.0492 (0.0703)	acc 100.0000 (63.1250)	lr 0.0009842915805643154
epoch [9/100][20/46]	time 0.135 (0.281)	data 0.089 (0.212)	eta 0:19:42	loss 1.3459 (1.6216)	xded_loss 0.0430 (0.0642)	acc 50.0000 (61.8750)	lr 0.0009842915805643154
epoch [9/100][30/46]	time 0.129 (0.275)	data 0.000 (0.206)	eta 0:19:16	loss 1.3257 (1.5372)	xded_loss 0.0632 (0.0605)	acc 59.3750 (59.5833)	lr 0.0009842915805643154
epoch [9/100][40/46]	time 0.149 (0.258)	data 0.073 (0.189)	eta 0:18:02	loss 0.8212 (1.4813)	xded_loss 0.0518 (0.0589)	acc 100.0000 (62.5781)	lr 0.0009842915805643154
Do evaluation on test set
=> result
* total: 3,904
* correct: 1,343
* accuracy: 34.40%
* error: 65.60%
epoch [10/100][10/46]	time 0.086 (0.344)	data 0.014 (0.280)	eta 0:23:57	loss 1.2103 (1.7327)	xded_loss 0.0701 (0.0575)	acc 93.7500 (52.1875)	lr 0.0009801468428384714
epoch [10/100][20/46]	time 0.083 (0.276)	data 0.004 (0.211)	eta 0:19:10	loss 0.5957 (1.4853)	xded_loss 0.0670 (0.0597)	acc 100.0000 (58.1250)	lr 0.0009801468428384714
epoch [10/100][30/46]	time 0.139 (0.268)	data 0.090 (0.205)	eta 0:18:34	loss 0.7832 (1.3746)	xded_loss 0.0481 (0.0585)	acc 87.5000 (61.9792)	lr 0.0009801468428384714
epoch [10/100][40/46]	time 0.146 (0.260)	data 0.096 (0.198)	eta 0:17:58	loss 2.0876 (1.4306)	xded_loss 0.0506 (0.0586)	acc 15.6250 (59.0625)	lr 0.0009801468428384714
Do evaluation on test set
=> result
* total: 3,904
* correct: 1,558
* accuracy: 39.91%
* error: 60.09%
Checkpoint saved to "logs/sketch/XDED_XDED_UniStyle12/model/model.pth.tar-10"
Best checkpoint saved to "logs/sketch/XDED_XDED_UniStyle12/model/model-best.pth.tar"
epoch [11/100][10/46]	time 0.096 (0.387)	data 0.016 (0.313)	eta 0:26:39	loss 1.5344 (1.1582)	xded_loss 0.0637 (0.0546)	acc 62.5000 (73.1250)	lr 0.0009755282581475767
epoch [11/100][20/46]	time 0.053 (0.299)	data 0.001 (0.228)	eta 0:20:30	loss 2.0260 (1.1843)	xded_loss 0.0569 (0.0515)	acc 31.2500 (68.5938)	lr 0.0009755282581475767
epoch [11/100][30/46]	time 0.079 (0.289)	data 0.000 (0.216)	eta 0:19:46	loss 1.0569 (1.3066)	xded_loss 0.0572 (0.0541)	acc 71.8750 (59.8958)	lr 0.0009755282581475767
epoch [11/100][40/46]	time 0.076 (0.274)	data 0.000 (0.200)	eta 0:18:42	loss 1.3884 (1.3114)	xded_loss 0.0490 (0.0544)	acc 50.0000 (59.7656)	lr 0.0009755282581475767
Do evaluation on test set
=> result
* total: 3,904
* correct: 1,193
* accuracy: 30.56%
* error: 69.44%
epoch [12/100][10/46]	time 0.135 (0.346)	data 0.066 (0.276)	eta 0:23:32	loss 0.4132 (0.9160)	xded_loss 0.0485 (0.0501)	acc 100.0000 (81.5625)	lr 0.0009704403844771127
epoch [12/100][20/46]	time 0.056 (0.276)	data 0.003 (0.209)	eta 0:18:45	loss 1.2896 (1.1647)	xded_loss 0.0561 (0.0561)	acc 53.1250 (71.2500)	lr 0.0009704403844771127
epoch [12/100][30/46]	time 0.140 (0.267)	data 0.002 (0.195)	eta 0:18:05	loss 0.2957 (1.0964)	xded_loss 0.0342 (0.0533)	acc 100.0000 (74.5833)	lr 0.0009704403844771127
epoch [12/100][40/46]	time 0.069 (0.253)	data 0.000 (0.181)	eta 0:17:06	loss 0.5715 (1.1500)	xded_loss 0.0606 (0.0536)	acc 100.0000 (70.2344)	lr 0.0009704403844771127
Do evaluation on test set
=> result
* total: 3,904
* correct: 696
* accuracy: 17.83%
* error: 82.17%
epoch [13/100][10/46]	time 0.138 (0.327)	data 0.080 (0.256)	eta 0:22:00	loss 0.9886 (1.2666)	xded_loss 0.0580 (0.0621)	acc 56.2500 (62.8125)	lr 0.0009648882429441257
epoch [13/100][20/46]	time 0.052 (0.275)	data 0.002 (0.207)	eta 0:18:29	loss 0.3661 (1.1808)	xded_loss 0.0427 (0.0607)	acc 100.0000 (67.6562)	lr 0.0009648882429441257
epoch [13/100][30/46]	time 0.078 (0.270)	data 0.001 (0.198)	eta 0:18:02	loss 0.5358 (1.0865)	xded_loss 0.0607 (0.0610)	acc 100.0000 (72.6042)	lr 0.0009648882429441257
epoch [13/100][40/46]	time 0.126 (0.252)	data 0.000 (0.176)	eta 0:16:49	loss 0.6983 (1.0440)	xded_loss 0.0675 (0.0598)	acc 100.0000 (75.4688)	lr 0.0009648882429441257
Do evaluation on test set
=> result
* total: 3,904
* correct: 940
* accuracy: 24.08%
* error: 75.92%
epoch [14/100][10/46]	time 0.163 (0.352)	data 0.103 (0.278)	eta 0:23:25	loss 1.1659 (1.0367)	xded_loss 0.0826 (0.0557)	acc 68.7500 (80.9375)	lr 0.0009588773128419905
epoch [14/100][20/46]	time 0.072 (0.289)	data 0.000 (0.210)	eta 0:19:11	loss 0.7544 (1.3282)	xded_loss 0.0459 (0.0588)	acc 100.0000 (72.0312)	lr 0.0009588773128419905
epoch [14/100][30/46]	time 0.065 (0.286)	data 0.001 (0.207)	eta 0:18:56	loss 2.2663 (1.3030)	xded_loss 0.0894 (0.0587)	acc 37.5000 (73.2292)	lr 0.0009588773128419905
epoch [14/100][40/46]	time 0.108 (0.269)	data 0.000 (0.190)	eta 0:17:45	loss 0.7335 (1.2262)	xded_loss 0.0414 (0.0567)	acc 93.7500 (72.5000)	lr 0.0009588773128419905
Do evaluation on test set
=> result
* total: 3,904
* correct: 1,250
* accuracy: 32.02%
* error: 67.98%
epoch [15/100][10/46]	time 0.140 (0.363)	data 0.069 (0.295)	eta 0:23:50	loss 2.2289 (1.7058)	xded_loss 0.0530 (0.0547)	acc 0.0000 (48.4375)	lr 0.0009524135262330098
epoch [15/100][20/46]	time 0.074 (0.289)	data 0.000 (0.222)	eta 0:18:57	loss 0.8881 (1.6350)	xded_loss 0.0546 (0.0542)	acc 90.6250 (50.4688)	lr 0.0009524135262330098
epoch [15/100][30/46]	time 0.278 (0.290)	data 0.220 (0.223)	eta 0:18:58	loss 3.1637 (1.6253)	xded_loss 0.0596 (0.0533)	acc 0.0000 (50.2083)	lr 0.0009524135262330098
epoch [15/100][40/46]	time 0.105 (0.273)	data 0.023 (0.204)	eta 0:17:48	loss 0.9692 (1.5361)	xded_loss 0.0621 (0.0540)	acc 93.7500 (54.6094)	lr 0.0009524135262330098
Do evaluation on test set
=> result
* total: 3,904
* correct: 968
* accuracy: 24.80%
* error: 75.20%
epoch [16/100][10/46]	time 0.103 (0.322)	data 0.060 (0.251)	eta 0:20:54	loss 1.5838 (1.0524)	xded_loss 0.0707 (0.0534)	acc 53.1250 (71.5625)	lr 0.0009455032620941839
epoch [16/100][20/46]	time 0.123 (0.271)	data 0.073 (0.199)	eta 0:17:36	loss 1.2309 (1.1724)	xded_loss 0.0569 (0.0512)	acc 56.2500 (67.3438)	lr 0.0009455032620941839
epoch [16/100][30/46]	time 0.279 (0.269)	data 0.227 (0.200)	eta 0:17:22	loss 1.6314 (1.0560)	xded_loss 0.0682 (0.0514)	acc 65.6250 (75.6250)	lr 0.0009455032620941839
epoch [16/100][40/46]	time 0.124 (0.253)	data 0.074 (0.183)	eta 0:16:19	loss 0.3514 (1.0228)	xded_loss 0.0376 (0.0501)	acc 100.0000 (77.6562)	lr 0.0009455032620941839
Do evaluation on test set
=> result
* total: 3,904
* correct: 1,519
* accuracy: 38.91%
* error: 61.09%
epoch [17/100][10/46]	time 0.178 (0.340)	data 0.111 (0.260)	eta 0:21:51	loss 0.8118 (1.0721)	xded_loss 0.0514 (0.0564)	acc 90.6250 (83.4375)	lr 0.0009381533400219318
epoch [17/100][20/46]	time 0.062 (0.277)	data 0.002 (0.196)	eta 0:17:45	loss 0.5098 (1.1427)	xded_loss 0.0454 (0.0565)	acc 100.0000 (79.5312)	lr 0.0009381533400219318
epoch [17/100][30/46]	time 0.163 (0.266)	data 0.112 (0.193)	eta 0:17:00	loss 0.6546 (1.2946)	xded_loss 0.0587 (0.0586)	acc 96.8750 (72.7083)	lr 0.0009381533400219318
epoch [17/100][40/46]	time 0.156 (0.253)	data 0.089 (0.181)	eta 0:16:07	loss 0.6421 (1.2284)	xded_loss 0.0508 (0.0570)	acc 100.0000 (73.7500)	lr 0.0009381533400219318
Do evaluation on test set
=> result
* total: 3,904
* correct: 729
* accuracy: 18.67%
* error: 81.33%
epoch [18/100][10/46]	time 0.329 (0.375)	data 0.269 (0.310)	eta 0:23:48	loss 0.8665 (0.9484)	xded_loss 0.0737 (0.0589)	acc 96.8750 (83.7500)	lr 0.0009303710135019719
epoch [18/100][20/46]	time 0.081 (0.289)	data 0.000 (0.214)	eta 0:18:17	loss 0.8468 (0.9466)	xded_loss 0.0804 (0.0576)	acc 96.8750 (83.2812)	lr 0.0009303710135019719
epoch [18/100][30/46]	time 0.153 (0.279)	data 0.091 (0.204)	eta 0:17:38	loss 1.8654 (1.0609)	xded_loss 0.0528 (0.0594)	acc 21.8750 (79.3750)	lr 0.0009303710135019719
epoch [18/100][40/46]	time 0.091 (0.269)	data 0.000 (0.191)	eta 0:16:57	loss 0.3251 (0.9268)	xded_loss 0.0358 (0.0552)	acc 100.0000 (83.2812)	lr 0.0009303710135019719
Do evaluation on test set
=> result
* total: 3,904
* correct: 1,334
* accuracy: 34.17%
* error: 65.83%
epoch [19/100][10/46]	time 0.404 (0.368)	data 0.340 (0.290)	eta 0:23:02	loss 0.4447 (1.0031)	xded_loss 0.0544 (0.0605)	acc 100.0000 (82.5000)	lr 0.0009221639627510076
epoch [19/100][20/46]	time 0.099 (0.290)	data 0.000 (0.211)	eta 0:18:06	loss 2.2952 (1.0045)	xded_loss 0.0685 (0.0572)	acc 9.3750 (75.7812)	lr 0.0009221639627510076
epoch [19/100][30/46]	time 0.150 (0.281)	data 0.106 (0.205)	eta 0:17:32	loss 0.5093 (1.0245)	xded_loss 0.0421 (0.0543)	acc 100.0000 (73.4375)	lr 0.0009221639627510076
epoch [19/100][40/46]	time 0.147 (0.265)	data 0.021 (0.187)	eta 0:16:27	loss 0.6988 (1.0833)	xded_loss 0.0557 (0.0536)	acc 96.8750 (72.8125)	lr 0.0009221639627510076
Do evaluation on test set
=> result
* total: 3,904
* correct: 1,006
* accuracy: 25.77%
* error: 74.23%
epoch [20/100][10/46]	time 0.184 (0.360)	data 0.094 (0.279)	eta 0:22:18	loss 0.8913 (0.6999)	xded_loss 0.0413 (0.0444)	acc 81.2500 (91.5625)	lr 0.000913540287137281
epoch [20/100][20/46]	time 0.114 (0.280)	data 0.004 (0.202)	eta 0:17:18	loss 0.6127 (0.7473)	xded_loss 0.0509 (0.0465)	acc 96.8750 (89.5312)	lr 0.000913540287137281
epoch [20/100][30/46]	time 0.116 (0.274)	data 0.000 (0.193)	eta 0:16:53	loss 0.3959 (0.8129)	xded_loss 0.0397 (0.0487)	acc 100.0000 (86.3542)	lr 0.000913540287137281
epoch [20/100][40/46]	time 0.041 (0.253)	data 0.000 (0.173)	eta 0:15:31	loss 0.9548 (0.8838)	xded_loss 0.0414 (0.0482)	acc 59.3750 (80.6250)	lr 0.000913540287137281
Do evaluation on test set
=> result
* total: 3,904
* correct: 839
* accuracy: 21.49%
* error: 78.51%
epoch [21/100][10/46]	time 0.045 (0.368)	data 0.003 (0.298)	eta 0:22:30	loss 0.7208 (0.7039)	xded_loss 0.0480 (0.0485)	acc 96.8750 (96.8750)	lr 0.0009045084971874739
epoch [21/100][20/46]	time 0.094 (0.284)	data 0.000 (0.202)	eta 0:17:17	loss 0.2940 (0.8145)	xded_loss 0.0374 (0.0529)	acc 100.0000 (89.0625)	lr 0.0009045084971874739
epoch [21/100][30/46]	time 0.127 (0.273)	data 0.031 (0.191)	eta 0:16:36	loss 0.5441 (0.8510)	xded_loss 0.0568 (0.0524)	acc 100.0000 (87.7083)	lr 0.0009045084971874739
epoch [21/100][40/46]	time 0.128 (0.261)	data 0.054 (0.180)	eta 0:15:50	loss 0.5609 (0.7689)	xded_loss 0.0504 (0.0519)	acc 100.0000 (90.3906)	lr 0.0009045084971874739
Do evaluation on test set
=> result
* total: 3,904
* correct: 956
* accuracy: 24.49%
* error: 75.51%
epoch [22/100][10/46]	time 0.147 (0.367)	data 0.000 (0.287)	eta 0:22:09	loss 2.9622 (0.7783)	xded_loss 0.0665 (0.0476)	acc 0.0000 (85.0000)	lr 0.0008950775061878452
epoch [22/100][20/46]	time 0.146 (0.296)	data 0.059 (0.213)	eta 0:17:50	loss 0.3712 (0.6583)	xded_loss 0.0445 (0.0489)	acc 100.0000 (91.0938)	lr 0.0008950775061878452
epoch [22/100][30/46]	time 0.099 (0.290)	data 0.001 (0.207)	eta 0:17:26	loss 0.4319 (0.7127)	xded_loss 0.0266 (0.0490)	acc 100.0000 (90.5208)	lr 0.0008950775061878452
epoch [22/100][40/46]	time 0.078 (0.277)	data 0.000 (0.191)	eta 0:16:35	loss 2.2746 (0.7396)	xded_loss 0.0647 (0.0495)	acc 12.5000 (88.5156)	lr 0.0008950775061878452
Do evaluation on test set
=> result
* total: 3,904
* correct: 937
* accuracy: 24.00%
* error: 76.00%
epoch [23/100][10/46]	time 0.166 (0.355)	data 0.101 (0.282)	eta 0:21:11	loss 3.4065 (1.0957)	xded_loss 0.0843 (0.0566)	acc 0.0000 (77.5000)	lr 0.0008852566213878947
epoch [23/100][20/46]	time 0.143 (0.293)	data 0.032 (0.215)	eta 0:17:24	loss 0.4926 (0.8939)	xded_loss 0.0315 (0.0531)	acc 96.8750 (86.4062)	lr 0.0008852566213878947
epoch [23/100][30/46]	time 0.143 (0.282)	data 0.083 (0.207)	eta 0:16:42	loss 0.9253 (0.8927)	xded_loss 0.0506 (0.0501)	acc 81.2500 (84.6875)	lr 0.0008852566213878947
epoch [23/100][40/46]	time 0.171 (0.270)	data 0.118 (0.197)	eta 0:15:56	loss 0.5264 (0.9064)	xded_loss 0.0333 (0.0507)	acc 87.5000 (84.4531)	lr 0.0008852566213878947
Do evaluation on test set
=> result
* total: 3,904
* correct: 1,077
* accuracy: 27.59%
* error: 72.41%
epoch [24/100][10/46]	time 0.285 (0.344)	data 0.217 (0.273)	eta 0:20:14	loss 1.0525 (0.8362)	xded_loss 0.0460 (0.0452)	acc 56.2500 (85.0000)	lr 0.0008750555348152298
epoch [24/100][20/46]	time 0.073 (0.275)	data 0.014 (0.196)	eta 0:16:08	loss 2.5214 (0.8328)	xded_loss 0.0600 (0.0450)	acc 0.0000 (85.1562)	lr 0.0008750555348152298
epoch [24/100][30/46]	time 0.163 (0.268)	data 0.110 (0.191)	eta 0:15:41	loss 0.5983 (0.7618)	xded_loss 0.0389 (0.0467)	acc 93.7500 (88.5417)	lr 0.0008750555348152298
epoch [24/100][40/46]	time 0.084 (0.258)	data 0.000 (0.181)	eta 0:15:02	loss 0.3266 (0.8708)	xded_loss 0.0320 (0.0475)	acc 100.0000 (84.6875)	lr 0.0008750555348152298
Do evaluation on test set
=> result
* total: 3,904
* correct: 1,095
* accuracy: 28.05%
* error: 71.95%
epoch [25/100][10/46]	time 0.080 (0.352)	data 0.001 (0.275)	eta 0:20:27	loss 0.8536 (1.1395)	xded_loss 0.0340 (0.0488)	acc 62.5000 (68.4375)	lr 0.0008644843137107057
epoch [25/100][20/46]	time 0.074 (0.278)	data 0.000 (0.187)	eta 0:16:06	loss 1.2109 (0.9811)	xded_loss 0.0588 (0.0491)	acc 50.0000 (75.7812)	lr 0.0008644843137107057
epoch [25/100][30/46]	time 0.107 (0.271)	data 0.001 (0.179)	eta 0:15:39	loss 0.3121 (0.8823)	xded_loss 0.0314 (0.0477)	acc 100.0000 (80.1042)	lr 0.0008644843137107057
epoch [25/100][40/46]	time 0.088 (0.252)	data 0.000 (0.161)	eta 0:14:29	loss 0.4377 (0.9886)	xded_loss 0.0458 (0.0500)	acc 100.0000 (75.1562)	lr 0.0008644843137107057
Do evaluation on test set
=> result
* total: 3,904
* correct: 780
* accuracy: 19.98%
* error: 80.02%
epoch [26/100][10/46]	time 0.105 (0.375)	data 0.000 (0.292)	eta 0:21:30	loss 0.5839 (0.6133)	xded_loss 0.0450 (0.0449)	acc 96.8750 (94.3750)	lr 0.0008535533905932737
epoch [26/100][20/46]	time 0.129 (0.297)	data 0.000 (0.215)	eta 0:16:58	loss 0.2942 (0.6775)	xded_loss 0.0442 (0.0459)	acc 100.0000 (91.5625)	lr 0.0008535533905932737
epoch [26/100][30/46]	time 0.085 (0.286)	data 0.002 (0.204)	eta 0:16:17	loss 0.5078 (0.7765)	xded_loss 0.0505 (0.0477)	acc 100.0000 (86.6667)	lr 0.0008535533905932737
epoch [26/100][40/46]	time 0.079 (0.270)	data 0.001 (0.187)	eta 0:15:20	loss 0.3391 (0.9092)	xded_loss 0.0445 (0.0481)	acc 100.0000 (81.0938)	lr 0.0008535533905932737
Do evaluation on test set
=> result
* total: 3,904
* correct: 1,159
* accuracy: 29.69%
* error: 70.31%
epoch [27/100][10/46]	time 0.150 (0.347)	data 0.075 (0.264)	eta 0:19:37	loss 0.6185 (0.7504)	xded_loss 0.0379 (0.0434)	acc 96.8750 (88.1250)	lr 0.0008422735529643444
epoch [27/100][20/46]	time 0.168 (0.288)	data 0.103 (0.207)	eta 0:16:15	loss 0.4457 (0.8686)	xded_loss 0.0310 (0.0443)	acc 100.0000 (83.2812)	lr 0.0008422735529643444
epoch [27/100][30/46]	time 0.141 (0.280)	data 0.053 (0.203)	eta 0:15:46	loss 0.5360 (0.9489)	xded_loss 0.0531 (0.0454)	acc 100.0000 (79.0625)	lr 0.0008422735529643444
epoch [27/100][40/46]	time 0.151 (0.269)	data 0.090 (0.191)	eta 0:15:05	loss 0.6288 (0.9574)	xded_loss 0.0519 (0.0457)	acc 100.0000 (79.2969)	lr 0.0008422735529643444
Do evaluation on test set
=> result
* total: 3,904
* correct: 985
* accuracy: 25.23%
* error: 74.77%
epoch [28/100][10/46]	time 0.167 (0.342)	data 0.104 (0.262)	eta 0:19:06	loss 0.2850 (0.3594)	xded_loss 0.0401 (0.0395)	acc 100.0000 (100.0000)	lr 0.0008306559326618259
epoch [28/100][20/46]	time 0.073 (0.279)	data 0.000 (0.205)	eta 0:15:31	loss 2.2501 (0.5453)	xded_loss 0.0456 (0.0428)	acc 0.0000 (92.9688)	lr 0.0008306559326618259
epoch [28/100][30/46]	time 0.164 (0.269)	data 0.101 (0.196)	eta 0:14:54	loss 0.5268 (0.5843)	xded_loss 0.0532 (0.0434)	acc 100.0000 (91.5625)	lr 0.0008306559326618259
epoch [28/100][40/46]	time 0.080 (0.259)	data 0.000 (0.187)	eta 0:14:20	loss 0.2965 (0.5506)	xded_loss 0.0287 (0.0432)	acc 100.0000 (93.6719)	lr 0.0008306559326618259
Do evaluation on test set
=> result
* total: 3,904
* correct: 1,343
* accuracy: 34.40%
* error: 65.60%
epoch [29/100][10/46]	time 0.093 (0.364)	data 0.000 (0.280)	eta 0:20:01	loss 0.3857 (0.4804)	xded_loss 0.0424 (0.0435)	acc 100.0000 (97.5000)	lr 0.0008187119948743449
epoch [29/100][20/46]	time 0.093 (0.274)	data 0.000 (0.191)	eta 0:15:03	loss 0.2405 (0.4437)	xded_loss 0.0271 (0.0418)	acc 100.0000 (97.3438)	lr 0.0008187119948743449
epoch [29/100][30/46]	time 0.112 (0.268)	data 0.022 (0.181)	eta 0:14:39	loss 0.3073 (0.5617)	xded_loss 0.0392 (0.0447)	acc 100.0000 (93.8542)	lr 0.0008187119948743449
epoch [29/100][40/46]	time 0.086 (0.252)	data 0.000 (0.168)	eta 0:13:45	loss 0.5398 (0.6018)	xded_loss 0.0422 (0.0446)	acc 100.0000 (92.2656)	lr 0.0008187119948743449
Do evaluation on test set
=> result
* total: 3,904
* correct: 1,139
* accuracy: 29.18%
* error: 70.82%
epoch [30/100][10/46]	time 0.088 (0.385)	data 0.000 (0.295)	eta 0:20:52	loss 0.5939 (0.7531)	xded_loss 0.0428 (0.0509)	acc 96.8750 (89.3750)	lr 0.0008064535268264883
epoch [30/100][20/46]	time 0.116 (0.297)	data 0.025 (0.214)	eta 0:16:05	loss 0.4774 (0.8888)	xded_loss 0.0324 (0.0459)	acc 96.8750 (81.0938)	lr 0.0008064535268264883
epoch [30/100][30/46]	time 0.092 (0.290)	data 0.001 (0.207)	eta 0:15:37	loss 0.4133 (0.8107)	xded_loss 0.0483 (0.0457)	acc 100.0000 (84.5833)	lr 0.0008064535268264883
epoch [30/100][40/46]	time 0.083 (0.269)	data 0.000 (0.186)	eta 0:14:27	loss 0.2680 (0.7861)	xded_loss 0.0279 (0.0457)	acc 100.0000 (85.0000)	lr 0.0008064535268264883
Do evaluation on test set
=> result
* total: 3,904
* correct: 914
* accuracy: 23.41%
* error: 76.59%
epoch [31/100][10/46]	time 0.438 (0.384)	data 0.387 (0.301)	eta 0:20:31	loss 0.6307 (0.6808)	xded_loss 0.0402 (0.0424)	acc 100.0000 (90.0000)	lr 0.0007938926261462367
epoch [31/100][20/46]	time 0.112 (0.293)	data 0.052 (0.212)	eta 0:15:38	loss 0.7854 (0.5510)	xded_loss 0.0501 (0.0416)	acc 93.7500 (94.2188)	lr 0.0007938926261462367
epoch [31/100][30/46]	time 0.162 (0.290)	data 0.087 (0.208)	eta 0:15:23	loss 2.8105 (0.7155)	xded_loss 0.0621 (0.0429)	acc 0.0000 (87.1875)	lr 0.0007938926261462367
epoch [31/100][40/46]	time 0.111 (0.273)	data 0.000 (0.188)	eta 0:14:29	loss 1.5269 (0.6915)	xded_loss 0.0644 (0.0433)	acc 62.5000 (88.5938)	lr 0.0007938926261462367
Do evaluation on test set
=> result
* total: 3,904
* correct: 1,431
* accuracy: 36.65%
* error: 63.35%
epoch [32/100][10/46]	time 0.089 (0.364)	data 0.003 (0.290)	eta 0:19:12	loss 0.2910 (0.4308)	xded_loss 0.0387 (0.0432)	acc 100.0000 (96.8750)	lr 0.0007810416889260654
epoch [32/100][20/46]	time 0.107 (0.282)	data 0.000 (0.203)	eta 0:14:49	loss 0.4665 (0.6974)	xded_loss 0.0493 (0.0444)	acc 100.0000 (87.1875)	lr 0.0007810416889260654
epoch [32/100][30/46]	time 0.099 (0.276)	data 0.000 (0.198)	eta 0:14:29	loss 1.5955 (0.6803)	xded_loss 0.0469 (0.0427)	acc 18.7500 (86.9792)	lr 0.0007810416889260654
epoch [32/100][40/46]	time 0.076 (0.259)	data 0.000 (0.179)	eta 0:13:31	loss 0.3465 (0.5967)	xded_loss 0.0277 (0.0408)	acc 100.0000 (90.2344)	lr 0.0007810416889260654
Do evaluation on test set
=> result
* total: 3,904
* correct: 1,146
* accuracy: 29.35%
* error: 70.65%
epoch [33/100][10/46]	time 0.150 (0.358)	data 0.091 (0.278)	eta 0:18:37	loss 0.7655 (0.8333)	xded_loss 0.0491 (0.0424)	acc 93.7500 (85.0000)	lr 0.0007679133974894983
epoch [33/100][20/46]	time 0.076 (0.278)	data 0.000 (0.198)	eta 0:14:23	loss 0.2979 (0.8392)	xded_loss 0.0319 (0.0434)	acc 100.0000 (84.2188)	lr 0.0007679133974894983
epoch [33/100][30/46]	time 0.082 (0.269)	data 0.001 (0.186)	eta 0:13:53	loss 0.4062 (0.7731)	xded_loss 0.0472 (0.0438)	acc 100.0000 (86.2500)	lr 0.0007679133974894983
epoch [33/100][40/46]	time 0.117 (0.253)	data 0.003 (0.168)	eta 0:13:01	loss 0.3952 (0.7386)	xded_loss 0.0397 (0.0437)	acc 100.0000 (87.7344)	lr 0.0007679133974894983
Do evaluation on test set
=> result
* total: 3,904
* correct: 1,452
* accuracy: 37.19%
* error: 62.81%
epoch [34/100][10/46]	time 0.262 (0.380)	data 0.195 (0.298)	eta 0:19:27	loss 0.4247 (0.8096)	xded_loss 0.0475 (0.0444)	acc 100.0000 (80.6250)	lr 0.0007545207078751857
epoch [34/100][20/46]	time 0.055 (0.297)	data 0.005 (0.212)	eta 0:15:08	loss 0.2703 (0.8565)	xded_loss 0.0381 (0.0444)	acc 100.0000 (80.6250)	lr 0.0007545207078751857
epoch [34/100][30/46]	time 0.132 (0.287)	data 0.000 (0.200)	eta 0:14:36	loss 2.0620 (0.8220)	xded_loss 0.0563 (0.0436)	acc 34.3750 (81.1458)	lr 0.0007545207078751857
epoch [34/100][40/46]	time 0.075 (0.268)	data 0.000 (0.183)	eta 0:13:36	loss 0.5326 (0.8091)	xded_loss 0.0408 (0.0427)	acc 100.0000 (82.1094)	lr 0.0007545207078751857
Do evaluation on test set
=> result
* total: 3,904
* correct: 1,383
* accuracy: 35.43%
* error: 64.57%
epoch [35/100][10/46]	time 0.115 (0.385)	data 0.006 (0.284)	eta 0:19:25	loss 0.2746 (0.5390)	xded_loss 0.0331 (0.0393)	acc 100.0000 (92.1875)	lr 0.0007408768370508577
epoch [35/100][20/46]	time 0.133 (0.305)	data 0.061 (0.213)	eta 0:15:19	loss 0.3105 (0.5268)	xded_loss 0.0283 (0.0385)	acc 100.0000 (92.1875)	lr 0.0007408768370508577
epoch [35/100][30/46]	time 0.155 (0.293)	data 0.003 (0.202)	eta 0:14:40	loss 1.3705 (0.6864)	xded_loss 0.0439 (0.0392)	acc 53.1250 (85.4167)	lr 0.0007408768370508577
epoch [35/100][40/46]	time 0.157 (0.276)	data 0.087 (0.186)	eta 0:13:46	loss 3.0061 (0.8524)	xded_loss 0.0426 (0.0406)	acc 0.0000 (79.4531)	lr 0.0007408768370508577
Do evaluation on test set
=> result
* total: 3,904
* correct: 1,277
* accuracy: 32.71%
* error: 67.29%
epoch [36/100][10/46]	time 0.110 (0.365)	data 0.000 (0.285)	eta 0:18:07	loss 0.4750 (1.0290)	xded_loss 0.0371 (0.0461)	acc 100.0000 (77.8125)	lr 0.0007269952498697734
epoch [36/100][20/46]	time 0.104 (0.282)	data 0.003 (0.199)	eta 0:13:57	loss 0.2317 (0.8938)	xded_loss 0.0307 (0.0462)	acc 100.0000 (82.3438)	lr 0.0007269952498697734
epoch [36/100][30/46]	time 0.084 (0.281)	data 0.000 (0.200)	eta 0:13:50	loss 0.2358 (0.7344)	xded_loss 0.0284 (0.0446)	acc 100.0000 (87.8125)	lr 0.0007269952498697734
epoch [36/100][40/46]	time 0.074 (0.263)	data 0.001 (0.179)	eta 0:12:54	loss 0.4518 (0.7206)	xded_loss 0.0380 (0.0429)	acc 100.0000 (87.8906)	lr 0.0007269952498697734
Do evaluation on test set
=> result
* total: 3,904
* correct: 814
* accuracy: 20.85%
* error: 79.15%
epoch [37/100][10/46]	time 0.092 (0.360)	data 0.000 (0.273)	eta 0:17:35	loss 0.3420 (0.3638)	xded_loss 0.0276 (0.0344)	acc 100.0000 (100.0000)	lr 0.0007128896457825364
epoch [37/100][20/46]	time 0.092 (0.280)	data 0.001 (0.192)	eta 0:13:39	loss 3.0054 (0.6983)	xded_loss 0.0733 (0.0400)	acc 3.1250 (87.0312)	lr 0.0007128896457825364
epoch [37/100][30/46]	time 0.090 (0.269)	data 0.000 (0.182)	eta 0:13:02	loss 0.2487 (0.5972)	xded_loss 0.0273 (0.0384)	acc 100.0000 (90.7292)	lr 0.0007128896457825364
epoch [37/100][40/46]	time 0.076 (0.250)	data 0.000 (0.166)	eta 0:12:07	loss 0.7084 (0.6833)	xded_loss 0.0461 (0.0396)	acc 96.8750 (87.8906)	lr 0.0007128896457825364
Do evaluation on test set
=> result
* total: 3,904
* correct: 1,169
* accuracy: 29.94%
* error: 70.06%
epoch [38/100][10/46]	time 0.130 (0.398)	data 0.014 (0.307)	eta 0:19:09	loss 0.5187 (0.3909)	xded_loss 0.0628 (0.0389)	acc 100.0000 (100.0000)	lr 0.0006985739453173903
epoch [38/100][20/46]	time 0.080 (0.302)	data 0.000 (0.209)	eta 0:14:28	loss 0.3452 (0.4521)	xded_loss 0.0424 (0.0392)	acc 100.0000 (95.0000)	lr 0.0006985739453173903
epoch [38/100][30/46]	time 0.103 (0.296)	data 0.000 (0.206)	eta 0:14:10	loss 0.3095 (0.4180)	xded_loss 0.0282 (0.0386)	acc 100.0000 (96.6667)	lr 0.0006985739453173903
epoch [38/100][40/46]	time 0.081 (0.274)	data 0.000 (0.186)	eta 0:13:02	loss 0.3863 (0.4835)	xded_loss 0.0409 (0.0392)	acc 100.0000 (93.9062)	lr 0.0006985739453173903
Do evaluation on test set
=> result
* total: 3,904
* correct: 805
* accuracy: 20.62%
* error: 79.38%
epoch [39/100][10/46]	time 0.283 (0.397)	data 0.161 (0.306)	eta 0:18:48	loss 0.2962 (0.4237)	xded_loss 0.0353 (0.0369)	acc 100.0000 (99.6875)	lr 0.0006840622763423391
epoch [39/100][20/46]	time 0.095 (0.299)	data 0.005 (0.210)	eta 0:14:06	loss 0.2071 (0.4324)	xded_loss 0.0219 (0.0369)	acc 100.0000 (96.5625)	lr 0.0006840622763423391
epoch [39/100][30/46]	time 0.147 (0.284)	data 0.098 (0.202)	eta 0:13:22	loss 0.1398 (0.4335)	xded_loss 0.0206 (0.0364)	acc 100.0000 (95.8333)	lr 0.0006840622763423391
epoch [39/100][40/46]	time 0.092 (0.269)	data 0.000 (0.186)	eta 0:12:37	loss 2.4653 (0.6016)	xded_loss 0.0507 (0.0389)	acc 21.8750 (89.8438)	lr 0.0006840622763423391
Do evaluation on test set
=> result
* total: 3,904
* correct: 1,289
* accuracy: 33.02%
* error: 66.98%
epoch [40/100][10/46]	time 0.077 (0.364)	data 0.003 (0.275)	eta 0:16:57	loss 1.7844 (0.9989)	xded_loss 0.0478 (0.0401)	acc 37.5000 (73.4375)	lr 0.0006693689601226458
epoch [40/100][20/46]	time 0.095 (0.284)	data 0.001 (0.197)	eta 0:13:12	loss 0.2484 (0.7544)	xded_loss 0.0225 (0.0367)	acc 100.0000 (82.9688)	lr 0.0006693689601226458
epoch [40/100][30/46]	time 0.112 (0.276)	data 0.000 (0.188)	eta 0:12:46	loss 0.2284 (0.7067)	xded_loss 0.0190 (0.0367)	acc 100.0000 (85.6250)	lr 0.0006693689601226458
epoch [40/100][40/46]	time 0.077 (0.262)	data 0.000 (0.173)	eta 0:12:04	loss 0.2318 (0.6463)	xded_loss 0.0292 (0.0363)	acc 100.0000 (87.8906)	lr 0.0006693689601226458
Do evaluation on test set
=> result
* total: 3,904
* correct: 902
* accuracy: 23.10%
* error: 76.90%
epoch [41/100][10/46]	time 0.161 (0.353)	data 0.092 (0.281)	eta 0:16:10	loss 0.3083 (1.1531)	xded_loss 0.0225 (0.0396)	acc 100.0000 (66.8750)	lr 0.0006545084971874737
epoch [41/100][20/46]	time 0.097 (0.283)	data 0.000 (0.209)	eta 0:12:55	loss 0.3523 (0.8270)	xded_loss 0.0316 (0.0375)	acc 96.8750 (82.6562)	lr 0.0006545084971874737
epoch [41/100][30/46]	time 0.156 (0.275)	data 0.102 (0.202)	eta 0:12:30	loss 0.2341 (0.6779)	xded_loss 0.0209 (0.0360)	acc 100.0000 (88.4375)	lr 0.0006545084971874737
epoch [41/100][40/46]	time 0.099 (0.259)	data 0.016 (0.183)	eta 0:11:44	loss 0.4676 (0.5928)	xded_loss 0.0339 (0.0355)	acc 100.0000 (91.3281)	lr 0.0006545084971874737
Do evaluation on test set
=> result
* total: 3,904
* correct: 1,015
* accuracy: 26.00%
* error: 74.00%
epoch [42/100][10/46]	time 0.122 (0.371)	data 0.000 (0.279)	eta 0:16:42	loss 0.4624 (0.6550)	xded_loss 0.0387 (0.0366)	acc 100.0000 (84.0625)	lr 0.0006394955530196147
epoch [42/100][20/46]	time 0.079 (0.297)	data 0.004 (0.203)	eta 0:13:19	loss 1.4779 (0.5782)	xded_loss 0.0568 (0.0391)	acc 53.1250 (89.2188)	lr 0.0006394955530196147
epoch [42/100][30/46]	time 0.141 (0.283)	data 0.024 (0.192)	eta 0:12:40	loss 0.1803 (0.4992)	xded_loss 0.0246 (0.0394)	acc 100.0000 (92.7083)	lr 0.0006394955530196147
epoch [42/100][40/46]	time 0.080 (0.272)	data 0.000 (0.184)	eta 0:12:07	loss 0.3114 (0.6131)	xded_loss 0.0205 (0.0387)	acc 100.0000 (87.3438)	lr 0.0006394955530196147
Do evaluation on test set
=> result
* total: 3,904
* correct: 1,437
* accuracy: 36.81%
* error: 63.19%
epoch [43/100][10/46]	time 0.138 (0.361)	data 0.003 (0.268)	eta 0:15:58	loss 0.3492 (0.3724)	xded_loss 0.0346 (0.0340)	acc 100.0000 (100.0000)	lr 0.0006243449435824273
epoch [43/100][20/46]	time 0.102 (0.278)	data 0.000 (0.191)	eta 0:12:16	loss 0.5493 (0.4340)	xded_loss 0.0346 (0.0359)	acc 100.0000 (96.4062)	lr 0.0006243449435824273
epoch [43/100][30/46]	time 0.114 (0.273)	data 0.017 (0.189)	eta 0:12:01	loss 0.2404 (0.5086)	xded_loss 0.0318 (0.0361)	acc 100.0000 (92.2917)	lr 0.0006243449435824273
epoch [43/100][40/46]	time 0.115 (0.259)	data 0.000 (0.177)	eta 0:11:21	loss 1.9956 (0.5055)	xded_loss 0.0576 (0.0368)	acc 43.7500 (92.8125)	lr 0.0006243449435824273
Do evaluation on test set
=> result
* total: 3,904
* correct: 820
* accuracy: 21.00%
* error: 79.00%
epoch [44/100][10/46]	time 0.121 (0.377)	data 0.001 (0.281)	eta 0:16:23	loss 0.3705 (0.7133)	xded_loss 0.0389 (0.0326)	acc 100.0000 (82.5000)	lr 0.0006090716206982714
epoch [44/100][20/46]	time 0.104 (0.285)	data 0.006 (0.192)	eta 0:12:21	loss 1.7201 (0.5741)	xded_loss 0.0336 (0.0319)	acc 31.2500 (87.8125)	lr 0.0006090716206982714
epoch [44/100][30/46]	time 0.109 (0.277)	data 0.047 (0.190)	eta 0:11:57	loss 0.1506 (0.6161)	xded_loss 0.0249 (0.0349)	acc 100.0000 (86.6667)	lr 0.0006090716206982714
epoch [44/100][40/46]	time 0.091 (0.260)	data 0.000 (0.175)	eta 0:11:12	loss 0.2419 (0.5591)	xded_loss 0.0344 (0.0342)	acc 100.0000 (89.0625)	lr 0.0006090716206982714
Do evaluation on test set
=> result
* total: 3,904
* correct: 1,261
* accuracy: 32.30%
* error: 67.70%
epoch [45/100][10/46]	time 0.054 (0.355)	data 0.000 (0.270)	eta 0:15:11	loss 0.1705 (0.4765)	xded_loss 0.0232 (0.0357)	acc 100.0000 (91.5625)	lr 0.0005936906572928625
epoch [45/100][20/46]	time 0.082 (0.280)	data 0.000 (0.193)	eta 0:11:55	loss 2.9060 (0.5372)	xded_loss 0.0522 (0.0371)	acc 0.0000 (90.7812)	lr 0.0005936906572928625
epoch [45/100][30/46]	time 0.086 (0.273)	data 0.002 (0.190)	eta 0:11:34	loss 0.3869 (0.5663)	xded_loss 0.0354 (0.0380)	acc 100.0000 (90.7292)	lr 0.0005936906572928625
epoch [45/100][40/46]	time 0.104 (0.251)	data 0.000 (0.169)	eta 0:10:37	loss 0.3764 (0.5694)	xded_loss 0.0404 (0.0375)	acc 100.0000 (90.5469)	lr 0.0005936906572928625
Do evaluation on test set
=> result
* total: 3,904
* correct: 1,202
* accuracy: 30.79%
* error: 69.21%
epoch [46/100][10/46]	time 0.293 (0.364)	data 0.219 (0.281)	eta 0:15:16	loss 0.3202 (0.5787)	xded_loss 0.0383 (0.0351)	acc 100.0000 (90.0000)	lr 0.0005782172325201156
epoch [46/100][20/46]	time 0.067 (0.292)	data 0.004 (0.211)	eta 0:12:13	loss 2.5298 (0.8028)	xded_loss 0.0515 (0.0377)	acc 3.1250 (80.0000)	lr 0.0005782172325201156
epoch [46/100][30/46]	time 0.151 (0.287)	data 0.054 (0.207)	eta 0:11:58	loss 0.3404 (0.6406)	xded_loss 0.0380 (0.0365)	acc 100.0000 (86.5625)	lr 0.0005782172325201156
epoch [46/100][40/46]	time 0.091 (0.270)	data 0.000 (0.186)	eta 0:11:12	loss 0.1107 (0.5458)	xded_loss 0.0172 (0.0345)	acc 100.0000 (89.9219)	lr 0.0005782172325201156
Do evaluation on test set
=> result
* total: 3,904
* correct: 1,069
* accuracy: 27.38%
* error: 72.62%
epoch [47/100][10/46]	time 0.100 (0.361)	data 0.001 (0.267)	eta 0:14:51	loss 0.2207 (0.5347)	xded_loss 0.0208 (0.0316)	acc 100.0000 (88.7500)	lr 0.0005626666167821523
epoch [47/100][20/46]	time 0.107 (0.279)	data 0.002 (0.194)	eta 0:11:28	loss 0.4863 (0.4575)	xded_loss 0.0543 (0.0323)	acc 100.0000 (93.5938)	lr 0.0005626666167821523
epoch [47/100][30/46]	time 0.095 (0.274)	data 0.008 (0.189)	eta 0:11:13	loss 0.2551 (0.4961)	xded_loss 0.0361 (0.0352)	acc 100.0000 (91.2500)	lr 0.0005626666167821523
epoch [47/100][40/46]	time 0.101 (0.261)	data 0.000 (0.174)	eta 0:10:37	loss 0.3586 (0.4716)	xded_loss 0.0347 (0.0351)	acc 100.0000 (93.3594)	lr 0.0005626666167821523
Do evaluation on test set
=> result
* total: 3,904
* correct: 947
* accuracy: 24.26%
* error: 75.74%
epoch [48/100][10/46]	time 0.133 (0.346)	data 0.043 (0.256)	eta 0:13:59	loss 0.3541 (0.3974)	xded_loss 0.0370 (0.0331)	acc 100.0000 (97.8125)	lr 0.0005470541566592572
epoch [48/100][20/46]	time 0.090 (0.281)	data 0.000 (0.192)	eta 0:11:19	loss 0.3486 (0.4440)	xded_loss 0.0295 (0.0325)	acc 100.0000 (95.9375)	lr 0.0005470541566592572
epoch [48/100][30/46]	time 0.162 (0.270)	data 0.077 (0.182)	eta 0:10:49	loss 1.0910 (0.4253)	xded_loss 0.0482 (0.0328)	acc 93.7500 (97.0833)	lr 0.0005470541566592572
epoch [48/100][40/46]	time 0.075 (0.256)	data 0.000 (0.171)	eta 0:10:15	loss 0.3769 (0.4043)	xded_loss 0.0350 (0.0331)	acc 100.0000 (97.8125)	lr 0.0005470541566592572
Do evaluation on test set
=> result
* total: 3,904
* correct: 969
* accuracy: 24.82%
* error: 75.18%
epoch [49/100][10/46]	time 0.084 (0.357)	data 0.009 (0.260)	eta 0:14:11	loss 0.3883 (0.4293)	xded_loss 0.0431 (0.0363)	acc 100.0000 (97.8125)	lr 0.0005313952597646569
epoch [49/100][20/46]	time 0.089 (0.281)	data 0.008 (0.194)	eta 0:11:06	loss 0.2142 (0.5283)	xded_loss 0.0320 (0.0380)	acc 100.0000 (91.4062)	lr 0.0005313952597646569
epoch [49/100][30/46]	time 0.452 (0.276)	data 0.383 (0.193)	eta 0:10:52	loss 0.3524 (0.5992)	xded_loss 0.0413 (0.0374)	acc 100.0000 (87.8125)	lr 0.0005313952597646569
epoch [49/100][40/46]	time 0.097 (0.263)	data 0.002 (0.179)	eta 0:10:18	loss 0.3928 (0.6072)	xded_loss 0.0273 (0.0372)	acc 100.0000 (87.2656)	lr 0.0005313952597646569
Do evaluation on test set
=> result
* total: 3,904
* correct: 1,150
* accuracy: 29.46%
* error: 70.54%
epoch [50/100][10/46]	time 0.089 (0.370)	data 0.000 (0.280)	eta 0:14:25	loss 0.3290 (0.5103)	xded_loss 0.0449 (0.0337)	acc 100.0000 (91.2500)	lr 0.0005157053795390643
epoch [50/100][20/46]	time 0.107 (0.299)	data 0.002 (0.203)	eta 0:11:35	loss 0.4367 (0.4847)	xded_loss 0.0382 (0.0328)	acc 100.0000 (93.7500)	lr 0.0005157053795390643
epoch [50/100][30/46]	time 0.077 (0.292)	data 0.005 (0.196)	eta 0:11:15	loss 0.2748 (0.5446)	xded_loss 0.0268 (0.0335)	acc 100.0000 (91.1458)	lr 0.0005157053795390643
epoch [50/100][40/46]	time 0.098 (0.274)	data 0.000 (0.179)	eta 0:10:30	loss 0.3108 (0.5632)	xded_loss 0.0349 (0.0332)	acc 100.0000 (89.8438)	lr 0.0005157053795390643
Do evaluation on test set
=> result
* total: 3,904
* correct: 1,038
* accuracy: 26.59%
* error: 73.41%
epoch [51/100][10/46]	time 0.172 (0.368)	data 0.119 (0.280)	eta 0:14:01	loss 0.2519 (0.2705)	xded_loss 0.0415 (0.0318)	acc 100.0000 (100.0000)	lr 0.0005000000000000002
epoch [51/100][20/46]	time 0.089 (0.295)	data 0.004 (0.208)	eta 0:11:11	loss 0.3084 (0.3213)	xded_loss 0.0392 (0.0327)	acc 100.0000 (98.2812)	lr 0.0005000000000000002
epoch [51/100][30/46]	time 0.295 (0.284)	data 0.235 (0.199)	eta 0:10:44	loss 0.1939 (0.4648)	xded_loss 0.0222 (0.0335)	acc 100.0000 (91.9792)	lr 0.0005000000000000002
epoch [51/100][40/46]	time 0.098 (0.265)	data 0.000 (0.181)	eta 0:09:59	loss 0.1863 (0.4649)	xded_loss 0.0244 (0.0331)	acc 100.0000 (91.7188)	lr 0.0005000000000000002
Do evaluation on test set
=> result
* total: 3,904
* correct: 1,320
* accuracy: 33.81%
* error: 66.19%
epoch [52/100][10/46]	time 0.140 (0.352)	data 0.058 (0.248)	eta 0:13:09	loss 0.3902 (0.5460)	xded_loss 0.0369 (0.0331)	acc 100.0000 (96.2500)	lr 0.00048429462046093607
epoch [52/100][20/46]	time 0.078 (0.283)	data 0.004 (0.186)	eta 0:10:31	loss 0.2551 (0.4091)	xded_loss 0.0282 (0.0329)	acc 100.0000 (98.1250)	lr 0.00048429462046093607
epoch [52/100][30/46]	time 0.115 (0.272)	data 0.001 (0.176)	eta 0:10:05	loss 0.2814 (0.4164)	xded_loss 0.0248 (0.0324)	acc 100.0000 (96.5625)	lr 0.00048429462046093607
epoch [52/100][40/46]	time 0.087 (0.259)	data 0.002 (0.163)	eta 0:09:33	loss 0.3503 (0.4619)	xded_loss 0.0427 (0.0324)	acc 100.0000 (93.8281)	lr 0.00048429462046093607
Do evaluation on test set
=> result
* total: 3,904
* correct: 899
* accuracy: 23.03%
* error: 76.97%
epoch [53/100][10/46]	time 0.172 (0.338)	data 0.037 (0.249)	eta 0:12:23	loss 0.1830 (0.2372)	xded_loss 0.0202 (0.0282)	acc 100.0000 (100.0000)	lr 0.0004686047402353435
epoch [53/100][20/46]	time 0.099 (0.287)	data 0.000 (0.200)	eta 0:10:28	loss 0.2754 (0.2315)	xded_loss 0.0286 (0.0275)	acc 100.0000 (100.0000)	lr 0.0004686047402353435
epoch [53/100][30/46]	time 0.108 (0.275)	data 0.015 (0.186)	eta 0:09:58	loss 0.2829 (0.2373)	xded_loss 0.0376 (0.0286)	acc 100.0000 (100.0000)	lr 0.0004686047402353435
epoch [53/100][40/46]	time 0.076 (0.266)	data 0.001 (0.179)	eta 0:09:36	loss 0.2770 (0.3056)	xded_loss 0.0265 (0.0288)	acc 100.0000 (97.0312)	lr 0.0004686047402353435
Do evaluation on test set
=> result
* total: 3,904
* correct: 1,151
* accuracy: 29.48%
* error: 70.52%
epoch [54/100][10/46]	time 0.294 (0.383)	data 0.167 (0.293)	eta 0:13:43	loss 0.2922 (0.5311)	xded_loss 0.0325 (0.0313)	acc 100.0000 (90.0000)	lr 0.000452945843340743
epoch [54/100][20/46]	time 0.120 (0.301)	data 0.002 (0.210)	eta 0:10:45	loss 0.3315 (0.5116)	xded_loss 0.0501 (0.0324)	acc 100.0000 (92.9688)	lr 0.000452945843340743
epoch [54/100][30/46]	time 0.469 (0.291)	data 0.387 (0.204)	eta 0:10:19	loss 0.1899 (0.5727)	xded_loss 0.0295 (0.0321)	acc 100.0000 (89.1667)	lr 0.000452945843340743
epoch [54/100][40/46]	time 0.092 (0.271)	data 0.000 (0.186)	eta 0:09:35	loss 0.2765 (0.5452)	xded_loss 0.0391 (0.0321)	acc 100.0000 (89.3750)	lr 0.000452945843340743
Do evaluation on test set
=> result
* total: 3,904
* correct: 1,129
* accuracy: 28.92%
* error: 71.08%
epoch [55/100][10/46]	time 0.110 (0.379)	data 0.000 (0.288)	eta 0:13:19	loss 0.2746 (0.4905)	xded_loss 0.0373 (0.0369)	acc 100.0000 (91.2500)	lr 0.00043733338321784806
epoch [55/100][20/46]	time 0.092 (0.291)	data 0.001 (0.199)	eta 0:10:10	loss 0.1591 (0.3554)	xded_loss 0.0211 (0.0315)	acc 100.0000 (95.6250)	lr 0.00043733338321784806
epoch [55/100][30/46]	time 0.059 (0.278)	data 0.000 (0.191)	eta 0:09:40	loss 0.4009 (0.4099)	xded_loss 0.0334 (0.0310)	acc 100.0000 (95.0000)	lr 0.00043733338321784806
epoch [55/100][40/46]	time 0.072 (0.261)	data 0.000 (0.176)	eta 0:09:00	loss 0.2476 (0.3732)	xded_loss 0.0229 (0.0295)	acc 100.0000 (96.2500)	lr 0.00043733338321784806
Do evaluation on test set
=> result
* total: 3,904
* correct: 1,068
* accuracy: 27.36%
* error: 72.64%
epoch [56/100][10/46]	time 0.272 (0.357)	data 0.229 (0.285)	eta 0:12:15	loss 0.2465 (0.7617)	xded_loss 0.0359 (0.0332)	acc 100.0000 (80.3125)	lr 0.0004217827674798847
epoch [56/100][20/46]	time 0.141 (0.277)	data 0.000 (0.196)	eta 0:09:27	loss 0.1940 (0.7113)	xded_loss 0.0239 (0.0315)	acc 100.0000 (81.5625)	lr 0.0004217827674798847
epoch [56/100][30/46]	time 0.303 (0.270)	data 0.249 (0.192)	eta 0:09:09	loss 0.3136 (0.6238)	xded_loss 0.0261 (0.0306)	acc 100.0000 (85.3125)	lr 0.0004217827674798847
epoch [56/100][40/46]	time 0.076 (0.256)	data 0.000 (0.178)	eta 0:08:39	loss 0.3182 (0.5747)	xded_loss 0.0420 (0.0304)	acc 100.0000 (86.8750)	lr 0.0004217827674798847
Do evaluation on test set
=> result
* total: 3,904
* correct: 1,037
* accuracy: 26.56%
* error: 73.44%
epoch [57/100][10/46]	time 0.081 (0.368)	data 0.000 (0.295)	eta 0:12:21	loss 2.4043 (0.6075)	xded_loss 0.0415 (0.0302)	acc 6.2500 (88.7500)	lr 0.00040630934270713783
epoch [57/100][20/46]	time 0.087 (0.293)	data 0.011 (0.211)	eta 0:09:47	loss 1.5080 (0.6153)	xded_loss 0.0446 (0.0318)	acc 65.6250 (87.9688)	lr 0.00040630934270713783
epoch [57/100][30/46]	time 0.128 (0.290)	data 0.000 (0.207)	eta 0:09:37	loss 0.3158 (0.5776)	xded_loss 0.0372 (0.0310)	acc 100.0000 (88.6458)	lr 0.00040630934270713783
epoch [57/100][40/46]	time 0.084 (0.269)	data 0.000 (0.187)	eta 0:08:52	loss 0.2831 (0.5441)	xded_loss 0.0207 (0.0300)	acc 100.0000 (89.0625)	lr 0.00040630934270713783
Do evaluation on test set
=> result
* total: 3,904
* correct: 783
* accuracy: 20.06%
* error: 79.94%
epoch [58/100][10/46]	time 0.262 (0.380)	data 0.203 (0.303)	eta 0:12:28	loss 2.3339 (0.8158)	xded_loss 0.0587 (0.0351)	acc 3.1250 (78.7500)	lr 0.000390928379301729
epoch [58/100][20/46]	time 0.062 (0.287)	data 0.001 (0.210)	eta 0:09:22	loss 0.1908 (0.6940)	xded_loss 0.0206 (0.0327)	acc 100.0000 (82.6562)	lr 0.000390928379301729
epoch [58/100][30/46]	time 0.076 (0.285)	data 0.001 (0.213)	eta 0:09:15	loss 2.0256 (0.6637)	xded_loss 0.0290 (0.0317)	acc 3.1250 (82.9167)	lr 0.000390928379301729
epoch [58/100][40/46]	time 0.059 (0.265)	data 0.004 (0.193)	eta 0:08:32	loss 1.2593 (0.6464)	xded_loss 0.0261 (0.0320)	acc 78.1250 (84.6875)	lr 0.000390928379301729
Do evaluation on test set
=> result
* total: 3,904
* correct: 1,253
* accuracy: 32.10%
* error: 67.90%
epoch [59/100][10/46]	time 0.187 (0.346)	data 0.111 (0.273)	eta 0:11:04	loss 0.2417 (0.3539)	xded_loss 0.0288 (0.0239)	acc 100.0000 (93.7500)	lr 0.0003756550564175727
epoch [59/100][20/46]	time 0.096 (0.294)	data 0.000 (0.220)	eta 0:09:22	loss 1.8624 (0.3969)	xded_loss 0.0425 (0.0245)	acc 37.5000 (93.7500)	lr 0.0003756550564175727
epoch [59/100][30/46]	time 0.104 (0.284)	data 0.000 (0.212)	eta 0:08:59	loss 2.5015 (0.4368)	xded_loss 0.0557 (0.0254)	acc 3.1250 (92.6042)	lr 0.0003756550564175727
epoch [59/100][40/46]	time 0.064 (0.264)	data 0.000 (0.189)	eta 0:08:18	loss 0.2783 (0.4507)	xded_loss 0.0295 (0.0277)	acc 100.0000 (92.7344)	lr 0.0003756550564175727
Do evaluation on test set
=> result
* total: 3,904
* correct: 889
* accuracy: 22.77%
* error: 77.23%
epoch [60/100][10/46]	time 0.180 (0.325)	data 0.127 (0.258)	eta 0:10:08	loss 0.3321 (0.5343)	xded_loss 0.0317 (0.0277)	acc 100.0000 (89.6875)	lr 0.00036050444698038553
epoch [60/100][20/46]	time 0.078 (0.271)	data 0.000 (0.204)	eta 0:08:25	loss 0.2650 (0.4981)	xded_loss 0.0342 (0.0290)	acc 100.0000 (90.0000)	lr 0.00036050444698038553
epoch [60/100][30/46]	time 0.172 (0.267)	data 0.102 (0.196)	eta 0:08:15	loss 2.0136 (0.5439)	xded_loss 0.0459 (0.0295)	acc 28.1250 (87.8125)	lr 0.00036050444698038553
epoch [60/100][40/46]	time 0.111 (0.250)	data 0.063 (0.178)	eta 0:07:42	loss 0.3062 (0.5699)	xded_loss 0.0272 (0.0300)	acc 100.0000 (88.1250)	lr 0.00036050444698038553
Do evaluation on test set
=> result
* total: 3,904
* correct: 789
* accuracy: 20.21%
* error: 79.79%
epoch [61/100][10/46]	time 0.162 (0.369)	data 0.118 (0.297)	eta 0:11:15	loss 0.1294 (0.2306)	xded_loss 0.0229 (0.0268)	acc 100.0000 (100.0000)	lr 0.00034549150281252655
epoch [61/100][20/46]	time 0.078 (0.291)	data 0.001 (0.219)	eta 0:08:49	loss 0.3453 (0.3748)	xded_loss 0.0306 (0.0287)	acc 100.0000 (95.3125)	lr 0.00034549150281252655
epoch [61/100][30/46]	time 0.069 (0.289)	data 0.000 (0.222)	eta 0:08:42	loss 0.1873 (0.5322)	xded_loss 0.0253 (0.0299)	acc 100.0000 (90.3125)	lr 0.00034549150281252655
epoch [61/100][40/46]	time 0.063 (0.267)	data 0.001 (0.200)	eta 0:08:01	loss 1.9736 (0.4944)	xded_loss 0.0332 (0.0287)	acc 6.2500 (90.3125)	lr 0.00034549150281252655
Do evaluation on test set
=> result
* total: 3,904
* correct: 1,351
* accuracy: 34.61%
* error: 65.39%
epoch [62/100][10/46]	time 0.123 (0.359)	data 0.079 (0.291)	eta 0:10:40	loss 0.2593 (0.3570)	xded_loss 0.0334 (0.0255)	acc 100.0000 (94.6875)	lr 0.0003306310398773544
epoch [62/100][20/46]	time 0.077 (0.281)	data 0.001 (0.215)	eta 0:08:18	loss 0.1640 (0.4638)	xded_loss 0.0214 (0.0263)	acc 100.0000 (90.1562)	lr 0.0003306310398773544
epoch [62/100][30/46]	time 0.416 (0.276)	data 0.354 (0.212)	eta 0:08:07	loss 1.2851 (0.4599)	xded_loss 0.0436 (0.0274)	acc 87.5000 (92.3958)	lr 0.0003306310398773544
epoch [62/100][40/46]	time 0.083 (0.258)	data 0.001 (0.192)	eta 0:07:33	loss 0.5593 (0.4551)	xded_loss 0.0402 (0.0273)	acc 100.0000 (92.3438)	lr 0.0003306310398773544
Do evaluation on test set
=> result
* total: 3,904
* correct: 864
* accuracy: 22.13%
* error: 77.87%
epoch [63/100][10/46]	time 0.174 (0.335)	data 0.109 (0.257)	eta 0:09:43	loss 0.2838 (0.3167)	xded_loss 0.0243 (0.0257)	acc 100.0000 (97.1875)	lr 0.00031593772365766127
epoch [63/100][20/46]	time 0.118 (0.285)	data 0.000 (0.214)	eta 0:08:11	loss 0.1989 (0.3884)	xded_loss 0.0253 (0.0285)	acc 100.0000 (97.6562)	lr 0.00031593772365766127
epoch [63/100][30/46]	time 0.112 (0.276)	data 0.001 (0.206)	eta 0:07:54	loss 0.1826 (0.3415)	xded_loss 0.0257 (0.0265)	acc 100.0000 (98.4375)	lr 0.00031593772365766127
epoch [63/100][40/46]	time 0.055 (0.255)	data 0.000 (0.185)	eta 0:07:15	loss 2.1056 (0.4185)	xded_loss 0.0344 (0.0265)	acc 3.1250 (93.9062)	lr 0.00031593772365766127
Do evaluation on test set
=> result
* total: 3,904
* correct: 1,077
* accuracy: 27.59%
* error: 72.41%
epoch [64/100][10/46]	time 0.372 (0.350)	data 0.323 (0.278)	eta 0:09:51	loss 1.6312 (0.5060)	xded_loss 0.0424 (0.0254)	acc 68.7500 (90.6250)	lr 0.0003014260546826097
epoch [64/100][20/46]	time 0.055 (0.276)	data 0.010 (0.203)	eta 0:07:43	loss 0.1961 (0.4632)	xded_loss 0.0292 (0.0268)	acc 100.0000 (90.6250)	lr 0.0003014260546826097
epoch [64/100][30/46]	time 0.125 (0.267)	data 0.052 (0.195)	eta 0:07:26	loss 0.1388 (0.3826)	xded_loss 0.0188 (0.0250)	acc 100.0000 (93.7500)	lr 0.0003014260546826097
epoch [64/100][40/46]	time 0.036 (0.251)	data 0.000 (0.179)	eta 0:06:56	loss 0.2724 (0.3449)	xded_loss 0.0262 (0.0254)	acc 100.0000 (95.3125)	lr 0.0003014260546826097
Do evaluation on test set
=> result
* total: 3,904
* correct: 708
* accuracy: 18.14%
* error: 81.86%
epoch [65/100][10/46]	time 0.300 (0.368)	data 0.225 (0.302)	eta 0:10:05	loss 0.2004 (0.3221)	xded_loss 0.0273 (0.0255)	acc 100.0000 (98.1250)	lr 0.0002871103542174637
epoch [65/100][20/46]	time 0.071 (0.295)	data 0.000 (0.227)	eta 0:08:02	loss 0.2679 (0.3311)	xded_loss 0.0295 (0.0266)	acc 100.0000 (98.4375)	lr 0.0002871103542174637
epoch [65/100][30/46]	time 0.284 (0.288)	data 0.242 (0.221)	eta 0:07:47	loss 0.1679 (0.3389)	xded_loss 0.0280 (0.0266)	acc 100.0000 (97.6042)	lr 0.0002871103542174637
epoch [65/100][40/46]	time 0.062 (0.271)	data 0.000 (0.202)	eta 0:07:18	loss 0.1166 (0.4433)	xded_loss 0.0175 (0.0262)	acc 100.0000 (93.5156)	lr 0.0002871103542174637
Do evaluation on test set
=> result
* total: 3,904
* correct: 922
* accuracy: 23.62%
* error: 76.38%
epoch [66/100][10/46]	time 0.128 (0.361)	data 0.000 (0.282)	eta 0:09:37	loss 0.3977 (0.2779)	xded_loss 0.0251 (0.0259)	acc 100.0000 (100.0000)	lr 0.0002730047501302267
epoch [66/100][20/46]	time 0.097 (0.285)	data 0.000 (0.213)	eta 0:07:33	loss 0.2162 (0.3224)	xded_loss 0.0218 (0.0261)	acc 100.0000 (99.8438)	lr 0.0002730047501302267
epoch [66/100][30/46]	time 0.067 (0.279)	data 0.000 (0.206)	eta 0:07:21	loss 0.7694 (0.3237)	xded_loss 0.0298 (0.0249)	acc 100.0000 (99.8958)	lr 0.0002730047501302267
epoch [66/100][40/46]	time 0.083 (0.262)	data 0.000 (0.190)	eta 0:06:50	loss 0.4977 (0.3706)	xded_loss 0.0443 (0.0264)	acc 100.0000 (97.8125)	lr 0.0002730047501302267
Do evaluation on test set
=> result
* total: 3,904
* correct: 1,000
* accuracy: 25.61%
* error: 74.39%
epoch [67/100][10/46]	time 0.327 (0.369)	data 0.283 (0.308)	eta 0:09:33	loss 0.1939 (0.3671)	xded_loss 0.0229 (0.0247)	acc 100.0000 (92.1875)	lr 0.00025912316294914234
epoch [67/100][20/46]	time 0.075 (0.287)	data 0.000 (0.223)	eta 0:07:23	loss 0.7796 (0.3567)	xded_loss 0.0309 (0.0253)	acc 100.0000 (95.7812)	lr 0.00025912316294914234
epoch [67/100][30/46]	time 0.329 (0.274)	data 0.288 (0.209)	eta 0:07:01	loss 0.3285 (0.4626)	xded_loss 0.0283 (0.0265)	acc 100.0000 (91.0417)	lr 0.00025912316294914234
epoch [67/100][40/46]	time 0.080 (0.256)	data 0.000 (0.192)	eta 0:06:30	loss 0.7927 (0.4162)	xded_loss 0.0292 (0.0258)	acc 96.8750 (93.2031)	lr 0.00025912316294914234
Do evaluation on test set
=> result
* total: 3,904
* correct: 906
* accuracy: 23.21%
* error: 76.79%
epoch [68/100][10/46]	time 0.158 (0.345)	data 0.102 (0.271)	eta 0:08:40	loss 0.2640 (0.4068)	xded_loss 0.0340 (0.0290)	acc 100.0000 (95.3125)	lr 0.0002454792921248144
epoch [68/100][20/46]	time 0.086 (0.273)	data 0.044 (0.200)	eta 0:06:49	loss 0.2482 (0.4793)	xded_loss 0.0292 (0.0300)	acc 100.0000 (93.2812)	lr 0.0002454792921248144
epoch [68/100][30/46]	time 0.088 (0.276)	data 0.017 (0.203)	eta 0:06:51	loss 0.2422 (0.4005)	xded_loss 0.0246 (0.0292)	acc 100.0000 (95.5208)	lr 0.0002454792921248144
epoch [68/100][40/46]	time 0.071 (0.260)	data 0.001 (0.185)	eta 0:06:24	loss 0.1493 (0.4258)	xded_loss 0.0128 (0.0281)	acc 100.0000 (94.2188)	lr 0.0002454792921248144
Do evaluation on test set
=> result
* total: 3,904
* correct: 1,061
* accuracy: 27.18%
* error: 72.82%
epoch [69/100][10/46]	time 0.172 (0.370)	data 0.112 (0.304)	eta 0:09:01	loss 0.2306 (0.4978)	xded_loss 0.0306 (0.0308)	acc 100.0000 (93.4375)	lr 0.00023208660251050164
epoch [69/100][20/46]	time 0.066 (0.294)	data 0.000 (0.224)	eta 0:07:07	loss 0.1600 (0.4559)	xded_loss 0.0233 (0.0279)	acc 100.0000 (92.6562)	lr 0.00023208660251050164
epoch [69/100][30/46]	time 0.166 (0.288)	data 0.123 (0.219)	eta 0:06:54	loss 0.2440 (0.4235)	xded_loss 0.0241 (0.0266)	acc 100.0000 (93.4375)	lr 0.00023208660251050164
epoch [69/100][40/46]	time 0.050 (0.271)	data 0.000 (0.201)	eta 0:06:27	loss 0.1671 (0.4663)	xded_loss 0.0227 (0.0268)	acc 100.0000 (92.1094)	lr 0.00023208660251050164
Do evaluation on test set
=> result
* total: 3,904
* correct: 764
* accuracy: 19.57%
* error: 80.43%
epoch [70/100][10/46]	time 0.069 (0.376)	data 0.000 (0.312)	eta 0:08:52	loss 0.0946 (0.1860)	xded_loss 0.0139 (0.0225)	acc 100.0000 (100.0000)	lr 0.00021895831107393473
epoch [70/100][20/46]	time 0.068 (0.285)	data 0.000 (0.218)	eta 0:06:40	loss 0.2445 (0.1845)	xded_loss 0.0282 (0.0228)	acc 100.0000 (100.0000)	lr 0.00021895831107393473
epoch [70/100][30/46]	time 0.073 (0.281)	data 0.005 (0.212)	eta 0:06:32	loss 0.1672 (0.2312)	xded_loss 0.0197 (0.0232)	acc 100.0000 (99.4792)	lr 0.00021895831107393473
epoch [70/100][40/46]	time 0.078 (0.263)	data 0.000 (0.193)	eta 0:06:04	loss 0.1921 (0.3076)	xded_loss 0.0240 (0.0237)	acc 100.0000 (95.7031)	lr 0.00021895831107393473
Do evaluation on test set
=> result
* total: 3,904
* correct: 1,017
* accuracy: 26.05%
* error: 73.95%
epoch [71/100][10/46]	time 0.138 (0.327)	data 0.061 (0.264)	eta 0:07:27	loss 0.3121 (0.4670)	xded_loss 0.0368 (0.0303)	acc 100.0000 (96.2500)	lr 0.00020610737385376356
epoch [71/100][20/46]	time 0.038 (0.274)	data 0.000 (0.214)	eta 0:06:12	loss 0.0987 (0.5430)	xded_loss 0.0141 (0.0284)	acc 100.0000 (89.3750)	lr 0.00020610737385376356
epoch [71/100][30/46]	time 0.099 (0.269)	data 0.000 (0.205)	eta 0:06:03	loss 0.1709 (0.5778)	xded_loss 0.0273 (0.0281)	acc 100.0000 (88.8542)	lr 0.00020610737385376356
epoch [71/100][40/46]	time 0.188 (0.251)	data 0.124 (0.186)	eta 0:05:36	loss 0.1811 (0.6391)	xded_loss 0.0218 (0.0277)	acc 100.0000 (87.9688)	lr 0.00020610737385376356
Do evaluation on test set
=> result
* total: 3,904
* correct: 1,037
* accuracy: 26.56%
* error: 73.44%
epoch [72/100][10/46]	time 0.224 (0.367)	data 0.140 (0.295)	eta 0:08:06	loss 0.2216 (0.3989)	xded_loss 0.0232 (0.0259)	acc 100.0000 (95.6250)	lr 0.00019354647317351177
epoch [72/100][20/46]	time 0.105 (0.294)	data 0.000 (0.221)	eta 0:06:25	loss 0.2165 (0.3570)	xded_loss 0.0308 (0.0258)	acc 100.0000 (97.8125)	lr 0.00019354647317351177
epoch [72/100][30/46]	time 0.310 (0.286)	data 0.250 (0.216)	eta 0:06:12	loss 0.3134 (0.3710)	xded_loss 0.0352 (0.0248)	acc 100.0000 (96.9792)	lr 0.00019354647317351177
epoch [72/100][40/46]	time 0.061 (0.267)	data 0.000 (0.198)	eta 0:05:45	loss 0.1628 (0.3610)	xded_loss 0.0227 (0.0236)	acc 100.0000 (96.0156)	lr 0.00019354647317351177
Do evaluation on test set
=> result
* total: 3,904
* correct: 1,090
* accuracy: 27.92%
* error: 72.08%
epoch [73/100][10/46]	time 0.306 (0.368)	data 0.237 (0.303)	eta 0:07:49	loss 0.2255 (0.3417)	xded_loss 0.0295 (0.0246)	acc 100.0000 (98.1250)	lr 0.0001812880051256552
epoch [73/100][20/46]	time 0.072 (0.286)	data 0.004 (0.214)	eta 0:06:03	loss 0.2923 (0.4504)	xded_loss 0.0272 (0.0253)	acc 100.0000 (93.4375)	lr 0.0001812880051256552
epoch [73/100][30/46]	time 0.149 (0.283)	data 0.101 (0.211)	eta 0:05:55	loss 0.1953 (0.4248)	xded_loss 0.0186 (0.0244)	acc 100.0000 (92.7083)	lr 0.0001812880051256552
epoch [73/100][40/46]	time 0.065 (0.263)	data 0.000 (0.191)	eta 0:05:28	loss 0.2571 (0.4229)	xded_loss 0.0255 (0.0245)	acc 100.0000 (94.2188)	lr 0.0001812880051256552
Do evaluation on test set
=> result
* total: 3,904
* correct: 862
* accuracy: 22.08%
* error: 77.92%
epoch [74/100][10/46]	time 0.224 (0.326)	data 0.092 (0.254)	eta 0:06:42	loss 0.1417 (0.3681)	xded_loss 0.0160 (0.0227)	acc 100.0000 (92.8125)	lr 0.00016934406733817422
epoch [74/100][20/46]	time 0.100 (0.275)	data 0.017 (0.205)	eta 0:05:35	loss 0.1392 (0.3679)	xded_loss 0.0153 (0.0237)	acc 100.0000 (94.3750)	lr 0.00016934406733817422
epoch [74/100][30/46]	time 0.157 (0.266)	data 0.107 (0.199)	eta 0:05:22	loss 0.1995 (0.3716)	xded_loss 0.0197 (0.0248)	acc 100.0000 (93.7500)	lr 0.00016934406733817422
epoch [74/100][40/46]	time 0.067 (0.248)	data 0.000 (0.182)	eta 0:04:58	loss 0.2480 (0.3988)	xded_loss 0.0311 (0.0254)	acc 100.0000 (93.5156)	lr 0.00016934406733817422
Do evaluation on test set
=> result
* total: 3,904
* correct: 962
* accuracy: 24.64%
* error: 75.36%
epoch [75/100][10/46]	time 0.169 (0.355)	data 0.086 (0.287)	eta 0:07:00	loss 0.2241 (0.3758)	xded_loss 0.0241 (0.0258)	acc 100.0000 (93.4375)	lr 0.0001577264470356557
epoch [75/100][20/46]	time 0.072 (0.289)	data 0.002 (0.224)	eta 0:05:39	loss 0.2274 (0.4599)	xded_loss 0.0292 (0.0268)	acc 100.0000 (89.5312)	lr 0.0001577264470356557
epoch [75/100][30/46]	time 0.115 (0.288)	data 0.001 (0.219)	eta 0:05:35	loss 1.5459 (0.4633)	xded_loss 0.0392 (0.0267)	acc 75.0000 (91.1458)	lr 0.0001577264470356557
epoch [75/100][40/46]	time 0.080 (0.270)	data 0.000 (0.203)	eta 0:05:12	loss 0.2318 (0.4335)	xded_loss 0.0289 (0.0262)	acc 100.0000 (92.4219)	lr 0.0001577264470356557
Do evaluation on test set
=> result
* total: 3,904
* correct: 1,291
* accuracy: 33.07%
* error: 66.93%
epoch [76/100][10/46]	time 0.093 (0.342)	data 0.000 (0.270)	eta 0:06:29	loss 0.1504 (0.6435)	xded_loss 0.0231 (0.0285)	acc 100.0000 (89.3750)	lr 0.00014644660940672634
epoch [76/100][20/46]	time 0.082 (0.280)	data 0.005 (0.210)	eta 0:05:16	loss 0.2773 (0.5571)	xded_loss 0.0306 (0.0269)	acc 100.0000 (90.6250)	lr 0.00014644660940672634
epoch [76/100][30/46]	time 0.166 (0.270)	data 0.116 (0.205)	eta 0:05:02	loss 1.8228 (0.5473)	xded_loss 0.0392 (0.0259)	acc 46.8750 (89.4792)	lr 0.00014644660940672634
epoch [76/100][40/46]	time 0.079 (0.262)	data 0.000 (0.197)	eta 0:04:50	loss 0.2465 (0.4907)	xded_loss 0.0199 (0.0249)	acc 100.0000 (91.5625)	lr 0.00014644660940672634
Do evaluation on test set
=> result
* total: 3,904
* correct: 1,021
* accuracy: 26.15%
* error: 73.85%
epoch [77/100][10/46]	time 0.292 (0.345)	data 0.230 (0.272)	eta 0:06:17	loss 0.2568 (0.3816)	xded_loss 0.0248 (0.0264)	acc 100.0000 (92.8125)	lr 0.0001355156862892944
epoch [77/100][20/46]	time 0.062 (0.269)	data 0.000 (0.198)	eta 0:04:51	loss 0.2188 (0.2895)	xded_loss 0.0260 (0.0241)	acc 100.0000 (96.4062)	lr 0.0001355156862892944
epoch [77/100][30/46]	time 0.146 (0.257)	data 0.094 (0.193)	eta 0:04:36	loss 0.1780 (0.2587)	xded_loss 0.0249 (0.0237)	acc 100.0000 (97.6042)	lr 0.0001355156862892944
epoch [77/100][40/46]	time 0.060 (0.247)	data 0.004 (0.184)	eta 0:04:22	loss 0.2054 (0.2369)	xded_loss 0.0315 (0.0233)	acc 100.0000 (98.2031)	lr 0.0001355156862892944
Do evaluation on test set
=> result
* total: 3,904
* correct: 1,158
* accuracy: 29.66%
* error: 70.34%
epoch [78/100][10/46]	time 0.140 (0.349)	data 0.096 (0.284)	eta 0:06:05	loss 0.1716 (0.3289)	xded_loss 0.0197 (0.0236)	acc 100.0000 (97.1875)	lr 0.00012494446518477025
epoch [78/100][20/46]	time 0.081 (0.277)	data 0.002 (0.211)	eta 0:04:47	loss 0.2366 (0.3107)	xded_loss 0.0209 (0.0216)	acc 100.0000 (98.2812)	lr 0.00012494446518477025
epoch [78/100][30/46]	time 0.088 (0.270)	data 0.000 (0.204)	eta 0:04:37	loss 0.1995 (0.3278)	xded_loss 0.0226 (0.0229)	acc 100.0000 (97.7083)	lr 0.00012494446518477025
epoch [78/100][40/46]	time 0.086 (0.252)	data 0.000 (0.184)	eta 0:04:16	loss 0.1613 (0.3160)	xded_loss 0.0225 (0.0229)	acc 100.0000 (98.2031)	lr 0.00012494446518477025
Do evaluation on test set
=> result
* total: 3,904
* correct: 908
* accuracy: 23.26%
* error: 76.74%
epoch [79/100][10/46]	time 0.076 (0.329)	data 0.000 (0.271)	eta 0:05:29	loss 0.2686 (0.3284)	xded_loss 0.0233 (0.0230)	acc 100.0000 (96.8750)	lr 0.00011474337861210548
epoch [79/100][20/46]	time 0.057 (0.264)	data 0.001 (0.207)	eta 0:04:21	loss 0.1511 (0.3425)	xded_loss 0.0166 (0.0237)	acc 100.0000 (96.0938)	lr 0.00011474337861210548
epoch [79/100][30/46]	time 0.273 (0.256)	data 0.199 (0.198)	eta 0:04:11	loss 0.1297 (0.2966)	xded_loss 0.0156 (0.0240)	acc 100.0000 (97.3958)	lr 0.00011474337861210548
epoch [79/100][40/46]	time 0.069 (0.243)	data 0.000 (0.186)	eta 0:03:55	loss 0.1369 (0.3475)	xded_loss 0.0158 (0.0244)	acc 100.0000 (95.7812)	lr 0.00011474337861210548
Do evaluation on test set
=> result
* total: 3,904
* correct: 963
* accuracy: 24.67%
* error: 75.33%
epoch [80/100][10/46]	time 0.082 (0.361)	data 0.002 (0.291)	eta 0:05:45	loss 0.2165 (0.4720)	xded_loss 0.0266 (0.0278)	acc 100.0000 (96.8750)	lr 0.00010492249381215483
epoch [80/100][20/46]	time 0.077 (0.287)	data 0.003 (0.219)	eta 0:04:31	loss 0.1509 (0.4494)	xded_loss 0.0183 (0.0272)	acc 100.0000 (97.1875)	lr 0.00010492249381215483
epoch [80/100][30/46]	time 0.117 (0.278)	data 0.001 (0.205)	eta 0:04:19	loss 0.2045 (0.4109)	xded_loss 0.0285 (0.0258)	acc 100.0000 (97.1875)	lr 0.00010492249381215483
epoch [80/100][40/46]	time 0.160 (0.263)	data 0.118 (0.194)	eta 0:04:03	loss 1.6537 (0.3998)	xded_loss 0.0388 (0.0260)	acc 71.8750 (97.1875)	lr 0.00010492249381215483
Do evaluation on test set
=> result
* total: 3,904
* correct: 858
* accuracy: 21.98%
* error: 78.02%
epoch [81/100][10/46]	time 0.114 (0.340)	data 0.001 (0.271)	eta 0:05:09	loss 0.1787 (0.7254)	xded_loss 0.0175 (0.0267)	acc 100.0000 (85.3125)	lr 9.549150281252637e-05
epoch [81/100][20/46]	time 0.063 (0.264)	data 0.000 (0.193)	eta 0:03:57	loss 0.2008 (0.7265)	xded_loss 0.0265 (0.0258)	acc 100.0000 (85.1562)	lr 9.549150281252637e-05
epoch [81/100][30/46]	time 0.107 (0.268)	data 0.000 (0.194)	eta 0:03:58	loss 0.2664 (0.6718)	xded_loss 0.0222 (0.0248)	acc 100.0000 (85.3125)	lr 9.549150281252637e-05
epoch [81/100][40/46]	time 0.104 (0.248)	data 0.000 (0.174)	eta 0:03:38	loss 0.1201 (0.5876)	xded_loss 0.0167 (0.0240)	acc 100.0000 (87.8906)	lr 9.549150281252637e-05
Do evaluation on test set
=> result
* total: 3,904
* correct: 872
* accuracy: 22.34%
* error: 77.66%
epoch [82/100][10/46]	time 0.122 (0.333)	data 0.075 (0.266)	eta 0:04:47	loss 0.1592 (0.5480)	xded_loss 0.0235 (0.0265)	acc 100.0000 (94.6875)	lr 8.645971286271918e-05
epoch [82/100][20/46]	time 0.080 (0.268)	data 0.018 (0.195)	eta 0:03:48	loss 0.1236 (0.5252)	xded_loss 0.0142 (0.0242)	acc 100.0000 (91.2500)	lr 8.645971286271918e-05
epoch [82/100][30/46]	time 0.116 (0.267)	data 0.000 (0.194)	eta 0:03:45	loss 0.1198 (0.4174)	xded_loss 0.0135 (0.0232)	acc 100.0000 (94.1667)	lr 8.645971286271918e-05
epoch [82/100][40/46]	time 0.094 (0.254)	data 0.003 (0.179)	eta 0:03:31	loss 0.1772 (0.3597)	xded_loss 0.0230 (0.0232)	acc 100.0000 (95.6250)	lr 8.645971286271918e-05
Do evaluation on test set
=> result
* total: 3,904
* correct: 778
* accuracy: 19.93%
* error: 80.07%
epoch [83/100][10/46]	time 0.317 (0.355)	data 0.258 (0.285)	eta 0:04:50	loss 0.1985 (0.1988)	xded_loss 0.0245 (0.0233)	acc 100.0000 (100.0000)	lr 7.78360372489926e-05
epoch [83/100][20/46]	time 0.088 (0.276)	data 0.005 (0.205)	eta 0:03:43	loss 0.3110 (0.2771)	xded_loss 0.0343 (0.0237)	acc 100.0000 (97.6562)	lr 7.78360372489926e-05
epoch [83/100][30/46]	time 0.147 (0.273)	data 0.059 (0.205)	eta 0:03:38	loss 0.2434 (0.3364)	xded_loss 0.0198 (0.0238)	acc 100.0000 (97.2917)	lr 7.78360372489926e-05
epoch [83/100][40/46]	time 0.084 (0.260)	data 0.000 (0.192)	eta 0:03:24	loss 0.1688 (0.3704)	xded_loss 0.0194 (0.0246)	acc 100.0000 (96.7188)	lr 7.78360372489926e-05
Do evaluation on test set
=> result
* total: 3,904
* correct: 1,032
* accuracy: 26.43%
* error: 73.57%
epoch [84/100][10/46]	time 0.144 (0.366)	data 0.084 (0.291)	eta 0:04:42	loss 0.2995 (0.3289)	xded_loss 0.0316 (0.0237)	acc 100.0000 (97.1875)	lr 6.962898649802815e-05
epoch [84/100][20/46]	time 0.064 (0.284)	data 0.000 (0.215)	eta 0:03:36	loss 0.2202 (0.3484)	xded_loss 0.0280 (0.0238)	acc 100.0000 (95.0000)	lr 6.962898649802815e-05
epoch [84/100][30/46]	time 0.168 (0.280)	data 0.104 (0.212)	eta 0:03:30	loss 0.1481 (0.3333)	xded_loss 0.0161 (0.0227)	acc 100.0000 (96.1458)	lr 6.962898649802815e-05
epoch [84/100][40/46]	time 0.076 (0.261)	data 0.000 (0.193)	eta 0:03:13	loss 0.2523 (0.3212)	xded_loss 0.0278 (0.0226)	acc 100.0000 (96.9531)	lr 6.962898649802815e-05
Do evaluation on test set
=> result
* total: 3,904
* correct: 1,131
* accuracy: 28.97%
* error: 71.03%
epoch [85/100][10/46]	time 0.118 (0.343)	data 0.063 (0.270)	eta 0:04:09	loss 1.6064 (0.7847)	xded_loss 0.0386 (0.0281)	acc 71.8750 (82.8125)	lr 6.184665997806824e-05
epoch [85/100][20/46]	time 0.082 (0.266)	data 0.006 (0.196)	eta 0:03:10	loss 1.7277 (0.7522)	xded_loss 0.0568 (0.0269)	acc 71.8750 (86.0938)	lr 6.184665997806824e-05
epoch [85/100][30/46]	time 0.119 (0.262)	data 0.044 (0.193)	eta 0:03:04	loss 0.2073 (0.6234)	xded_loss 0.0275 (0.0268)	acc 100.0000 (89.0625)	lr 6.184665997806824e-05
epoch [85/100][40/46]	time 0.064 (0.246)	data 0.000 (0.176)	eta 0:02:51	loss 0.1240 (0.5111)	xded_loss 0.0114 (0.0251)	acc 100.0000 (91.7969)	lr 6.184665997806824e-05
Do evaluation on test set
=> result
* total: 3,904
* correct: 883
* accuracy: 22.62%
* error: 77.38%
epoch [86/100][10/46]	time 0.081 (0.332)	data 0.000 (0.262)	eta 0:03:45	loss 0.1679 (0.3618)	xded_loss 0.0256 (0.0234)	acc 100.0000 (95.0000)	lr 5.449673790581613e-05
epoch [86/100][20/46]	time 0.100 (0.270)	data 0.000 (0.196)	eta 0:03:00	loss 1.6648 (0.3491)	xded_loss 0.0398 (0.0229)	acc 75.0000 (96.2500)	lr 5.449673790581613e-05
epoch [86/100][30/46]	time 0.088 (0.269)	data 0.001 (0.196)	eta 0:02:57	loss 0.2164 (0.3413)	xded_loss 0.0317 (0.0241)	acc 100.0000 (96.6667)	lr 5.449673790581613e-05
epoch [86/100][40/46]	time 0.063 (0.249)	data 0.000 (0.178)	eta 0:02:41	loss 0.2213 (0.3643)	xded_loss 0.0298 (0.0241)	acc 100.0000 (97.0312)	lr 5.449673790581613e-05
Do evaluation on test set
=> result
* total: 3,904
* correct: 829
* accuracy: 21.23%
* error: 78.77%
epoch [87/100][10/46]	time 0.118 (0.365)	data 0.000 (0.285)	eta 0:03:51	loss 1.2974 (0.7085)	xded_loss 0.0253 (0.0239)	acc 96.8750 (91.5625)	lr 4.758647376699034e-05
epoch [87/100][20/46]	time 0.069 (0.286)	data 0.001 (0.209)	eta 0:02:58	loss 0.2787 (0.6085)	xded_loss 0.0291 (0.0270)	acc 100.0000 (92.3438)	lr 4.758647376699034e-05
epoch [87/100][30/46]	time 0.167 (0.279)	data 0.113 (0.205)	eta 0:02:51	loss 0.1809 (0.5152)	xded_loss 0.0212 (0.0257)	acc 100.0000 (94.1667)	lr 4.758647376699034e-05
epoch [87/100][40/46]	time 0.080 (0.262)	data 0.000 (0.189)	eta 0:02:38	loss 0.1942 (0.4654)	xded_loss 0.0234 (0.0248)	acc 100.0000 (95.1562)	lr 4.758647376699034e-05
Do evaluation on test set
=> result
* total: 3,904
* correct: 1,049
* accuracy: 26.87%
* error: 73.13%
epoch [88/100][10/46]	time 0.076 (0.374)	data 0.009 (0.297)	eta 0:03:39	loss 0.2147 (0.3012)	xded_loss 0.0260 (0.0221)	acc 100.0000 (98.7500)	lr 4.112268715800956e-05
epoch [88/100][20/46]	time 0.083 (0.292)	data 0.004 (0.218)	eta 0:02:48	loss 0.2398 (0.3231)	xded_loss 0.0222 (0.0229)	acc 100.0000 (97.6562)	lr 4.112268715800956e-05
epoch [88/100][30/46]	time 0.078 (0.283)	data 0.019 (0.210)	eta 0:02:40	loss 0.1048 (0.3251)	xded_loss 0.0138 (0.0226)	acc 100.0000 (96.6667)	lr 4.112268715800956e-05
epoch [88/100][40/46]	time 0.078 (0.264)	data 0.000 (0.191)	eta 0:02:27	loss 0.1520 (0.3646)	xded_loss 0.0216 (0.0228)	acc 100.0000 (95.7812)	lr 4.112268715800956e-05
Do evaluation on test set
=> result
* total: 3,904
* correct: 772
* accuracy: 19.77%
* error: 80.23%
epoch [89/100][10/46]	time 0.126 (0.339)	data 0.004 (0.267)	eta 0:03:03	loss 0.2286 (0.3299)	xded_loss 0.0298 (0.0232)	acc 100.0000 (97.8125)	lr 3.511175705587434e-05
epoch [89/100][20/46]	time 0.077 (0.274)	data 0.000 (0.210)	eta 0:02:25	loss 0.1557 (0.4296)	xded_loss 0.0192 (0.0228)	acc 100.0000 (96.2500)	lr 3.511175705587434e-05
epoch [89/100][30/46]	time 0.145 (0.260)	data 0.091 (0.200)	eta 0:02:15	loss 0.2960 (0.3841)	xded_loss 0.0338 (0.0231)	acc 100.0000 (97.1875)	lr 3.511175705587434e-05
epoch [89/100][40/46]	time 0.078 (0.251)	data 0.002 (0.190)	eta 0:02:08	loss 0.1390 (0.3591)	xded_loss 0.0178 (0.0223)	acc 100.0000 (97.5000)	lr 3.511175705587434e-05
Do evaluation on test set
=> result
* total: 3,904
* correct: 854
* accuracy: 21.88%
* error: 78.12%
epoch [90/100][10/46]	time 0.057 (0.347)	data 0.001 (0.280)	eta 0:02:52	loss 0.2702 (0.3703)	xded_loss 0.0264 (0.0252)	acc 100.0000 (92.8125)	lr 2.9559615522887284e-05
epoch [90/100][20/46]	time 0.088 (0.267)	data 0.000 (0.195)	eta 0:02:09	loss 0.1334 (0.4085)	xded_loss 0.0150 (0.0246)	acc 100.0000 (94.2188)	lr 2.9559615522887284e-05
epoch [90/100][30/46]	time 0.090 (0.262)	data 0.010 (0.190)	eta 0:02:04	loss 2.0062 (0.4422)	xded_loss 0.0436 (0.0253)	acc 25.0000 (92.9167)	lr 2.9559615522887284e-05
epoch [90/100][40/46]	time 0.073 (0.241)	data 0.000 (0.172)	eta 0:01:52	loss 0.1819 (0.4799)	xded_loss 0.0222 (0.0254)	acc 100.0000 (92.7344)	lr 2.9559615522887284e-05
Do evaluation on test set
=> result
* total: 3,904
* correct: 811
* accuracy: 20.77%
* error: 79.23%
epoch [91/100][10/46]	time 0.437 (0.362)	data 0.384 (0.297)	eta 0:02:42	loss 0.1785 (0.6601)	xded_loss 0.0222 (0.0295)	acc 100.0000 (87.1875)	lr 2.447174185242324e-05
epoch [91/100][20/46]	time 0.081 (0.281)	data 0.001 (0.216)	eta 0:02:03	loss 0.1844 (0.4800)	xded_loss 0.0231 (0.0262)	acc 100.0000 (93.5938)	lr 2.447174185242324e-05
epoch [91/100][30/46]	time 0.140 (0.268)	data 0.068 (0.204)	eta 0:01:55	loss 0.1492 (0.5514)	xded_loss 0.0174 (0.0265)	acc 100.0000 (93.2292)	lr 2.447174185242324e-05
epoch [91/100][40/46]	time 0.078 (0.260)	data 0.000 (0.195)	eta 0:01:48	loss 0.1424 (0.5454)	xded_loss 0.0205 (0.0257)	acc 100.0000 (93.7500)	lr 2.447174185242324e-05
Do evaluation on test set
=> result
* total: 3,904
* correct: 930
* accuracy: 23.82%
* error: 76.18%
epoch [92/100][10/46]	time 0.379 (0.362)	data 0.323 (0.292)	eta 0:02:26	loss 0.2273 (0.1993)	xded_loss 0.0229 (0.0238)	acc 100.0000 (100.0000)	lr 1.9853157161528526e-05
epoch [92/100][20/46]	time 0.073 (0.277)	data 0.002 (0.206)	eta 0:01:49	loss 0.1548 (0.2421)	xded_loss 0.0161 (0.0217)	acc 100.0000 (100.0000)	lr 1.9853157161528526e-05
epoch [92/100][30/46]	time 0.443 (0.274)	data 0.375 (0.205)	eta 0:01:45	loss 0.2047 (0.2325)	xded_loss 0.0301 (0.0226)	acc 100.0000 (100.0000)	lr 1.9853157161528526e-05
epoch [92/100][40/46]	time 0.049 (0.256)	data 0.000 (0.187)	eta 0:01:35	loss 0.2267 (0.2669)	xded_loss 0.0262 (0.0229)	acc 100.0000 (98.7500)	lr 1.9853157161528526e-05
Do evaluation on test set
=> result
* total: 3,904
* correct: 835
* accuracy: 21.39%
* error: 78.61%
epoch [93/100][10/46]	time 0.133 (0.346)	data 0.004 (0.264)	eta 0:02:03	loss 0.1715 (0.3405)	xded_loss 0.0201 (0.0233)	acc 100.0000 (96.5625)	lr 1.570841943568452e-05
epoch [93/100][20/46]	time 0.077 (0.267)	data 0.016 (0.189)	eta 0:01:32	loss 1.6048 (0.4847)	xded_loss 0.0371 (0.0251)	acc 75.0000 (92.8125)	lr 1.570841943568452e-05
epoch [93/100][30/46]	time 0.071 (0.266)	data 0.003 (0.188)	eta 0:01:29	loss 0.1776 (0.3861)	xded_loss 0.0206 (0.0245)	acc 100.0000 (95.2083)	lr 1.570841943568452e-05
epoch [93/100][40/46]	time 0.089 (0.249)	data 0.000 (0.173)	eta 0:01:21	loss 0.1254 (0.3751)	xded_loss 0.0161 (0.0240)	acc 100.0000 (95.3125)	lr 1.570841943568452e-05
Do evaluation on test set
=> result
* total: 3,904
* correct: 925
* accuracy: 23.69%
* error: 76.31%
epoch [94/100][10/46]	time 0.075 (0.340)	data 0.000 (0.263)	eta 0:01:46	loss 0.1791 (0.1709)	xded_loss 0.0209 (0.0202)	acc 100.0000 (100.0000)	lr 1.204161903062634e-05
epoch [94/100][20/46]	time 0.079 (0.264)	data 0.000 (0.191)	eta 0:01:19	loss 0.2265 (0.1706)	xded_loss 0.0272 (0.0196)	acc 100.0000 (100.0000)	lr 1.204161903062634e-05
epoch [94/100][30/46]	time 0.054 (0.257)	data 0.000 (0.185)	eta 0:01:15	loss 0.1440 (0.2114)	xded_loss 0.0122 (0.0215)	acc 100.0000 (100.0000)	lr 1.204161903062634e-05
epoch [94/100][40/46]	time 0.081 (0.241)	data 0.000 (0.170)	eta 0:01:07	loss 0.1016 (0.2516)	xded_loss 0.0125 (0.0212)	acc 100.0000 (99.9219)	lr 1.204161903062634e-05
Do evaluation on test set
=> result
* total: 3,904
* correct: 1,052
* accuracy: 26.95%
* error: 73.05%
epoch [95/100][10/46]	time 0.092 (0.374)	data 0.000 (0.311)	eta 0:01:39	loss 0.1926 (0.2018)	xded_loss 0.0247 (0.0227)	acc 100.0000 (100.0000)	lr 8.85637463565564e-06
epoch [95/100][20/46]	time 0.078 (0.285)	data 0.000 (0.220)	eta 0:01:13	loss 0.2169 (0.2480)	xded_loss 0.0241 (0.0219)	acc 100.0000 (99.8438)	lr 8.85637463565564e-06
epoch [95/100][30/46]	time 0.301 (0.280)	data 0.238 (0.215)	eta 0:01:08	loss 0.1484 (0.2835)	xded_loss 0.0137 (0.0226)	acc 100.0000 (98.4375)	lr 8.85637463565564e-06
epoch [95/100][40/46]	time 0.071 (0.262)	data 0.001 (0.196)	eta 0:01:01	loss 0.1182 (0.2861)	xded_loss 0.0159 (0.0224)	acc 100.0000 (98.1250)	lr 8.85637463565564e-06
Do evaluation on test set
=> result
* total: 3,904
* correct: 1,515
* accuracy: 38.81%
* error: 61.19%
epoch [96/100][10/46]	time 0.111 (0.347)	data 0.002 (0.269)	eta 0:01:16	loss 0.1840 (0.1879)	xded_loss 0.0212 (0.0200)	acc 100.0000 (100.0000)	lr 6.155829702431171e-06
epoch [96/100][20/46]	time 0.076 (0.271)	data 0.001 (0.193)	eta 0:00:56	loss 0.2559 (0.2507)	xded_loss 0.0289 (0.0209)	acc 100.0000 (97.5000)	lr 6.155829702431171e-06
epoch [96/100][30/46]	time 0.105 (0.267)	data 0.000 (0.193)	eta 0:00:53	loss 1.7853 (0.3245)	xded_loss 0.0341 (0.0215)	acc 50.0000 (95.3125)	lr 6.155829702431171e-06
epoch [96/100][40/46]	time 0.080 (0.250)	data 0.000 (0.177)	eta 0:00:47	loss 0.2093 (0.2909)	xded_loss 0.0232 (0.0218)	acc 100.0000 (96.4844)	lr 6.155829702431171e-06
Do evaluation on test set
=> result
* total: 3,904
* correct: 741
* accuracy: 18.98%
* error: 81.02%
epoch [97/100][10/46]	time 0.127 (0.352)	data 0.000 (0.271)	eta 0:01:01	loss 0.1543 (0.1950)	xded_loss 0.0156 (0.0209)	acc 100.0000 (100.0000)	lr 3.942649342761118e-06
epoch [97/100][20/46]	time 0.067 (0.269)	data 0.003 (0.196)	eta 0:00:44	loss 0.1707 (0.2564)	xded_loss 0.0154 (0.0211)	acc 100.0000 (98.2812)	lr 3.942649342761118e-06
epoch [97/100][30/46]	time 0.203 (0.264)	data 0.134 (0.194)	eta 0:00:40	loss 0.1040 (0.2747)	xded_loss 0.0150 (0.0211)	acc 100.0000 (97.7083)	lr 3.942649342761118e-06
epoch [97/100][40/46]	time 0.078 (0.251)	data 0.000 (0.182)	eta 0:00:36	loss 0.2265 (0.3220)	xded_loss 0.0232 (0.0220)	acc 100.0000 (97.5781)	lr 3.942649342761118e-06
Do evaluation on test set
=> result
* total: 3,904
* correct: 844
* accuracy: 21.62%
* error: 78.38%
epoch [98/100][10/46]	time 0.085 (0.331)	data 0.004 (0.259)	eta 0:00:42	loss 0.1257 (0.3168)	xded_loss 0.0170 (0.0208)	acc 100.0000 (95.9375)	lr 2.2190176984600023e-06
epoch [98/100][20/46]	time 0.075 (0.269)	data 0.003 (0.194)	eta 0:00:31	loss 0.1117 (0.2499)	xded_loss 0.0136 (0.0209)	acc 100.0000 (97.9688)	lr 2.2190176984600023e-06
epoch [98/100][30/46]	time 0.164 (0.262)	data 0.110 (0.193)	eta 0:00:28	loss 0.1696 (0.2747)	xded_loss 0.0236 (0.0212)	acc 100.0000 (97.7083)	lr 2.2190176984600023e-06
epoch [98/100][40/46]	time 0.092 (0.256)	data 0.000 (0.188)	eta 0:00:25	loss 0.1740 (0.2570)	xded_loss 0.0193 (0.0216)	acc 100.0000 (98.2812)	lr 2.2190176984600023e-06
Do evaluation on test set
=> result
* total: 3,904
* correct: 866
* accuracy: 22.18%
* error: 77.82%
epoch [99/100][10/46]	time 0.103 (0.376)	data 0.005 (0.306)	eta 0:00:30	loss 0.2101 (0.3424)	xded_loss 0.0246 (0.0235)	acc 100.0000 (95.6250)	lr 9.866357858642206e-07
epoch [99/100][20/46]	time 0.083 (0.284)	data 0.001 (0.210)	eta 0:00:20	loss 1.4006 (0.4690)	xded_loss 0.0255 (0.0234)	acc 90.6250 (94.3750)	lr 9.866357858642206e-07
epoch [99/100][30/46]	time 0.123 (0.278)	data 0.001 (0.201)	eta 0:00:17	loss 0.2402 (0.4558)	xded_loss 0.0218 (0.0233)	acc 100.0000 (95.3125)	lr 9.866357858642206e-07
epoch [99/100][40/46]	time 0.085 (0.263)	data 0.000 (0.187)	eta 0:00:13	loss 0.1899 (0.4502)	xded_loss 0.0235 (0.0236)	acc 100.0000 (95.3906)	lr 9.866357858642206e-07
Do evaluation on test set
=> result
* total: 3,904
* correct: 800
* accuracy: 20.49%
* error: 79.51%
epoch [100/100][10/46]	time 0.111 (0.361)	data 0.000 (0.286)	eta 0:00:13	loss 1.5420 (0.4113)	xded_loss 0.0351 (0.0218)	acc 75.0000 (96.2500)	lr 2.467198171342e-07
epoch [100/100][20/46]	time 0.088 (0.278)	data 0.010 (0.207)	eta 0:00:07	loss 0.1665 (0.3832)	xded_loss 0.0231 (0.0233)	acc 100.0000 (95.7812)	lr 2.467198171342e-07
epoch [100/100][30/46]	time 0.080 (0.275)	data 0.002 (0.207)	eta 0:00:04	loss 0.2179 (0.3178)	xded_loss 0.0255 (0.0226)	acc 100.0000 (97.1875)	lr 2.467198171342e-07
epoch [100/100][40/46]	time 0.063 (0.254)	data 0.000 (0.186)	eta 0:00:01	loss 1.0578 (0.3382)	xded_loss 0.0209 (0.0226)	acc 100.0000 (97.1875)	lr 2.467198171342e-07
Do evaluation on test set
=> result
* total: 3,904
* correct: 1,098
* accuracy: 28.12%
* error: 71.88%
Finished training
Do evaluation on test set
=> result
* total: 3,904
* correct: 1,098
* accuracy: 28.12%
* error: 71.88%
Elapsed: 1:01:44
